<?xml version="1.0" encoding="UTF-8"?>
<testsuite xmlns:xsi="http://www.w3.org/2001/XMLSchema-instance" xsi:noNamespaceSchemaLocation="https://maven.apache.org/surefire/maven-surefire-plugin/xsd/surefire-test-report-3.0.xsd" version="3.0" name="br.com.grupo99.billingservice.infrastructure.messaging.KafkaBillingEventPublisherTest" time="51.277" tests="4" errors="0" skipped="0" failures="0">
  <properties>
[...]
</properties>
  <testcase name="devePublicarOrcamentoPronto" classname="br.com.grupo99.billingservice.infrastructure.messaging.KafkaBillingEventPublisherTest" time="4.058">
    <system-out><![CDATA[{"timestamp":"2026-02-13T00:09:50.0994988-03:00","@version":"1","message":"Could not detect default configuration classes for test class [br.com.grupo99.billingservice.infrastructure.messaging.KafkaBillingEventPublisherTest]: KafkaBillingEventPublisherTest does not declare any static, non-private, non-final, nested classes annotated with @Configuration.","logger":"org.springframework.test.context.support.AnnotationConfigContextLoaderUtils","thread":"main","level":"INFO","level_value":20000}
{"timestamp":"2026-02-13T00:09:50.5076104-03:00","@version":"1","message":"Found @SpringBootConfiguration br.com.grupo99.billingservice.BillingServiceApplication for test class br.com.grupo99.billingservice.infrastructure.messaging.KafkaBillingEventPublisherTest","logger":"org.springframework.boot.test.context.SpringBootTestContextBootstrapper","thread":"main","level":"INFO","level_value":20000}

  .   ____          _            __ _ _
 /\\ / ___'_ __ _ _(_)_ __  __ _ \ \ \ \
( ( )\___ | '_ | '_| | '_ \/ _` | \ \ \ \
 \\/  ___)| |_)| | | | | || (_| |  ) ) ) )
  '  |____| .__|_| |_|_| |_\__, | / / / /
 =========|_|==============|___/=/_/_/_/

 :: Spring Boot ::               (v3.3.13)

{"timestamp":"2026-02-13T00:09:52.0668011-03:00","@version":"1","message":"Registered kafka:type=kafka.Log4jController MBean","logger":"kafka.utils.Log4jControllerRegistration$","thread":"main","level":"INFO","level_value":20000}
{"timestamp":"2026-02-13T00:09:52.107433-03:00","@version":"1","message":"","logger":"org.apache.zookeeper.server.ZooKeeperServer","thread":"main","level":"INFO","level_value":20000}
{"timestamp":"2026-02-13T00:09:52.107433-03:00","@version":"1","message":"  ______                  _                                          ","logger":"org.apache.zookeeper.server.ZooKeeperServer","thread":"main","level":"INFO","level_value":20000}
{"timestamp":"2026-02-13T00:09:52.107433-03:00","@version":"1","message":" |___  /                 | |                                         ","logger":"org.apache.zookeeper.server.ZooKeeperServer","thread":"main","level":"INFO","level_value":20000}
{"timestamp":"2026-02-13T00:09:52.107433-03:00","@version":"1","message":"    / /    ___     ___   | | __   ___    ___   _ __     ___   _ __   ","logger":"org.apache.zookeeper.server.ZooKeeperServer","thread":"main","level":"INFO","level_value":20000}
{"timestamp":"2026-02-13T00:09:52.107433-03:00","@version":"1","message":"   / /    / _ \\   / _ \\  | |/ /  / _ \\  / _ \\ | '_ \\   / _ \\ | '__|","logger":"org.apache.zookeeper.server.ZooKeeperServer","thread":"main","level":"INFO","level_value":20000}
{"timestamp":"2026-02-13T00:09:52.1084327-03:00","@version":"1","message":"  / /__  | (_) | | (_) | |   <  |  __/ |  __/ | |_) | |  __/ | |    ","logger":"org.apache.zookeeper.server.ZooKeeperServer","thread":"main","level":"INFO","level_value":20000}
{"timestamp":"2026-02-13T00:09:52.1084327-03:00","@version":"1","message":" /_____|  \\___/   \\___/  |_|\\_\\  \\___|  \\___| | .__/   \\___| |_|","logger":"org.apache.zookeeper.server.ZooKeeperServer","thread":"main","level":"INFO","level_value":20000}
{"timestamp":"2026-02-13T00:09:52.1084327-03:00","@version":"1","message":"                                              | |                     ","logger":"org.apache.zookeeper.server.ZooKeeperServer","thread":"main","level":"INFO","level_value":20000}
{"timestamp":"2026-02-13T00:09:52.1094329-03:00","@version":"1","message":"                                              |_|                     ","logger":"org.apache.zookeeper.server.ZooKeeperServer","thread":"main","level":"INFO","level_value":20000}
{"timestamp":"2026-02-13T00:09:52.1094329-03:00","@version":"1","message":"","logger":"org.apache.zookeeper.server.ZooKeeperServer","thread":"main","level":"INFO","level_value":20000}
{"timestamp":"2026-02-13T00:09:57.0761417-03:00","@version":"1","message":"Server environment:zookeeper.version=3.8.4-9316c2a7a97e1666d8f4593f34dd6fc36ecc436c, built on 2024-02-12 22:16 UTC","logger":"org.apache.zookeeper.server.ZooKeeperServer","thread":"main","level":"INFO","level_value":20000}
{"timestamp":"2026-02-13T00:09:57.0761417-03:00","@version":"1","message":"Server environment:host.name=DESKTOP-D5TPFI4","logger":"org.apache.zookeeper.server.ZooKeeperServer","thread":"main","level":"INFO","level_value":20000}
{"timestamp":"2026-02-13T00:09:57.0771424-03:00","@version":"1","message":"Server environment:java.version=21.0.9","logger":"org.apache.zookeeper.server.ZooKeeperServer","thread":"main","level":"INFO","level_value":20000}
{"timestamp":"2026-02-13T00:09:57.0771424-03:00","@version":"1","message":"Server environment:java.vendor=Oracle Corporation","logger":"org.apache.zookeeper.server.ZooKeeperServer","thread":"main","level":"INFO","level_value":20000}
{"timestamp":"2026-02-13T00:09:57.0771424-03:00","@version":"1","message":"Server environment:java.home=C:\\Program Files\\Java\\jdk-21","logger":"org.apache.zookeeper.server.ZooKeeperServer","thread":"main","level":"INFO","level_value":20000}
{"timestamp":"2026-02-13T00:09:57.0771424-03:00","@version":"1","message":"Server environment:java.class.path=C:\\Users\\Meu Computador\\OneDrive\\Área de Trabalho\\FIAP\\projeto\\fase_quatro\\oficina-billing-service\\target\\test-classes;C:\\Users\\Meu Computador\\OneDrive\\Área de Trabalho\\FIAP\\projeto\\fase_quatro\\oficina-billing-service\\target\\classes;C:\\Users\\Meu Computador\\.m2\\repository\\org\\springframework\\boot\\spring-boot-starter-web\\3.3.13\\spring-boot-starter-web-3.3.13.jar;C:\\Users\\Meu Computador\\.m2\\repository\\org\\springframework\\boot\\spring-boot-starter\\3.3.13\\spring-boot-starter-3.3.13.jar;C:\\Users\\Meu Computador\\.m2\\repository\\org\\springframework\\boot\\spring-boot\\3.3.13\\spring-boot-3.3.13.jar;C:\\Users\\Meu Computador\\.m2\\repository\\org\\springframework\\boot\\spring-boot-autoconfigure\\3.3.13\\spring-boot-autoconfigure-3.3.13.jar;C:\\Users\\Meu Computador\\.m2\\repository\\org\\springframework\\boot\\spring-boot-starter-logging\\3.3.13\\spring-boot-starter-logging-3.3.13.jar;C:\\Users\\Meu Computador\\.m2\\repository\\org\\apache\\logging\\log4j\\log4j-to-slf4j\\2.23.1\\log4j-to-slf4j-2.23.1.jar;C:\\Users\\Meu Computador\\.m2\\repository\\org\\apache\\logging\\log4j\\log4j-api\\2.23.1\\log4j-api-2.23.1.jar;C:\\Users\\Meu Computador\\.m2\\repository\\org\\slf4j\\jul-to-slf4j\\2.0.17\\jul-to-slf4j-2.0.17.jar;C:\\Users\\Meu Computador\\.m2\\repository\\jakarta\\annotation\\jakarta.annotation-api\\2.1.1\\jakarta.annotation-api-2.1.1.jar;C:\\Users\\Meu Computador\\.m2\\repository\\org\\yaml\\snakeyaml\\2.2\\snakeyaml-2.2.jar;C:\\Users\\Meu Computador\\.m2\\repository\\org\\springframework\\boot\\spring-boot-starter-json\\3.3.13\\spring-boot-starter-json-3.3.13.jar;C:\\Users\\Meu Computador\\.m2\\repository\\com\\fasterxml\\jackson\\datatype\\jackson-datatype-jdk8\\2.17.3\\jackson-datatype-jdk8-2.17.3.jar;C:\\Users\\Meu Computador\\.m2\\repository\\com\\fasterxml\\jackson\\datatype\\jackson-datatype-jsr310\\2.17.3\\jackson-datatype-jsr310-2.17.3.jar;C:\\Users\\Meu Computador\\.m2\\repository\\com\\fasterxml\\jackson\\module\\jackson-module-parameter-names\\2.17.3\\jackson-module-parameter-names-2.17.3.jar;C:\\Users\\Meu Computador\\.m2\\repository\\org\\springframework\\boot\\spring-boot-starter-tomcat\\3.3.13\\spring-boot-starter-tomcat-3.3.13.jar;C:\\Users\\Meu Computador\\.m2\\repository\\org\\apache\\tomcat\\embed\\tomcat-embed-core\\10.1.42\\tomcat-embed-core-10.1.42.jar;C:\\Users\\Meu Computador\\.m2\\repository\\org\\apache\\tomcat\\embed\\tomcat-embed-websocket\\10.1.42\\tomcat-embed-websocket-10.1.42.jar;C:\\Users\\Meu Computador\\.m2\\repository\\org\\springframework\\spring-web\\6.1.21\\spring-web-6.1.21.jar;C:\\Users\\Meu Computador\\.m2\\repository\\org\\springframework\\spring-beans\\6.1.21\\spring-beans-6.1.21.jar;C:\\Users\\Meu Computador\\.m2\\repository\\org\\springframework\\spring-webmvc\\6.1.21\\spring-webmvc-6.1.21.jar;C:\\Users\\Meu Computador\\.m2\\repository\\org\\springframework\\spring-expression\\6.1.21\\spring-expression-6.1.21.jar;C:\\Users\\Meu Computador\\.m2\\repository\\software\\amazon\\awssdk\\dynamodb-enhanced\\2.20.26\\dynamodb-enhanced-2.20.26.jar;C:\\Users\\Meu Computador\\.m2\\repository\\software\\amazon\\awssdk\\aws-core\\2.20.26\\aws-core-2.20.26.jar;C:\\Users\\Meu Computador\\.m2\\repository\\software\\amazon\\eventstream\\eventstream\\1.0.1\\eventstream-1.0.1.jar;C:\\Users\\Meu Computador\\.m2\\repository\\software\\amazon\\awssdk\\http-client-spi\\2.20.26\\http-client-spi-2.20.26.jar;C:\\Users\\Meu Computador\\.m2\\repository\\org\\reactivestreams\\reactive-streams\\1.0.4\\reactive-streams-1.0.4.jar;C:\\Users\\Meu Computador\\.m2\\repository\\software\\amazon\\awssdk\\sdk-core\\2.20.26\\sdk-core-2.20.26.jar;C:\\Users\\Meu Computador\\.m2\\repository\\software\\amazon\\awssdk\\auth\\2.20.26\\auth-2.20.26.jar;C:\\Users\\Meu Computador\\.m2\\repository\\software\\amazon\\awssdk\\regions\\2.20.26\\regions-2.20.26.jar;C:\\Users\\Meu Computador\\.m2\\repository\\software\\amazon\\awssdk\\annotations\\2.20.26\\annotations-2.20.26.jar;C:\\Users\\Meu Computador\\.m2\\repository\\software\\amazon\\awssdk\\utils\\2.20.26\\utils-2.20.26.jar;C:\\Users\\Meu Computador\\.m2\\repository\\software\\amazon\\awssdk\\dynamodb\\2.20.26\\dynamodb-2.20.26.jar;C:\\Users\\Meu Computador\\.m2\\repository\\software\\amazon\\awssdk\\aws-json-protocol\\2.20.26\\aws-json-protocol-2.20.26.jar;C:\\Users\\Meu Computador\\.m2\\repository\\software\\amazon\\awssdk\\third-party-jackson-core\\2.20.26\\third-party-jackson-core-2.20.26.jar;C:\\Users\\Meu Computador\\.m2\\repository\\software\\amazon\\awssdk\\protocol-core\\2.20.26\\protocol-core-2.20.26.jar;C:\\Users\\Meu Computador\\.m2\\repository\\software\\amazon\\awssdk\\profiles\\2.20.26\\profiles-2.20.26.jar;C:\\Users\\Meu Computador\\.m2\\repository\\software\\amazon\\awssdk\\metrics-spi\\2.20.26\\metrics-spi-2.20.26.jar;C:\\Users\\Meu Computador\\.m2\\repository\\software\\amazon\\awssdk\\json-utils\\2.20.26\\json-utils-2.20.26.jar;C:\\Users\\Meu Computador\\.m2\\repository\\software\\amazon\\awssdk\\endpoints-spi\\2.20.26\\endpoints-spi-2.20.26.jar;C:\\Users\\Meu Computador\\.m2\\repository\\software\\amazon\\awssdk\\apache-client\\2.20.26\\apache-client-2.20.26.jar;C:\\Users\\Meu Computador\\.m2\\repository\\org\\apache\\httpcomponents\\httpcore\\4.4.16\\httpcore-4.4.16.jar;C:\\Users\\Meu Computador\\.m2\\repository\\commons-codec\\commons-codec\\1.16.1\\commons-codec-1.16.1.jar;C:\\Users\\Meu Computador\\.m2\\repository\\software\\amazon\\awssdk\\netty-nio-client\\2.20.26\\netty-nio-client-2.20.26.jar;C:\\Users\\Meu Computador\\.m2\\repository\\io\\netty\\netty-codec-http\\4.1.122.Final\\netty-codec-http-4.1.122.Final.jar;C:\\Users\\Meu Computador\\.m2\\repository\\io\\netty\\netty-codec-http2\\4.1.122.Final\\netty-codec-http2-4.1.122.Final.jar;C:\\Users\\Meu Computador\\.m2\\repository\\io\\netty\\netty-codec\\4.1.122.Final\\netty-codec-4.1.122.Final.jar;C:\\Users\\Meu Computador\\.m2\\repository\\io\\netty\\netty-transport\\4.1.122.Final\\netty-transport-4.1.122.Final.jar;C:\\Users\\Meu Computador\\.m2\\repository\\io\\netty\\netty-resolver\\4.1.122.Final\\netty-resolver-4.1.122.Final.jar;C:\\Users\\Meu Computador\\.m2\\repository\\io\\netty\\netty-common\\4.1.122.Final\\netty-common-4.1.122.Final.jar;C:\\Users\\Meu Computador\\.m2\\repository\\io\\netty\\netty-buffer\\4.1.122.Final\\netty-buffer-4.1.122.Final.jar;C:\\Users\\Meu Computador\\.m2\\repository\\io\\netty\\netty-handler\\4.1.122.Final\\netty-handler-4.1.122.Final.jar;C:\\Users\\Meu Computador\\.m2\\repository\\io\\netty\\netty-transport-native-unix-common\\4.1.122.Final\\netty-transport-native-unix-common-4.1.122.Final.jar;C:\\Users\\Meu Computador\\.m2\\repository\\io\\netty\\netty-transport-classes-epoll\\4.1.122.Final\\netty-transport-classes-epoll-4.1.122.Final.jar;C:\\Users\\Meu Computador\\.m2\\repository\\org\\springframework\\boot\\spring-boot-starter-validation\\3.3.13\\spring-boot-starter-validation-3.3.13.jar;C:\\Users\\Meu Computador\\.m2\\repository\\org\\apache\\tomcat\\embed\\tomcat-embed-el\\10.1.42\\tomcat-embed-el-10.1.42.jar;C:\\Users\\Meu Computador\\.m2\\repository\\org\\hibernate\\validator\\hibernate-validator\\8.0.2.Final\\hibernate-validator-8.0.2.Final.jar;C:\\Users\\Meu Computador\\.m2\\repository\\jakarta\\validation\\jakarta.validation-api\\3.0.2\\jakarta.validation-api-3.0.2.jar;C:\\Users\\Meu Computador\\.m2\\repository\\org\\jboss\\logging\\jboss-logging\\3.5.3.Final\\jboss-logging-3.5.3.Final.jar;C:\\Users\\Meu Computador\\.m2\\repository\\com\\fasterxml\\classmate\\1.7.0\\classmate-1.7.0.jar;C:\\Users\\Meu Computador\\.m2\\repository\\org\\springframework\\boot\\spring-boot-starter-actuator\\3.3.13\\spring-boot-starter-actuator-3.3.13.jar;C:\\Users\\Meu Computador\\.m2\\repository\\org\\springframework\\boot\\spring-boot-actuator-autoconfigure\\3.3.13\\spring-boot-actuator-autoconfigure-3.3.13.jar;C:\\Users\\Meu Computador\\.m2\\repository\\org\\springframework\\boot\\spring-boot-actuator\\3.3.13\\spring-boot-actuator-3.3.13.jar;C:\\Users\\Meu Computador\\.m2\\repository\\io\\micrometer\\micrometer-observation\\1.13.15\\micrometer-observation-1.13.15.jar;C:\\Users\\Meu Computador\\.m2\\repository\\io\\micrometer\\micrometer-commons\\1.13.15\\micrometer-commons-1.13.15.jar;C:\\Users\\Meu Computador\\.m2\\repository\\io\\micrometer\\micrometer-jakarta9\\1.13.15\\micrometer-jakarta9-1.13.15.jar;C:\\Users\\Meu Computador\\.m2\\repository\\software\\amazon\\awssdk\\sqs\\2.20.26\\sqs-2.20.26.jar;C:\\Users\\Meu Computador\\.m2\\repository\\software\\amazon\\awssdk\\aws-query-protocol\\2.20.26\\aws-query-protocol-2.20.26.jar;C:\\Users\\Meu Computador\\.m2\\repository\\io\\awspring\\cloud\\spring-cloud-aws-starter-sqs\\3.1.1\\spring-cloud-aws-starter-sqs-3.1.1.jar;C:\\Users\\Meu Computador\\.m2\\repository\\io\\awspring\\cloud\\spring-cloud-aws-starter\\3.1.1\\spring-cloud-aws-starter-3.1.1.jar;C:\\Users\\Meu Computador\\.m2\\repository\\io\\awspring\\cloud\\spring-cloud-aws-autoconfigure\\3.1.1\\spring-cloud-aws-autoconfigure-3.1.1.jar;C:\\Users\\Meu Computador\\.m2\\repository\\io\\awspring\\cloud\\spring-cloud-aws-core\\3.1.1\\spring-cloud-aws-core-3.1.1.jar;C:\\Users\\Meu Computador\\.m2\\repository\\io\\awspring\\cloud\\spring-cloud-aws-sqs\\3.1.1\\spring-cloud-aws-sqs-3.1.1.jar;C:\\Users\\Meu Computador\\.m2\\repository\\software\\amazon\\awssdk\\arns\\2.21.46\\arns-2.21.46.jar;C:\\Users\\Meu Computador\\.m2\\repository\\org\\slf4j\\slf4j-api\\2.0.17\\slf4j-api-2.0.17.jar;C:\\Users\\Meu Computador\\.m2\\repository\\org\\springframework\\kafka\\spring-kafka\\3.2.10\\spring-kafka-3.2.10.jar;C:\\Users\\Meu Computador\\.m2\\repository\\org\\springframework\\spring-context\\6.1.21\\spring-context-6.1.21.jar;C:\\Users\\Meu Computador\\.m2\\repository\\org\\springframework\\spring-messaging\\6.1.21\\spring-messaging-6.1.21.jar;C:\\Users\\Meu Computador\\.m2\\repository\\org\\springframework\\spring-tx\\6.1.21\\spring-tx-6.1.21.jar;C:\\Users\\Meu Computador\\.m2\\repository\\org\\springframework\\retry\\spring-retry\\2.0.12\\spring-retry-2.0.12.jar;C:\\Users\\Meu Computador\\.m2\\repository\\org\\apache\\kafka\\kafka-clients\\3.7.2\\kafka-clients-3.7.2.jar;C:\\Users\\Meu Computador\\.m2\\repository\\com\\github\\luben\\zstd-jni\\1.5.6-4\\zstd-jni-1.5.6-4.jar;C:\\Users\\Meu Computador\\.m2\\repository\\org\\lz4\\lz4-java\\1.8.0\\lz4-java-1.8.0.jar;C:\\Users\\Meu Computador\\.m2\\repository\\org\\xerial\\snappy\\snappy-java\\1.1.10.5\\snappy-java-1.1.10.5.jar;C:\\Users\\Meu Computador\\.m2\\repository\\io\\github\\resilience4j\\resilience4j-spring-boot3\\2.2.0\\resilience4j-spring-boot3-2.2.0.jar;C:\\Users\\Meu Computador\\.m2\\repository\\io\\github\\resilience4j\\resilience4j-spring6\\2.2.0\\resilience4j-spring6-2.2.0.jar;C:\\Users\\Meu Computador\\.m2\\repository\\io\\github\\resilience4j\\resilience4j-annotations\\2.2.0\\resilience4j-annotations-2.2.0.jar;C:\\Users\\Meu Computador\\.m2\\repository\\io\\github\\resilience4j\\resilience4j-consumer\\2.2.0\\resilience4j-consumer-2.2.0.jar;C:\\Users\\Meu Computador\\.m2\\repository\\io\\github\\resilience4j\\resilience4j-core\\2.2.0\\resilience4j-core-2.2.0.jar;C:\\Users\\Meu Computador\\.m2\\repository\\io\\github\\resilience4j\\resilience4j-circularbuffer\\2.2.0\\resilience4j-circularbuffer-2.2.0.jar;C:\\Users\\Meu Computador\\.m2\\repository\\io\\github\\resilience4j\\resilience4j-framework-common\\2.2.0\\resilience4j-framework-common-2.2.0.jar;C:\\Users\\Meu Computador\\.m2\\repository\\io\\github\\resilience4j\\resilience4j-micrometer\\2.2.0\\resilience4j-micrometer-2.2.0.jar;C:\\Users\\Meu Computador\\.m2\\repository\\io\\github\\resilience4j\\resilience4j-bulkhead\\2.2.0\\resilience4j-bulkhead-2.2.0.jar;C:\\Users\\Meu Computador\\.m2\\repository\\io\\github\\resilience4j\\resilience4j-circuitbreaker\\2.2.0\\resilience4j-circuitbreaker-2.2.0.jar;C:\\Users\\Meu Computador\\.m2\\repository\\io\\github\\resilience4j\\resilience4j-retry\\2.2.0\\resilience4j-retry-2.2.0.jar;C:\\Users\\Meu Computador\\.m2\\repository\\io\\github\\resilience4j\\resilience4j-ratelimiter\\2.2.0\\resilience4j-ratelimiter-2.2.0.jar;C:\\Users\\Meu Computador\\.m2\\repository\\io\\github\\resilience4j\\resilience4j-timelimiter\\2.2.0\\resilience4j-timelimiter-2.2.0.jar;C:\\Users\\Meu Computador\\.m2\\repository\\org\\springframework\\boot\\spring-boot-starter-aop\\3.3.13\\spring-boot-starter-aop-3.3.13.jar;C:\\Users\\Meu Computador\\.m2\\repository\\org\\springframework\\spring-aop\\6.1.21\\spring-aop-6.1.21.jar;C:\\Users\\Meu Computador\\.m2\\repository\\org\\springdoc\\springdoc-openapi-starter-webmvc-ui\\2.3.0\\springdoc-openapi-starter-webmvc-ui-2.3.0.jar;C:\\Users\\Meu Computador\\.m2\\repository\\org\\springdoc\\springdoc-openapi-starter-webmvc-api\\2.3.0\\springdoc-openapi-starter-webmvc-api-2.3.0.jar;C:\\Users\\Meu Computador\\.m2\\repository\\org\\springdoc\\springdoc-openapi-starter-common\\2.3.0\\springdoc-openapi-starter-common-2.3.0.jar;C:\\Users\\Meu Computador\\.m2\\repository\\io\\swagger\\core\\v3\\swagger-core-jakarta\\2.2.19\\swagger-core-jakarta-2.2.19.jar;C:\\Users\\Meu Computador\\.m2\\repository\\io\\swagger\\core\\v3\\swagger-annotations-jakarta\\2.2.19\\swagger-annotations-jakarta-2.2.19.jar;C:\\Users\\Meu Computador\\.m2\\repository\\io\\swagger\\core\\v3\\swagger-models-jakarta\\2.2.19\\swagger-models-jakarta-2.2.19.jar;C:\\Users\\Meu Computador\\.m2\\repository\\com\\fasterxml\\jackson\\dataformat\\jackson-dataformat-yaml\\2.17.3\\jackson-dataformat-yaml-2.17.3.jar;C:\\Users\\Meu Computador\\.m2\\repository\\org\\webjars\\swagger-ui\\5.10.3\\swagger-ui-5.10.3.jar;C:\\Users\\Meu Computador\\.m2\\repository\\org\\projectlombok\\lombok\\1.18.38\\lombok-1.18.38.jar;C:\\Users\\Meu Computador\\.m2\\repository\\com\\newrelic\\agent\\java\\newrelic-api\\8.8.0\\newrelic-api-8.8.0.jar;C:\\Users\\Meu Computador\\.m2\\repository\\io\\micrometer\\micrometer-registry-prometheus\\1.13.15\\micrometer-registry-prometheus-1.13.15.jar;C:\\Users\\Meu Computador\\.m2\\repository\\io\\micrometer\\micrometer-core\\1.13.15\\micrometer-core-1.13.15.jar;C:\\Users\\Meu Computador\\.m2\\repository\\org\\hdrhistogram\\HdrHistogram\\2.2.2\\HdrHistogram-2.2.2.jar;C:\\Users\\Meu Computador\\.m2\\repository\\org\\latencyutils\\LatencyUtils\\2.0.3\\LatencyUtils-2.0.3.jar;C:\\Users\\Meu Computador\\.m2\\repository\\io\\prometheus\\prometheus-metrics-core\\1.2.1\\prometheus-metrics-core-1.2.1.jar;C:\\Users\\Meu Computador\\.m2\\repository\\io\\prometheus\\prometheus-metrics-model\\1.2.1\\prometheus-metrics-model-1.2.1.jar;C:\\Users\\Meu Computador\\.m2\\repository\\io\\prometheus\\prometheus-metrics-config\\1.2.1\\prometheus-metrics-config-1.2.1.jar;C:\\Users\\Meu Computador\\.m2\\repository\\io\\prometheus\\prometheus-metrics-tracer-common\\1.2.1\\prometheus-metrics-tracer-common-1.2.1.jar;C:\\Users\\Meu Computador\\.m2\\repository\\io\\prometheus\\prometheus-metrics-exposition-formats\\1.2.1\\prometheus-metrics-exposition-formats-1.2.1.jar;C:\\Users\\Meu Computador\\.m2\\repository\\io\\prometheus\\prometheus-metrics-shaded-protobuf\\1.2.1\\prometheus-metrics-shaded-protobuf-1.2.1.jar;C:\\Users\\Meu Computador\\.m2\\repository\\net\\logstash\\logback\\logstash-logback-encoder\\7.4\\logstash-logback-encoder-7.4.jar;C:\\Users\\Meu Computador\\.m2\\repository\\com\\fasterxml\\jackson\\core\\jackson-databind\\2.17.3\\jackson-databind-2.17.3.jar;C:\\Users\\Meu Computador\\.m2\\repository\\com\\fasterxml\\jackson\\core\\jackson-annotations\\2.17.3\\jackson-annotations-2.17.3.jar;C:\\Users\\Meu Computador\\.m2\\repository\\com\\fasterxml\\jackson\\core\\jackson-core\\2.17.3\\jackson-core-2.17.3.jar;C:\\Users\\Meu Computador\\.m2\\repository\\org\\mapstruct\\mapstruct\\1.5.5.Final\\mapstruct-1.5.5.Final.jar;C:\\Users\\Meu Computador\\.m2\\repository\\io\\jsonwebtoken\\jjwt-api\\0.11.5\\jjwt-api-0.11.5.jar;C:\\Users\\Meu Computador\\.m2\\repository\\io\\jsonwebtoken\\jjwt-impl\\0.11.5\\jjwt-impl-0.11.5.jar;C:\\Users\\Meu Computador\\.m2\\repository\\io\\jsonwebtoken\\jjwt-jackson\\0.11.5\\jjwt-jackson-0.11.5.jar;C:\\Users\\Meu Computador\\.m2\\repository\\org\\springframework\\boot\\spring-boot-starter-security\\3.3.13\\spring-boot-starter-security-3.3.13.jar;C:\\Users\\Meu Computador\\.m2\\repository\\org\\springframework\\security\\spring-security-config\\6.3.10\\spring-security-config-6.3.10.jar;C:\\Users\\Meu Computador\\.m2\\repository\\org\\springframework\\security\\spring-security-core\\6.3.10\\spring-security-core-6.3.10.jar;C:\\Users\\Meu Computador\\.m2\\repository\\org\\springframework\\security\\spring-security-crypto\\6.3.10\\spring-security-crypto-6.3.10.jar;C:\\Users\\Meu Computador\\.m2\\repository\\org\\springframework\\security\\spring-security-web\\6.3.10\\spring-security-web-6.3.10.jar;C:\\Users\\Meu Computador\\.m2\\repository\\org\\aspectj\\aspectjrt\\1.9.24\\aspectjrt-1.9.24.jar;C:\\Users\\Meu Computador\\.m2\\repository\\org\\aspectj\\aspectjweaver\\1.9.24\\aspectjweaver-1.9.24.jar;C:\\Users\\Meu Computador\\.m2\\repository\\org\\springframework\\boot\\spring-boot-starter-test\\3.3.13\\spring-boot-starter-test-3.3.13.jar;C:\\Users\\Meu Computador\\.m2\\repository\\org\\springframework\\boot\\spring-boot-test\\3.3.13\\spring-boot-test-3.3.13.jar;C:\\Users\\Meu Computador\\.m2\\repository\\org\\springframework\\boot\\spring-boot-test-autoconfigure\\3.3.13\\spring-boot-test-autoconfigure-3.3.13.jar;C:\\Users\\Meu Computador\\.m2\\repository\\com\\jayway\\jsonpath\\json-path\\2.9.0\\json-path-2.9.0.jar;C:\\Users\\Meu Computador\\.m2\\repository\\jakarta\\xml\\bind\\jakarta.xml.bind-api\\4.0.2\\jakarta.xml.bind-api-4.0.2.jar;C:\\Users\\Meu Computador\\.m2\\repository\\jakarta\\activation\\jakarta.activation-api\\2.1.3\\jakarta.activation-api-2.1.3.jar;C:\\Users\\Meu Computador\\.m2\\repository\\net\\minidev\\json-smart\\2.5.2\\json-smart-2.5.2.jar;C:\\Users\\Meu Computador\\.m2\\repository\\net\\minidev\\accessors-smart\\2.5.2\\accessors-smart-2.5.2.jar;C:\\Users\\Meu Computador\\.m2\\repository\\org\\ow2\\asm\\asm\\9.7.1\\asm-9.7.1.jar;C:\\Users\\Meu Computador\\.m2\\repository\\org\\hamcrest\\hamcrest\\2.2\\hamcrest-2.2.jar;C:\\Users\\Meu Computador\\.m2\\repository\\org\\junit\\jupiter\\junit-jupiter\\5.10.5\\junit-jupiter-5.10.5.jar;C:\\Users\\Meu Computador\\.m2\\repository\\org\\junit\\jupiter\\junit-jupiter-params\\5.10.5\\junit-jupiter-params-5.10.5.jar;C:\\Users\\Meu Computador\\.m2\\repository\\org\\junit\\jupiter\\junit-jupiter-engine\\5.10.5\\junit-jupiter-engine-5.10.5.jar;C:\\Users\\Meu Computador\\.m2\\repository\\org\\mockito\\mockito-core\\5.11.0\\mockito-core-5.11.0.jar;C:\\Users\\Meu Computador\\.m2\\repository\\net\\bytebuddy\\byte-buddy-agent\\1.14.19\\byte-buddy-agent-1.14.19.jar;C:\\Users\\Meu Computador\\.m2\\repository\\org\\objenesis\\objenesis\\3.3\\objenesis-3.3.jar;C:\\Users\\Meu Computador\\.m2\\repository\\org\\mockito\\mockito-junit-jupiter\\5.11.0\\mockito-junit-jupiter-5.11.0.jar;C:\\Users\\Meu Computador\\.m2\\repository\\org\\skyscreamer\\jsonassert\\1.5.3\\jsonassert-1.5.3.jar;C:\\Users\\Meu Computador\\.m2\\repository\\com\\vaadin\\external\\google\\android-json\\0.0.20131108.vaadin1\\android-json-0.0.20131108.vaadin1.jar;C:\\Users\\Meu Computador\\.m2\\repository\\org\\springframework\\spring-core\\6.1.21\\spring-core-6.1.21.jar;C:\\Users\\Meu Computador\\.m2\\repository\\org\\springframework\\spring-jcl\\6.1.21\\spring-jcl-6.1.21.jar;C:\\Users\\Meu Computador\\.m2\\repository\\org\\springframework\\spring-test\\6.1.21\\spring-test-6.1.21.jar;C:\\Users\\Meu Computador\\.m2\\repository\\org\\xmlunit\\xmlunit-core\\2.9.1\\xmlunit-core-2.9.1.jar;C:\\Users\\Meu Computador\\.m2\\repository\\org\\testcontainers\\testcontainers\\1.19.3\\testcontainers-1.19.3.jar;C:\\Users\\Meu Computador\\.m2\\repository\\junit\\junit\\4.13.2\\junit-4.13.2.jar;C:\\Users\\Meu Computador\\.m2\\repository\\org\\hamcrest\\hamcrest-core\\2.2\\hamcrest-core-2.2.jar;C:\\Users\\Meu Computador\\.m2\\repository\\org\\apache\\commons\\commons-compress\\1.24.0\\commons-compress-1.24.0.jar;C:\\Users\\Meu Computador\\.m2\\repository\\org\\rnorth\\duct-tape\\duct-tape\\1.0.8\\duct-tape-1.0.8.jar;C:\\Users\\Meu Computador\\.m2\\repository\\org\\jetbrains\\annotations\\17.0.0\\annotations-17.0.0.jar;C:\\Users\\Meu Computador\\.m2\\repository\\com\\github\\docker-java\\docker-java-api\\3.3.4\\docker-java-api-3.3.4.jar;C:\\Users\\Meu Computador\\.m2\\repository\\com\\github\\docker-java\\docker-java-transport-zerodep\\3.3.4\\docker-java-transport-zerodep-3.3.4.jar;C:\\Users\\Meu Computador\\.m2\\repository\\com\\github\\docker-java\\docker-java-transport\\3.3.4\\docker-java-transport-3.3.4.jar;C:\\Users\\Meu Computador\\.m2\\repository\\net\\java\\dev\\jna\\jna\\5.13.0\\jna-5.13.0.jar;C:\\Users\\Meu Computador\\.m2\\repository\\org\\testcontainers\\junit-jupiter\\1.19.3\\junit-jupiter-1.19.3.jar;C:\\Users\\Meu Computador\\.m2\\repository\\io\\rest-assured\\rest-assured\\5.4.0\\rest-assured-5.4.0.jar;C:\\Users\\Meu Computador\\.m2\\repository\\org\\apache\\groovy\\groovy\\4.0.27\\groovy-4.0.27.jar;C:\\Users\\Meu Computador\\.m2\\repository\\org\\apache\\groovy\\groovy-xml\\4.0.27\\groovy-xml-4.0.27.jar;C:\\Users\\Meu Computador\\.m2\\repository\\org\\apache\\httpcomponents\\httpclient\\4.5.13\\httpclient-4.5.13.jar;C:\\Users\\Meu Computador\\.m2\\repository\\commons-logging\\commons-logging\\1.2\\commons-logging-1.2.jar;C:\\Users\\Meu Computador\\.m2\\repository\\org\\apache\\httpcomponents\\httpmime\\4.5.13\\httpmime-4.5.13.jar;C:\\Users\\Meu Computador\\.m2\\repository\\org\\ccil\\cowan\\tagsoup\\tagsoup\\1.2.1\\tagsoup-1.2.1.jar;C:\\Users\\Meu Computador\\.m2\\repository\\io\\rest-assured\\json-path\\5.4.0\\json-path-5.4.0.jar;C:\\Users\\Meu Computador\\.m2\\repository\\org\\apache\\groovy\\groovy-json\\4.0.27\\groovy-json-4.0.27.jar;C:\\Users\\Meu Computador\\.m2\\repository\\io\\rest-assured\\rest-assured-common\\5.4.0\\rest-assured-common-5.4.0.jar;C:\\Users\\Meu Computador\\.m2\\repository\\io\\rest-assured\\xml-path\\5.4.0\\xml-path-5.4.0.jar;C:\\Users\\Meu Computador\\.m2\\repository\\org\\apache\\commons\\commons-lang3\\3.14.0\\commons-lang3-3.14.0.jar;C:\\Users\\Meu Computador\\.m2\\repository\\org\\springframework\\kafka\\spring-kafka-test\\3.2.10\\spring-kafka-test-3.2.10.jar;C:\\Users\\Meu Computador\\.m2\\repository\\org\\apache\\zookeeper\\zookeeper\\3.8.4\\zookeeper-3.8.4.jar;C:\\Users\\Meu Computador\\.m2\\repository\\org\\apache\\zookeeper\\zookeeper-jute\\3.8.4\\zookeeper-jute-3.8.4.jar;C:\\Users\\Meu Computador\\.m2\\repository\\org\\apache\\yetus\\audience-annotations\\0.12.0\\audience-annotations-0.12.0.jar;C:\\Users\\Meu Computador\\.m2\\repository\\io\\netty\\netty-transport-native-epoll\\4.1.122.Final\\netty-transport-native-epoll-4.1.122.Final.jar;C:\\Users\\Meu Computador\\.m2\\repository\\ch\\qos\\logback\\logback-core\\1.5.18\\logback-core-1.5.18.jar;C:\\Users\\Meu Computador\\.m2\\repository\\ch\\qos\\logback\\logback-classic\\1.5.18\\logback-classic-1.5.18.jar;C:\\Users\\Meu Computador\\.m2\\repository\\commons-io\\commons-io\\2.11.0\\commons-io-2.11.0.jar;C:\\Users\\Meu Computador\\.m2\\repository\\org\\apache\\kafka\\kafka-clients\\3.7.2\\kafka-clients-3.7.2-test.jar;C:\\Users\\Meu Computador\\.m2\\repository\\org\\apache\\kafka\\kafka-metadata\\3.7.2\\kafka-metadata-3.7.2.jar;C:\\Users\\Meu Computador\\.m2\\repository\\org\\apache\\kafka\\kafka-raft\\3.7.2\\kafka-raft-3.7.2.jar;C:\\Users\\Meu Computador\\.m2\\repository\\com\\yammer\\metrics\\metrics-core\\2.2.0\\metrics-core-2.2.0.jar;C:\\Users\\Meu Computador\\.m2\\repository\\org\\apache\\kafka\\kafka-server-common\\3.7.2\\kafka-server-common-3.7.2.jar;C:\\Users\\Meu Computador\\.m2\\repository\\net\\sf\\jopt-simple\\jopt-simple\\5.0.4\\jopt-simple-5.0.4.jar;C:\\Users\\Meu Computador\\.m2\\repository\\org\\pcollections\\pcollections\\4.0.1\\pcollections-4.0.1.jar;C:\\Users\\Meu Computador\\.m2\\repository\\org\\apache\\kafka\\kafka-server-common\\3.7.2\\kafka-server-common-3.7.2-test.jar;C:\\Users\\Meu Computador\\.m2\\repository\\org\\apache\\kafka\\kafka-streams-test-utils\\3.7.2\\kafka-streams-test-utils-3.7.2.jar;C:\\Users\\Meu Computador\\.m2\\repository\\org\\apache\\kafka\\kafka-streams\\3.7.2\\kafka-streams-3.7.2.jar;C:\\Users\\Meu Computador\\.m2\\repository\\org\\rocksdb\\rocksdbjni\\7.9.2\\rocksdbjni-7.9.2.jar;C:\\Users\\Meu Computador\\.m2\\repository\\org\\apache\\kafka\\kafka_2.13\\3.7.2\\kafka_2.13-3.7.2.jar;C:\\Users\\Meu Computador\\.m2\\repository\\org\\scala-lang\\scala-library\\2.13.12\\scala-library-2.13.12.jar;C:\\Users\\Meu Computador\\.m2\\repository\\org\\apache\\kafka\\kafka-group-coordinator\\3.7.2\\kafka-group-coordinator-3.7.2.jar;C:\\Users\\Meu Computador\\.m2\\repository\\org\\apache\\kafka\\kafka-storage-api\\3.7.2\\kafka-storage-api-3.7.2.jar;C:\\Users\\Meu Computador\\.m2\\repository\\org\\apache\\kafka\\kafka-tools-api\\3.7.2\\kafka-tools-api-3.7.2.jar;C:\\Users\\Meu Computador\\.m2\\repository\\org\\apache\\kafka\\kafka-storage\\3.7.2\\kafka-storage-3.7.2.jar;C:\\Users\\Meu Computador\\.m2\\repository\\com\\github\\ben-manes\\caffeine\\caffeine\\3.1.8\\caffeine-3.1.8.jar;C:\\Users\\Meu Computador\\.m2\\repository\\org\\checkerframework\\checker-qual\\3.37.0\\checker-qual-3.37.0.jar;C:\\Users\\Meu Computador\\.m2\\repository\\com\\google\\errorprone\\error_prone_annotations\\2.21.1\\error_prone_annotations-2.21.1.jar;C:\\Users\\Meu Computador\\.m2\\repository\\org\\apache\\kafka\\kafka-server\\3.7.2\\kafka-server-3.7.2.jar;C:\\Users\\Meu Computador\\.m2\\repository\\net\\sourceforge\\argparse4j\\argparse4j\\0.7.0\\argparse4j-0.7.0.jar;C:\\Users\\Meu Computador\\.m2\\repository\\commons-validator\\commons-validator\\1.7\\commons-validator-1.7.jar;C:\\Users\\Meu Computador\\.m2\\repository\\commons-beanutils\\commons-beanutils\\1.9.4\\commons-beanutils-1.9.4.jar;C:\\Users\\Meu Computador\\.m2\\repository\\commons-digester\\commons-digester\\2.1\\commons-digester-2.1.jar;C:\\Users\\Meu Computador\\.m2\\repository\\commons-collections\\commons-collections\\3.2.2\\commons-collections-3.2.2.jar;C:\\Users\\Meu Computador\\.m2\\repository\\com\\fasterxml\\jackson\\module\\jackson-module-scala_2.13\\2.17.3\\jackson-module-scala_2.13-2.17.3.jar;C:\\Users\\Meu Computador\\.m2\\repository\\com\\thoughtworks\\paranamer\\paranamer\\2.8\\paranamer-2.8.jar;C:\\Users\\Meu Computador\\.m2\\repository\\com\\fasterxml\\jackson\\dataformat\\jackson-dataformat-csv\\2.17.3\\jackson-dataformat-csv-2.17.3.jar;C:\\Users\\Meu Computador\\.m2\\repository\\org\\bitbucket\\b_c\\jose4j\\0.9.4\\jose4j-0.9.4.jar;C:\\Users\\Meu Computador\\.m2\\repository\\org\\scala-lang\\modules\\scala-collection-compat_2.13\\2.10.0\\scala-collection-compat_2.13-2.10.0.jar;C:\\Users\\Meu Computador\\.m2\\repository\\org\\scala-lang\\modules\\scala-java8-compat_2.13\\1.0.2\\scala-java8-compat_2.13-1.0.2.jar;C:\\Users\\Meu Computador\\.m2\\repository\\org\\scala-lang\\scala-reflect\\2.13.12\\scala-reflect-2.13.12.jar;C:\\Users\\Meu Computador\\.m2\\repository\\com\\typesafe\\scala-logging\\scala-logging_2.13\\3.9.4\\scala-logging_2.13-3.9.4.jar;C:\\Users\\Meu Computador\\.m2\\repository\\io\\dropwizard\\metrics\\metrics-core\\4.1.12.1\\metrics-core-4.1.12.1.jar;C:\\Users\\Meu Computador\\.m2\\repository\\commons-cli\\commons-cli\\1.4\\commons-cli-1.4.jar;C:\\Users\\Meu Computador\\.m2\\repository\\org\\apache\\kafka\\kafka_2.13\\3.7.2\\kafka_2.13-3.7.2-test.jar;C:\\Users\\Meu Computador\\.m2\\repository\\org\\junit\\jupiter\\junit-jupiter-api\\5.10.5\\junit-jupiter-api-5.10.5.jar;C:\\Users\\Meu Computador\\.m2\\repository\\org\\opentest4j\\opentest4j\\1.3.0\\opentest4j-1.3.0.jar;C:\\Users\\Meu Computador\\.m2\\repository\\org\\junit\\platform\\junit-platform-commons\\1.10.5\\junit-platform-commons-1.10.5.jar;C:\\Users\\Meu Computador\\.m2\\repository\\org\\junit\\platform\\junit-platform-launcher\\1.10.5\\junit-platform-launcher-1.10.5.jar;C:\\Users\\Meu Computador\\.m2\\repository\\org\\testcontainers\\kafka\\1.19.3\\kafka-1.19.3.jar;C:\\Users\\Meu Computador\\.m2\\repository\\org\\awaitility\\awaitility\\4.2.0\\awaitility-4.2.0.jar;C:\\Users\\Meu Computador\\.m2\\repository\\io\\cucumber\\cucumber-java\\7.15.0\\cucumber-java-7.15.0.jar;C:\\Users\\Meu Computador\\.m2\\repository\\io\\cucumber\\cucumber-core\\7.15.0\\cucumber-core-7.15.0.jar;C:\\Users\\Meu Computador\\.m2\\repository\\io\\cucumber\\cucumber-gherkin\\7.15.0\\cucumber-gherkin-7.15.0.jar;C:\\Users\\Meu Computador\\.m2\\repository\\io\\cucumber\\cucumber-gherkin-messages\\7.15.0\\cucumber-gherkin-messages-7.15.0.jar;C:\\Users\\Meu Computador\\.m2\\repository\\io\\cucumber\\gherkin\\26.2.0\\gherkin-26.2.0.jar;C:\\Users\\Meu Computador\\.m2\\repository\\io\\cucumber\\messages\\22.0.0\\messages-22.0.0.jar;C:\\Users\\Meu Computador\\.m2\\repository\\io\\cucumber\\tag-expressions\\6.0.0\\tag-expressions-6.0.0.jar;C:\\Users\\Meu Computador\\.m2\\repository\\io\\cucumber\\cucumber-expressions\\17.0.1\\cucumber-expressions-17.0.1.jar;C:\\Users\\Meu Computador\\.m2\\repository\\io\\cucumber\\datatable\\7.15.0\\datatable-7.15.0.jar;C:\\Users\\Meu Computador\\.m2\\repository\\io\\cucumber\\cucumber-plugin\\7.15.0\\cucumber-plugin-7.15.0.jar;C:\\Users\\Meu Computador\\.m2\\repository\\io\\cucumber\\docstring\\7.15.0\\docstring-7.15.0.jar;C:\\Users\\Meu Computador\\.m2\\repository\\io\\cucumber\\html-formatter\\20.4.0\\html-formatter-20.4.0.jar;C:\\Users\\Meu Computador\\.m2\\repository\\io\\cucumber\\junit-xml-formatter\\0.2.0\\junit-xml-formatter-0.2.0.jar;C:\\Users\\Meu Computador\\.m2\\repository\\io\\cucumber\\ci-environment\\10.0.0\\ci-environment-10.0.0.jar;C:\\Users\\Meu Computador\\.m2\\repository\\org\\apiguardian\\apiguardian-api\\1.1.2\\apiguardian-api-1.1.2.jar;C:\\Users\\Meu Computador\\.m2\\repository\\io\\cucumber\\cucumber-spring\\7.15.0\\cucumber-spring-7.15.0.jar;C:\\Users\\Meu Computador\\.m2\\repository\\io\\cucumber\\cucumber-junit-platform-engine\\7.15.0\\cucumber-junit-platform-engine-7.15.0.jar;C:\\Users\\Meu Computador\\.m2\\repository\\org\\junit\\platform\\junit-platform-engine\\1.10.5\\junit-platform-engine-1.10.5.jar;C:\\Users\\Meu Computador\\.m2\\repository\\org\\junit\\platform\\junit-platform-suite\\1.10.5\\junit-platform-suite-1.10.5.jar;C:\\Users\\Meu Computador\\.m2\\repository\\org\\junit\\platform\\junit-platform-suite-api\\1.10.5\\junit-platform-suite-api-1.10.5.jar;C:\\Users\\Meu Computador\\.m2\\repository\\org\\junit\\platform\\junit-platform-suite-engine\\1.10.5\\junit-platform-suite-engine-1.10.5.jar;C:\\Users\\Meu Computador\\.m2\\repository\\org\\junit\\platform\\junit-platform-suite-commons\\1.10.5\\junit-platform-suite-commons-1.10.5.jar;C:\\Users\\Meu Computador\\.m2\\repository\\org\\assertj\\assertj-core\\3.25.3\\assertj-core-3.25.3.jar;C:\\Users\\Meu Computador\\.m2\\repository\\net\\bytebuddy\\byte-buddy\\1.14.19\\byte-buddy-1.14.19.jar;","logger":"org.apache.zookeeper.server.ZooKeeperServer","thread":"main","level":"INFO","level_value":20000}
{"timestamp":"2026-02-13T00:09:57.0811446-03:00","@version":"1","message":"Server environment:java.library.path=C:\\Program Files\\Java\\jdk-21\\bin;C:\\Windows\\Sun\\Java\\bin;C:\\Windows\\system32;C:\\Windows;C:\\Program Files\\PowerShell\\7;c:\\Users\\Meu Computador\\AppData\\Roaming\\Code\\User\\globalStorage\\github.copilot-chat\\debugCommand;c:\\Users\\Meu Computador\\AppData\\Roaming\\Code\\User\\globalStorage\\github.copilot-chat\\copilotCli;C:\\Program Files\\Common Files\\Oracle\\Java\\javapath;C:\\Program Files (x86)\\Common Files\\Oracle\\Java\\java8path;C:\\Program Files (x86)\\Common Files\\Oracle\\Java\\javapath;c:\\Users\\Meu Computador\\AppData\\Local\\Programs\\cursor\\resources\\app\\bin;C:\\Program Files\\Google\\Chrome\\Application;C:\\Windows\\system32;C:\\Windows;C:\\Windows\\System32\\Wbem;C:\\Windows\\System32\\WindowsPowerShell\\v1.0\\;C:\\Windows\\System32\\OpenSSH\\;C:\\Program Files (x86)\\NVIDIA Corporation\\PhysX\\Common;C:\\Program Files\\dotnet\\;C:\\Users\\Meu Computador\\AppData\\Local\\Programs\\Python\\Python313\\Scripts\\;C:\\Users\\Meu Computador\\AppData\\Local\\Programs\\Python\\Python313\\;C:\\Users\\Meu Computador\\AppData\\Local\\Programs\\Python\\Launcher\\;C:\\Users\\Meu Computador\\AppData\\Local\\Microsoft\\WindowsApps;C:\\Users\\Meu Computador\\go\\bin;c:\\Users\\Meu Computador\\AppData\\Local\\Programs\\cursor\\resources\\app\\bin;C:\\Program Files\\Maven\\apache-maven-3.9.10\\bin;C:\\Program Files\\Java\\jdk-21\\bin;C:\\Users\\Meu Computador\\terraform;C:\\Program Files\\Kubernetes\\Minikube;C:\\Program Files\\Docker\\Docker\\resources\\bin;C:\\Program Files\\Git\\cmd;C:\\Program Files\\Amazon\\AWSCLIV2\\;C:\\Program Files\\Go\\bin;C:\\Program Files\\nodejs\\;C:\\Program Files\\PowerShell\\7\\;C:\\Program Files\\Amazon\\AWSSAMCLI\\bin\\;C:\\Users\\Meu Computador\\AppData\\Local\\Programs\\Python\\Python313\\Scripts\\;C:\\Users\\Meu Computador\\AppData\\Local\\Programs\\Python\\Python313\\;C:\\Users\\Meu Computador\\AppData\\Local\\Programs\\Python\\Launcher\\;C:\\Users\\Meu Computador\\AppData\\Local\\Microsoft\\WindowsApps;C:\\Users\\Meu Computador\\AppData\\Local\\Programs\\Microsoft VS Code\\bin;C:\\Program Files\\JetBrains\\IntelliJ IDEA 2025.1.2\\bin;;C:\\Users\\Meu Computador\\go\\bin;C:\\Users\\Meu Computador\\AppData\\Roaming\\npm;C:\\Users\\Meu Computador\\AppData\\Local\\PowerToys\\DSCModules\\;C:\\Users\\Meu Computador\\AppData\\Local\\Programs\\cursor\\resources\\app\\bin;c:\\Users\\Meu Computador\\.vscode\\extensions\\vscjava.vscode-java-debug-0.58.5\\bundled\\scripts\\noConfigScripts;c:\\Users\\Meu Computador\\.vscode\\extensions\\ms-python.debugpy-2025.18.0-win32-x64\\bundled\\scripts\\noConfigScripts;.","logger":"org.apache.zookeeper.server.ZooKeeperServer","thread":"main","level":"INFO","level_value":20000}
{"timestamp":"2026-02-13T00:09:57.0811446-03:00","@version":"1","message":"Server environment:java.io.tmpdir=C:\\Users\\MEUCOM~1\\AppData\\Local\\Temp\\","logger":"org.apache.zookeeper.server.ZooKeeperServer","thread":"main","level":"INFO","level_value":20000}
{"timestamp":"2026-02-13T00:09:57.0816634-03:00","@version":"1","message":"Server environment:java.compiler=<NA>","logger":"org.apache.zookeeper.server.ZooKeeperServer","thread":"main","level":"INFO","level_value":20000}
{"timestamp":"2026-02-13T00:09:57.0816634-03:00","@version":"1","message":"Server environment:os.name=Windows 11","logger":"org.apache.zookeeper.server.ZooKeeperServer","thread":"main","level":"INFO","level_value":20000}
{"timestamp":"2026-02-13T00:09:57.0816634-03:00","@version":"1","message":"Server environment:os.arch=amd64","logger":"org.apache.zookeeper.server.ZooKeeperServer","thread":"main","level":"INFO","level_value":20000}
{"timestamp":"2026-02-13T00:09:57.0816634-03:00","@version":"1","message":"Server environment:os.version=10.0","logger":"org.apache.zookeeper.server.ZooKeeperServer","thread":"main","level":"INFO","level_value":20000}
{"timestamp":"2026-02-13T00:09:57.0816634-03:00","@version":"1","message":"Server environment:user.name=Meu Computador","logger":"org.apache.zookeeper.server.ZooKeeperServer","thread":"main","level":"INFO","level_value":20000}
{"timestamp":"2026-02-13T00:09:57.0816634-03:00","@version":"1","message":"Server environment:user.home=C:\\Users\\Meu Computador","logger":"org.apache.zookeeper.server.ZooKeeperServer","thread":"main","level":"INFO","level_value":20000}
{"timestamp":"2026-02-13T00:09:57.0816634-03:00","@version":"1","message":"Server environment:user.dir=C:\\Users\\Meu Computador\\OneDrive\\Área de Trabalho\\FIAP\\projeto\\fase_quatro\\oficina-billing-service","logger":"org.apache.zookeeper.server.ZooKeeperServer","thread":"main","level":"INFO","level_value":20000}
{"timestamp":"2026-02-13T00:09:57.0816634-03:00","@version":"1","message":"Server environment:os.memory.free=54MB","logger":"org.apache.zookeeper.server.ZooKeeperServer","thread":"main","level":"INFO","level_value":20000}
{"timestamp":"2026-02-13T00:09:57.0826747-03:00","@version":"1","message":"Server environment:os.memory.max=16376MB","logger":"org.apache.zookeeper.server.ZooKeeperServer","thread":"main","level":"INFO","level_value":20000}
{"timestamp":"2026-02-13T00:09:57.0826747-03:00","@version":"1","message":"Server environment:os.memory.total=112MB","logger":"org.apache.zookeeper.server.ZooKeeperServer","thread":"main","level":"INFO","level_value":20000}
{"timestamp":"2026-02-13T00:09:57.0826747-03:00","@version":"1","message":"zookeeper.enableEagerACLCheck = false","logger":"org.apache.zookeeper.server.ZooKeeperServer","thread":"main","level":"INFO","level_value":20000}
{"timestamp":"2026-02-13T00:09:57.0856692-03:00","@version":"1","message":"zookeeper.digest.enabled = true","logger":"org.apache.zookeeper.server.ZooKeeperServer","thread":"main","level":"INFO","level_value":20000}
{"timestamp":"2026-02-13T00:09:57.0856692-03:00","@version":"1","message":"zookeeper.closeSessionTxn.enabled = true","logger":"org.apache.zookeeper.server.ZooKeeperServer","thread":"main","level":"INFO","level_value":20000}
{"timestamp":"2026-02-13T00:09:57.0866721-03:00","@version":"1","message":"zookeeper.flushDelay = 0 ms","logger":"org.apache.zookeeper.server.ZooKeeperServer","thread":"main","level":"INFO","level_value":20000}
{"timestamp":"2026-02-13T00:09:57.0866721-03:00","@version":"1","message":"zookeeper.maxWriteQueuePollTime = 0 ms","logger":"org.apache.zookeeper.server.ZooKeeperServer","thread":"main","level":"INFO","level_value":20000}
{"timestamp":"2026-02-13T00:09:57.0866721-03:00","@version":"1","message":"zookeeper.maxBatchSize=1000","logger":"org.apache.zookeeper.server.ZooKeeperServer","thread":"main","level":"INFO","level_value":20000}
{"timestamp":"2026-02-13T00:09:57.0866721-03:00","@version":"1","message":"zookeeper.intBufferStartingSizeBytes = 1024","logger":"org.apache.zookeeper.server.ZooKeeperServer","thread":"main","level":"INFO","level_value":20000}
{"timestamp":"2026-02-13T00:09:57.0931872-03:00","@version":"1","message":"zookeeper.snapshot.trust.empty : false","logger":"org.apache.zookeeper.server.persistence.FileTxnSnapLog","thread":"main","level":"INFO","level_value":20000}
{"timestamp":"2026-02-13T00:09:57.1388473-03:00","@version":"1","message":"Using org.apache.zookeeper.server.watch.WatchManager as watch manager","logger":"org.apache.zookeeper.server.watch.WatchManagerFactory","thread":"main","level":"INFO","level_value":20000}
{"timestamp":"2026-02-13T00:09:57.1388473-03:00","@version":"1","message":"Using org.apache.zookeeper.server.watch.WatchManager as watch manager","logger":"org.apache.zookeeper.server.watch.WatchManagerFactory","thread":"main","level":"INFO","level_value":20000}
{"timestamp":"2026-02-13T00:09:57.1398507-03:00","@version":"1","message":"zookeeper.snapshotSizeFactor = 0.33","logger":"org.apache.zookeeper.server.ZKDatabase","thread":"main","level":"INFO","level_value":20000}
{"timestamp":"2026-02-13T00:09:57.1398507-03:00","@version":"1","message":"zookeeper.commitLogCount=500","logger":"org.apache.zookeeper.server.ZKDatabase","thread":"main","level":"INFO","level_value":20000}
{"timestamp":"2026-02-13T00:09:57.1480619-03:00","@version":"1","message":"Weighed connection throttling is disabled","logger":"org.apache.zookeeper.server.BlueThrottle","thread":"main","level":"INFO","level_value":20000}
{"timestamp":"2026-02-13T00:09:57.1530559-03:00","@version":"1","message":"minSessionTimeout set to 1600 ms","logger":"org.apache.zookeeper.server.ZooKeeperServer","thread":"main","level":"INFO","level_value":20000}
{"timestamp":"2026-02-13T00:09:57.1540574-03:00","@version":"1","message":"maxSessionTimeout set to 16000 ms","logger":"org.apache.zookeeper.server.ZooKeeperServer","thread":"main","level":"INFO","level_value":20000}
{"timestamp":"2026-02-13T00:09:57.1575731-03:00","@version":"1","message":"getData response cache size is initialized with value 400.","logger":"org.apache.zookeeper.server.ResponseCache","thread":"main","level":"INFO","level_value":20000}
{"timestamp":"2026-02-13T00:09:57.1585746-03:00","@version":"1","message":"getChildren response cache size is initialized with value 400.","logger":"org.apache.zookeeper.server.ResponseCache","thread":"main","level":"INFO","level_value":20000}
{"timestamp":"2026-02-13T00:09:57.1615736-03:00","@version":"1","message":"zookeeper.pathStats.slotCapacity = 60","logger":"org.apache.zookeeper.server.util.RequestPathMetricsCollector","thread":"main","level":"INFO","level_value":20000}
{"timestamp":"2026-02-13T00:09:57.1615736-03:00","@version":"1","message":"zookeeper.pathStats.slotDuration = 15","logger":"org.apache.zookeeper.server.util.RequestPathMetricsCollector","thread":"main","level":"INFO","level_value":20000}
{"timestamp":"2026-02-13T00:09:57.1615736-03:00","@version":"1","message":"zookeeper.pathStats.maxDepth = 6","logger":"org.apache.zookeeper.server.util.RequestPathMetricsCollector","thread":"main","level":"INFO","level_value":20000}
{"timestamp":"2026-02-13T00:09:57.1615736-03:00","@version":"1","message":"zookeeper.pathStats.initialDelay = 5","logger":"org.apache.zookeeper.server.util.RequestPathMetricsCollector","thread":"main","level":"INFO","level_value":20000}
{"timestamp":"2026-02-13T00:09:57.1615736-03:00","@version":"1","message":"zookeeper.pathStats.delay = 5","logger":"org.apache.zookeeper.server.util.RequestPathMetricsCollector","thread":"main","level":"INFO","level_value":20000}
{"timestamp":"2026-02-13T00:09:57.1615736-03:00","@version":"1","message":"zookeeper.pathStats.enabled = false","logger":"org.apache.zookeeper.server.util.RequestPathMetricsCollector","thread":"main","level":"INFO","level_value":20000}
{"timestamp":"2026-02-13T00:09:57.165627-03:00","@version":"1","message":"The max bytes for all large requests are set to 104857600","logger":"org.apache.zookeeper.server.ZooKeeperServer","thread":"main","level":"INFO","level_value":20000}
{"timestamp":"2026-02-13T00:09:57.165627-03:00","@version":"1","message":"The large request threshold is set to -1","logger":"org.apache.zookeeper.server.ZooKeeperServer","thread":"main","level":"INFO","level_value":20000}
{"timestamp":"2026-02-13T00:09:57.1684935-03:00","@version":"1","message":"zookeeper.enforce.auth.enabled = false","logger":"org.apache.zookeeper.server.AuthenticationHelper","thread":"main","level":"INFO","level_value":20000}
{"timestamp":"2026-02-13T00:09:57.1691437-03:00","@version":"1","message":"zookeeper.enforce.auth.schemes = []","logger":"org.apache.zookeeper.server.AuthenticationHelper","thread":"main","level":"INFO","level_value":20000}
{"timestamp":"2026-02-13T00:09:57.1691437-03:00","@version":"1","message":"Created server with tickTime 800 ms minSessionTimeout 1600 ms maxSessionTimeout 16000 ms clientPortListenBacklog -1 datadir C:\\Users\\MEUCOM~1\\AppData\\Local\\Temp\\kafka-16554677397022643904\\version-2 snapdir C:\\Users\\MEUCOM~1\\AppData\\Local\\Temp\\kafka-16712340012891771971\\version-2","logger":"org.apache.zookeeper.server.ZooKeeperServer","thread":"main","level":"INFO","level_value":20000}
{"timestamp":"2026-02-13T00:09:57.1821807-03:00","@version":"1","message":"maxCnxns is not configured, using default value 0.","logger":"org.apache.zookeeper.server.ServerCnxnFactory","thread":"main","level":"WARN","level_value":30000}
{"timestamp":"2026-02-13T00:09:57.1861813-03:00","@version":"1","message":"Configuring NIO connection handler with 10s sessionless connection timeout, 2 selector thread(s), 16 worker threads, and 64 kB direct buffers.","logger":"org.apache.zookeeper.server.NIOServerCnxnFactory","thread":"main","level":"INFO","level_value":20000}
{"timestamp":"2026-02-13T00:09:57.2107536-03:00","@version":"1","message":"binding to port /127.0.0.1:0","logger":"org.apache.zookeeper.server.NIOServerCnxnFactory","thread":"main","level":"INFO","level_value":20000}
{"timestamp":"2026-02-13T00:09:57.2545182-03:00","@version":"1","message":"zookeeper.snapshot.compression.method = CHECKED","logger":"org.apache.zookeeper.server.persistence.SnapStream","thread":"main","level":"INFO","level_value":20000}
{"timestamp":"2026-02-13T00:09:57.2555212-03:00","@version":"1","message":"Snapshotting: 0x0 to C:\\Users\\MEUCOM~1\\AppData\\Local\\Temp\\kafka-16712340012891771971\\version-2\\snapshot.0","logger":"org.apache.zookeeper.server.persistence.FileTxnSnapLog","thread":"main","level":"INFO","level_value":20000}
{"timestamp":"2026-02-13T00:09:57.2670364-03:00","@version":"1","message":"Snapshot loaded in 49 ms, highest zxid is 0x0, digest is 1371985504","logger":"org.apache.zookeeper.server.ZKDatabase","thread":"main","level":"INFO","level_value":20000}
{"timestamp":"2026-02-13T00:09:57.2670364-03:00","@version":"1","message":"Snapshotting: 0x0 to C:\\Users\\MEUCOM~1\\AppData\\Local\\Temp\\kafka-16712340012891771971\\version-2\\snapshot.0","logger":"org.apache.zookeeper.server.persistence.FileTxnSnapLog","thread":"main","level":"INFO","level_value":20000}
{"timestamp":"2026-02-13T00:09:57.2680377-03:00","@version":"1","message":"Snapshot taken in 1 ms","logger":"org.apache.zookeeper.server.ZooKeeperServer","thread":"main","level":"INFO","level_value":20000}
{"timestamp":"2026-02-13T00:09:57.3073231-03:00","@version":"1","message":"PrepRequestProcessor (sid:0) started, reconfigEnabled=false","logger":"org.apache.zookeeper.server.PrepRequestProcessor","thread":"ProcessThread(sid:0 cport:58097):","level":"INFO","level_value":20000}
{"timestamp":"2026-02-13T00:09:57.3083398-03:00","@version":"1","message":"zookeeper.request_throttler.shutdownTimeout = 10000 ms","logger":"org.apache.zookeeper.server.RequestThrottler","thread":"main","level":"INFO","level_value":20000}
{"timestamp":"2026-02-13T00:09:57.5788751-03:00","@version":"1","message":"KafkaConfig values: \r\n\tadvertised.listeners = null\r\n\talter.config.policy.class.name = null\r\n\talter.log.dirs.replication.quota.window.num = 11\r\n\talter.log.dirs.replication.quota.window.size.seconds = 1\r\n\tauthorizer.class.name = \r\n\tauto.create.topics.enable = true\r\n\tauto.include.jmx.reporter = true\r\n\tauto.leader.rebalance.enable = true\r\n\tbackground.threads = 2\r\n\tbroker.heartbeat.interval.ms = 2000\r\n\tbroker.id = 0\r\n\tbroker.id.generation.enable = true\r\n\tbroker.rack = null\r\n\tbroker.session.timeout.ms = 9000\r\n\tclient.quota.callback.class = null\r\n\tcompression.type = producer\r\n\tconnection.failed.authentication.delay.ms = 100\r\n\tconnections.max.idle.ms = 600000\r\n\tconnections.max.reauth.ms = 0\r\n\tcontrol.plane.listener.name = null\r\n\tcontrolled.shutdown.enable = false\r\n\tcontrolled.shutdown.max.retries = 3\r\n\tcontrolled.shutdown.retry.backoff.ms = 100\r\n\tcontroller.listener.names = null\r\n\tcontroller.quorum.append.linger.ms = 25\r\n\tcontroller.quorum.election.backoff.max.ms = 1000\r\n\tcontroller.quorum.election.timeout.ms = 1000\r\n\tcontroller.quorum.fetch.timeout.ms = 2000\r\n\tcontroller.quorum.request.timeout.ms = 2000\r\n\tcontroller.quorum.retry.backoff.ms = 20\r\n\tcontroller.quorum.voters = []\r\n\tcontroller.quota.window.num = 11\r\n\tcontroller.quota.window.size.seconds = 1\r\n\tcontroller.socket.timeout.ms = 1000\r\n\tcreate.topic.policy.class.name = null\r\n\tdefault.replication.factor = 1\r\n\tdelegation.token.expiry.check.interval.ms = 3600000\r\n\tdelegation.token.expiry.time.ms = 86400000\r\n\tdelegation.token.master.key = null\r\n\tdelegation.token.max.lifetime.ms = 604800000\r\n\tdelegation.token.secret.key = null\r\n\tdelete.records.purgatory.purge.interval.requests = 1\r\n\tdelete.topic.enable = true\r\n\tearly.start.listeners = null\r\n\teligible.leader.replicas.enable = false\r\n\tfetch.max.bytes = 57671680\r\n\tfetch.purgatory.purge.interval.requests = 1000\r\n\tgroup.consumer.assignors = [org.apache.kafka.coordinator.group.assignor.UniformAssignor, org.apache.kafka.coordinator.group.assignor.RangeAssignor]\r\n\tgroup.consumer.heartbeat.interval.ms = 5000\r\n\tgroup.consumer.max.heartbeat.interval.ms = 15000\r\n\tgroup.consumer.max.session.timeout.ms = 60000\r\n\tgroup.consumer.max.size = 2147483647\r\n\tgroup.consumer.min.heartbeat.interval.ms = 5000\r\n\tgroup.consumer.min.session.timeout.ms = 45000\r\n\tgroup.consumer.session.timeout.ms = 45000\r\n\tgroup.coordinator.new.enable = false\r\n\tgroup.coordinator.rebalance.protocols = [classic]\r\n\tgroup.coordinator.threads = 1\r\n\tgroup.initial.rebalance.delay.ms = 0\r\n\tgroup.max.session.timeout.ms = 1800000\r\n\tgroup.max.size = 2147483647\r\n\tgroup.min.session.timeout.ms = 6000\r\n\tinitial.broker.registration.timeout.ms = 60000\r\n\tinter.broker.listener.name = null\r\n\tinter.broker.protocol.version = 3.7-IV4\r\n\tkafka.metrics.polling.interval.secs = 10\r\n\tkafka.metrics.reporters = []\r\n\tleader.imbalance.check.interval.seconds = 300\r\n\tleader.imbalance.per.broker.percentage = 10\r\n\tlistener.security.protocol.map = PLAINTEXT:PLAINTEXT,SSL:SSL,SASL_PLAINTEXT:SASL_PLAINTEXT,SASL_SSL:SASL_SSL\r\n\tlisteners = PLAINTEXT://localhost:9092\r\n\tlog.cleaner.backoff.ms = 15000\r\n\tlog.cleaner.dedupe.buffer.size = 2097152\r\n\tlog.cleaner.delete.retention.ms = 86400000\r\n\tlog.cleaner.enable = true\r\n\tlog.cleaner.io.buffer.load.factor = 0.9\r\n\tlog.cleaner.io.buffer.size = 524288\r\n\tlog.cleaner.io.max.bytes.per.second = 1.7976931348623157E308\r\n\tlog.cleaner.max.compaction.lag.ms = 9223372036854775807\r\n\tlog.cleaner.min.cleanable.ratio = 0.5\r\n\tlog.cleaner.min.compaction.lag.ms = 0\r\n\tlog.cleaner.threads = 1\r\n\tlog.cleanup.policy = [delete]\r\n\tlog.dir = C:\\Users\\MEUCOM~1\\AppData\\Local\\Temp\\spring.kafka.089f4b0f-940b-4f11-9e92-5dcaa73acf7213474962865080601731\r\n\tlog.dirs = null\r\n\tlog.flush.interval.messages = 9223372036854775807\r\n\tlog.flush.interval.ms = null\r\n\tlog.flush.offset.checkpoint.interval.ms = 60000\r\n\tlog.flush.scheduler.interval.ms = 9223372036854775807\r\n\tlog.flush.start.offset.checkpoint.interval.ms = 60000\r\n\tlog.index.interval.bytes = 4096\r\n\tlog.index.size.max.bytes = 10485760\r\n\tlog.local.retention.bytes = -2\r\n\tlog.local.retention.ms = -2\r\n\tlog.message.downconversion.enable = true\r\n\tlog.message.format.version = 3.0-IV1\r\n\tlog.message.timestamp.after.max.ms = 9223372036854775807\r\n\tlog.message.timestamp.before.max.ms = 9223372036854775807\r\n\tlog.message.timestamp.difference.max.ms = 9223372036854775807\r\n\tlog.message.timestamp.type = CreateTime\r\n\tlog.preallocate = false\r\n\tlog.retention.bytes = -1\r\n\tlog.retention.check.interval.ms = 300000\r\n\tlog.retention.hours = 168\r\n\tlog.retention.minutes = null\r\n\tlog.retention.ms = null\r\n\tlog.roll.hours = 168\r\n\tlog.roll.jitter.hours = 0\r\n\tlog.roll.jitter.ms = null\r\n\tlog.roll.ms = null\r\n\tlog.segment.bytes = 1073741824\r\n\tlog.segment.delete.delay.ms = 1000\r\n\tmax.connection.creation.rate = 2147483647\r\n\tmax.connections = 2147483647\r\n\tmax.connections.per.ip = 2147483647\r\n\tmax.connections.per.ip.overrides = \r\n\tmax.incremental.fetch.session.cache.slots = 1000\r\n\tmessage.max.bytes = 1048588\r\n\tmetadata.log.dir = null\r\n\tmetadata.log.max.record.bytes.between.snapshots = 20971520\r\n\tmetadata.log.max.snapshot.interval.ms = 3600000\r\n\tmetadata.log.segment.bytes = 1073741824\r\n\tmetadata.log.segment.min.bytes = 8388608\r\n\tmetadata.log.segment.ms = 604800000\r\n\tmetadata.max.idle.interval.ms = 500\r\n\tmetadata.max.retention.bytes = 104857600\r\n\tmetadata.max.retention.ms = 604800000\r\n\tmetric.reporters = []\r\n\tmetrics.num.samples = 2\r\n\tmetrics.recording.level = INFO\r\n\tmetrics.sample.window.ms = 30000\r\n\tmin.insync.replicas = 1\r\n\tnode.id = 0\r\n\tnum.io.threads = 8\r\n\tnum.network.threads = 2\r\n\tnum.partitions = 1\r\n\tnum.recovery.threads.per.data.dir = 1\r\n\tnum.replica.alter.log.dirs.threads = null\r\n\tnum.replica.fetchers = 1\r\n\toffset.metadata.max.bytes = 4096\r\n\toffsets.commit.required.acks = -1\r\n\toffsets.commit.timeout.ms = 5000\r\n\toffsets.load.buffer.size = 5242880\r\n\toffsets.retention.check.interval.ms = 600000\r\n\toffsets.retention.minutes = 10080\r\n\toffsets.topic.compression.codec = 0\r\n\toffsets.topic.num.partitions = 5\r\n\toffsets.topic.replication.factor = 1\r\n\toffsets.topic.segment.bytes = 104857600\r\n\tpassword.encoder.cipher.algorithm = AES/CBC/PKCS5Padding\r\n\tpassword.encoder.iterations = 4096\r\n\tpassword.encoder.key.length = 128\r\n\tpassword.encoder.keyfactory.algorithm = null\r\n\tpassword.encoder.old.secret = null\r\n\tpassword.encoder.secret = null\r\n\tprincipal.builder.class = class org.apache.kafka.common.security.authenticator.DefaultKafkaPrincipalBuilder\r\n\tprocess.roles = []\r\n\tproducer.id.expiration.check.interval.ms = 600000\r\n\tproducer.id.expiration.ms = 86400000\r\n\tproducer.purgatory.purge.interval.requests = 1000\r\n\tqueued.max.request.bytes = -1\r\n\tqueued.max.requests = 500\r\n\tquota.window.num = 11\r\n\tquota.window.size.seconds = 1\r\n\tremote.log.index.file.cache.total.size.bytes = 1073741824\r\n\tremote.log.manager.task.interval.ms = 30000\r\n\tremote.log.manager.task.retry.backoff.max.ms = 30000\r\n\tremote.log.manager.task.retry.backoff.ms = 500\r\n\tremote.log.manager.task.retry.jitter = 0.2\r\n\tremote.log.manager.thread.pool.size = 10\r\n\tremote.log.metadata.custom.metadata.max.bytes = 128\r\n\tremote.log.metadata.manager.class.name = org.apache.kafka.server.log.remote.metadata.storage.TopicBasedRemoteLogMetadataManager\r\n\tremote.log.metadata.manager.class.path = null\r\n\tremote.log.metadata.manager.impl.prefix = rlmm.config.\r\n\tremote.log.metadata.manager.listener.name = null\r\n\tremote.log.reader.max.pending.tasks = 100\r\n\tremote.log.reader.threads = 10\r\n\tremote.log.storage.manager.class.name = null\r\n\tremote.log.storage.manager.class.path = null\r\n\tremote.log.storage.manager.impl.prefix = rsm.config.\r\n\tremote.log.storage.system.enable = false\r\n\treplica.fetch.backoff.ms = 1000\r\n\treplica.fetch.max.bytes = 1048576\r\n\treplica.fetch.min.bytes = 1\r\n\treplica.fetch.response.max.bytes = 10485760\r\n\treplica.fetch.wait.max.ms = 500\r\n\treplica.high.watermark.checkpoint.interval.ms = 9223372036854775807\r\n\treplica.lag.time.max.ms = 30000\r\n\treplica.selector.class = null\r\n\treplica.socket.receive.buffer.bytes = 65536\r\n\treplica.socket.timeout.ms = 1000\r\n\treplication.quota.window.num = 11\r\n\treplication.quota.window.size.seconds = 1\r\n\trequest.timeout.ms = 30000\r\n\treserved.broker.max.id = 1000\r\n\tsasl.client.callback.handler.class = null\r\n\tsasl.enabled.mechanisms = [GSSAPI]\r\n\tsasl.jaas.config = null\r\n\tsasl.kerberos.kinit.cmd = /usr/bin/kinit\r\n\tsasl.kerberos.min.time.before.relogin = 60000\r\n\tsasl.kerberos.principal.to.local.rules = [DEFAULT]\r\n\tsasl.kerberos.service.name = null\r\n\tsasl.kerberos.ticket.renew.jitter = 0.05\r\n\tsasl.kerberos.ticket.renew.window.factor = 0.8\r\n\tsasl.login.callback.handler.class = null\r\n\tsasl.login.class = null\r\n\tsasl.login.connect.timeout.ms = null\r\n\tsasl.login.read.timeout.ms = null\r\n\tsasl.login.refresh.buffer.seconds = 300\r\n\tsasl.login.refresh.min.period.seconds = 60\r\n\tsasl.login.refresh.window.factor = 0.8\r\n\tsasl.login.refresh.window.jitter = 0.05\r\n\tsasl.login.retry.backoff.max.ms = 10000\r\n\tsasl.login.retry.backoff.ms = 100\r\n\tsasl.mechanism.controller.protocol = GSSAPI\r\n\tsasl.mechanism.inter.broker.protocol = GSSAPI\r\n\tsasl.oauthbearer.clock.skew.seconds = 30\r\n\tsasl.oauthbearer.expected.audience = null\r\n\tsasl.oauthbearer.expected.issuer = null\r\n\tsasl.oauthbearer.jwks.endpoint.refresh.ms = 3600000\r\n\tsasl.oauthbearer.jwks.endpoint.retry.backoff.max.ms = 10000\r\n\tsasl.oauthbearer.jwks.endpoint.retry.backoff.ms = 100\r\n\tsasl.oauthbearer.jwks.endpoint.url = null\r\n\tsasl.oauthbearer.scope.claim.name = scope\r\n\tsasl.oauthbearer.sub.claim.name = sub\r\n\tsasl.oauthbearer.token.endpoint.url = null\r\n\tsasl.server.callback.handler.class = null\r\n\tsasl.server.max.receive.size = 524288\r\n\tsecurity.inter.broker.protocol = PLAINTEXT\r\n\tsecurity.providers = null\r\n\tserver.max.startup.time.ms = 9223372036854775807\r\n\tsocket.connection.setup.timeout.max.ms = 30000\r\n\tsocket.connection.setup.timeout.ms = 10000\r\n\tsocket.listen.backlog.size = 50\r\n\tsocket.receive.buffer.bytes = 102400\r\n\tsocket.request.max.bytes = 104857600\r\n\tsocket.send.buffer.bytes = 102400\r\n\tssl.allow.dn.changes = false\r\n\tssl.allow.san.changes = false\r\n\tssl.cipher.suites = []\r\n\tssl.client.auth = none\r\n\tssl.enabled.protocols = [TLSv1.2, TLSv1.3]\r\n\tssl.endpoint.identification.algorithm = https\r\n\tssl.engine.factory.class = null\r\n\tssl.key.password = null\r\n\tssl.keymanager.algorithm = SunX509\r\n\tssl.keystore.certificate.chain = null\r\n\tssl.keystore.key = null\r\n\tssl.keystore.location = null\r\n\tssl.keystore.password = null\r\n\tssl.keystore.type = JKS\r\n\tssl.principal.mapping.rules = DEFAULT\r\n\tssl.protocol = TLSv1.3\r\n\tssl.provider = null\r\n\tssl.secure.random.implementation = null\r\n\tssl.trustmanager.algorithm = PKIX\r\n\tssl.truststore.certificates = null\r\n\tssl.truststore.location = null\r\n\tssl.truststore.password = null\r\n\tssl.truststore.type = JKS\r\n\ttelemetry.max.bytes = 1048576\r\n\ttransaction.abort.timed.out.transaction.cleanup.interval.ms = 10000\r\n\ttransaction.max.timeout.ms = 900000\r\n\ttransaction.partition.verification.enable = true\r\n\ttransaction.remove.expired.transaction.cleanup.interval.ms = 3600000\r\n\ttransaction.state.log.load.buffer.size = 5242880\r\n\ttransaction.state.log.min.isr = 2\r\n\ttransaction.state.log.num.partitions = 50\r\n\ttransaction.state.log.replication.factor = 1\r\n\ttransaction.state.log.segment.bytes = 104857600\r\n\ttransactional.id.expiration.ms = 604800000\r\n\tunclean.leader.election.enable = false\r\n\tunstable.api.versions.enable = false\r\n\tunstable.metadata.versions.enable = true\r\n\tzookeeper.clientCnxnSocket = null\r\n\tzookeeper.connect = 127.0.0.1:58097\r\n\tzookeeper.connection.timeout.ms = 10000\r\n\tzookeeper.max.in.flight.requests = 10\r\n\tzookeeper.metadata.migration.enable = false\r\n\tzookeeper.metadata.migration.min.batch.size = 200\r\n\tzookeeper.session.timeout.ms = 18000\r\n\tzookeeper.set.acl = false\r\n\tzookeeper.ssl.cipher.suites = null\r\n\tzookeeper.ssl.client.enable = false\r\n\tzookeeper.ssl.crl.enable = false\r\n\tzookeeper.ssl.enabled.protocols = null\r\n\tzookeeper.ssl.endpoint.identification.algorithm = HTTPS\r\n\tzookeeper.ssl.keystore.location = null\r\n\tzookeeper.ssl.keystore.password = null\r\n\tzookeeper.ssl.keystore.type = null\r\n\tzookeeper.ssl.ocsp.enable = false\r\n\tzookeeper.ssl.protocol = TLSv1.2\r\n\tzookeeper.ssl.truststore.location = null\r\n\tzookeeper.ssl.truststore.password = null\r\n\tzookeeper.ssl.truststore.type = null\r\n","logger":"kafka.server.KafkaConfig","thread":"main","level":"INFO","level_value":20000}
{"timestamp":"2026-02-13T00:09:57.6056938-03:00","@version":"1","message":"Setting -D jdk.tls.rejectClientInitiatedRenegotiation=true to disable client-initiated TLS renegotiation","logger":"org.apache.zookeeper.common.X509Util","thread":"main","level":"INFO","level_value":20000}
{"timestamp":"2026-02-13T00:09:57.7323735-03:00","@version":"1","message":"starting","logger":"kafka.server.KafkaServer","thread":"main","level":"INFO","level_value":20000}
{"timestamp":"2026-02-13T00:09:57.7323735-03:00","@version":"1","message":"Connecting to zookeeper on 127.0.0.1:58097","logger":"kafka.server.KafkaServer","thread":"main","level":"INFO","level_value":20000}
{"timestamp":"2026-02-13T00:09:57.7684727-03:00","@version":"1","message":"[ZooKeeperClient Kafka server] Initializing a new session to 127.0.0.1:58097.","logger":"kafka.zookeeper.ZooKeeperClient","thread":"main","level":"INFO","level_value":20000}
{"timestamp":"2026-02-13T00:10:02.7261606-03:00","@version":"1","message":"Client environment:zookeeper.version=3.8.4-9316c2a7a97e1666d8f4593f34dd6fc36ecc436c, built on 2024-02-12 22:16 UTC","logger":"org.apache.zookeeper.ZooKeeper","thread":"main","level":"INFO","level_value":20000}
{"timestamp":"2026-02-13T00:10:02.7266667-03:00","@version":"1","message":"Client environment:host.name=DESKTOP-D5TPFI4","logger":"org.apache.zookeeper.ZooKeeper","thread":"main","level":"INFO","level_value":20000}
{"timestamp":"2026-02-13T00:10:02.7268302-03:00","@version":"1","message":"Client environment:java.version=21.0.9","logger":"org.apache.zookeeper.ZooKeeper","thread":"main","level":"INFO","level_value":20000}
{"timestamp":"2026-02-13T00:10:02.7268302-03:00","@version":"1","message":"Client environment:java.vendor=Oracle Corporation","logger":"org.apache.zookeeper.ZooKeeper","thread":"main","level":"INFO","level_value":20000}
{"timestamp":"2026-02-13T00:10:02.7268302-03:00","@version":"1","message":"Client environment:java.home=C:\\Program Files\\Java\\jdk-21","logger":"org.apache.zookeeper.ZooKeeper","thread":"main","level":"INFO","level_value":20000}
{"timestamp":"2026-02-13T00:10:02.7268302-03:00","@version":"1","message":"Client environment:java.class.path=C:\\Users\\Meu Computador\\OneDrive\\Área de Trabalho\\FIAP\\projeto\\fase_quatro\\oficina-billing-service\\target\\test-classes;C:\\Users\\Meu Computador\\OneDrive\\Área de Trabalho\\FIAP\\projeto\\fase_quatro\\oficina-billing-service\\target\\classes;C:\\Users\\Meu Computador\\.m2\\repository\\org\\springframework\\boot\\spring-boot-starter-web\\3.3.13\\spring-boot-starter-web-3.3.13.jar;C:\\Users\\Meu Computador\\.m2\\repository\\org\\springframework\\boot\\spring-boot-starter\\3.3.13\\spring-boot-starter-3.3.13.jar;C:\\Users\\Meu Computador\\.m2\\repository\\org\\springframework\\boot\\spring-boot\\3.3.13\\spring-boot-3.3.13.jar;C:\\Users\\Meu Computador\\.m2\\repository\\org\\springframework\\boot\\spring-boot-autoconfigure\\3.3.13\\spring-boot-autoconfigure-3.3.13.jar;C:\\Users\\Meu Computador\\.m2\\repository\\org\\springframework\\boot\\spring-boot-starter-logging\\3.3.13\\spring-boot-starter-logging-3.3.13.jar;C:\\Users\\Meu Computador\\.m2\\repository\\org\\apache\\logging\\log4j\\log4j-to-slf4j\\2.23.1\\log4j-to-slf4j-2.23.1.jar;C:\\Users\\Meu Computador\\.m2\\repository\\org\\apache\\logging\\log4j\\log4j-api\\2.23.1\\log4j-api-2.23.1.jar;C:\\Users\\Meu Computador\\.m2\\repository\\org\\slf4j\\jul-to-slf4j\\2.0.17\\jul-to-slf4j-2.0.17.jar;C:\\Users\\Meu Computador\\.m2\\repository\\jakarta\\annotation\\jakarta.annotation-api\\2.1.1\\jakarta.annotation-api-2.1.1.jar;C:\\Users\\Meu Computador\\.m2\\repository\\org\\yaml\\snakeyaml\\2.2\\snakeyaml-2.2.jar;C:\\Users\\Meu Computador\\.m2\\repository\\org\\springframework\\boot\\spring-boot-starter-json\\3.3.13\\spring-boot-starter-json-3.3.13.jar;C:\\Users\\Meu Computador\\.m2\\repository\\com\\fasterxml\\jackson\\datatype\\jackson-datatype-jdk8\\2.17.3\\jackson-datatype-jdk8-2.17.3.jar;C:\\Users\\Meu Computador\\.m2\\repository\\com\\fasterxml\\jackson\\datatype\\jackson-datatype-jsr310\\2.17.3\\jackson-datatype-jsr310-2.17.3.jar;C:\\Users\\Meu Computador\\.m2\\repository\\com\\fasterxml\\jackson\\module\\jackson-module-parameter-names\\2.17.3\\jackson-module-parameter-names-2.17.3.jar;C:\\Users\\Meu Computador\\.m2\\repository\\org\\springframework\\boot\\spring-boot-starter-tomcat\\3.3.13\\spring-boot-starter-tomcat-3.3.13.jar;C:\\Users\\Meu Computador\\.m2\\repository\\org\\apache\\tomcat\\embed\\tomcat-embed-core\\10.1.42\\tomcat-embed-core-10.1.42.jar;C:\\Users\\Meu Computador\\.m2\\repository\\org\\apache\\tomcat\\embed\\tomcat-embed-websocket\\10.1.42\\tomcat-embed-websocket-10.1.42.jar;C:\\Users\\Meu Computador\\.m2\\repository\\org\\springframework\\spring-web\\6.1.21\\spring-web-6.1.21.jar;C:\\Users\\Meu Computador\\.m2\\repository\\org\\springframework\\spring-beans\\6.1.21\\spring-beans-6.1.21.jar;C:\\Users\\Meu Computador\\.m2\\repository\\org\\springframework\\spring-webmvc\\6.1.21\\spring-webmvc-6.1.21.jar;C:\\Users\\Meu Computador\\.m2\\repository\\org\\springframework\\spring-expression\\6.1.21\\spring-expression-6.1.21.jar;C:\\Users\\Meu Computador\\.m2\\repository\\software\\amazon\\awssdk\\dynamodb-enhanced\\2.20.26\\dynamodb-enhanced-2.20.26.jar;C:\\Users\\Meu Computador\\.m2\\repository\\software\\amazon\\awssdk\\aws-core\\2.20.26\\aws-core-2.20.26.jar;C:\\Users\\Meu Computador\\.m2\\repository\\software\\amazon\\eventstream\\eventstream\\1.0.1\\eventstream-1.0.1.jar;C:\\Users\\Meu Computador\\.m2\\repository\\software\\amazon\\awssdk\\http-client-spi\\2.20.26\\http-client-spi-2.20.26.jar;C:\\Users\\Meu Computador\\.m2\\repository\\org\\reactivestreams\\reactive-streams\\1.0.4\\reactive-streams-1.0.4.jar;C:\\Users\\Meu Computador\\.m2\\repository\\software\\amazon\\awssdk\\sdk-core\\2.20.26\\sdk-core-2.20.26.jar;C:\\Users\\Meu Computador\\.m2\\repository\\software\\amazon\\awssdk\\auth\\2.20.26\\auth-2.20.26.jar;C:\\Users\\Meu Computador\\.m2\\repository\\software\\amazon\\awssdk\\regions\\2.20.26\\regions-2.20.26.jar;C:\\Users\\Meu Computador\\.m2\\repository\\software\\amazon\\awssdk\\annotations\\2.20.26\\annotations-2.20.26.jar;C:\\Users\\Meu Computador\\.m2\\repository\\software\\amazon\\awssdk\\utils\\2.20.26\\utils-2.20.26.jar;C:\\Users\\Meu Computador\\.m2\\repository\\software\\amazon\\awssdk\\dynamodb\\2.20.26\\dynamodb-2.20.26.jar;C:\\Users\\Meu Computador\\.m2\\repository\\software\\amazon\\awssdk\\aws-json-protocol\\2.20.26\\aws-json-protocol-2.20.26.jar;C:\\Users\\Meu Computador\\.m2\\repository\\software\\amazon\\awssdk\\third-party-jackson-core\\2.20.26\\third-party-jackson-core-2.20.26.jar;C:\\Users\\Meu Computador\\.m2\\repository\\software\\amazon\\awssdk\\protocol-core\\2.20.26\\protocol-core-2.20.26.jar;C:\\Users\\Meu Computador\\.m2\\repository\\software\\amazon\\awssdk\\profiles\\2.20.26\\profiles-2.20.26.jar;C:\\Users\\Meu Computador\\.m2\\repository\\software\\amazon\\awssdk\\metrics-spi\\2.20.26\\metrics-spi-2.20.26.jar;C:\\Users\\Meu Computador\\.m2\\repository\\software\\amazon\\awssdk\\json-utils\\2.20.26\\json-utils-2.20.26.jar;C:\\Users\\Meu Computador\\.m2\\repository\\software\\amazon\\awssdk\\endpoints-spi\\2.20.26\\endpoints-spi-2.20.26.jar;C:\\Users\\Meu Computador\\.m2\\repository\\software\\amazon\\awssdk\\apache-client\\2.20.26\\apache-client-2.20.26.jar;C:\\Users\\Meu Computador\\.m2\\repository\\org\\apache\\httpcomponents\\httpcore\\4.4.16\\httpcore-4.4.16.jar;C:\\Users\\Meu Computador\\.m2\\repository\\commons-codec\\commons-codec\\1.16.1\\commons-codec-1.16.1.jar;C:\\Users\\Meu Computador\\.m2\\repository\\software\\amazon\\awssdk\\netty-nio-client\\2.20.26\\netty-nio-client-2.20.26.jar;C:\\Users\\Meu Computador\\.m2\\repository\\io\\netty\\netty-codec-http\\4.1.122.Final\\netty-codec-http-4.1.122.Final.jar;C:\\Users\\Meu Computador\\.m2\\repository\\io\\netty\\netty-codec-http2\\4.1.122.Final\\netty-codec-http2-4.1.122.Final.jar;C:\\Users\\Meu Computador\\.m2\\repository\\io\\netty\\netty-codec\\4.1.122.Final\\netty-codec-4.1.122.Final.jar;C:\\Users\\Meu Computador\\.m2\\repository\\io\\netty\\netty-transport\\4.1.122.Final\\netty-transport-4.1.122.Final.jar;C:\\Users\\Meu Computador\\.m2\\repository\\io\\netty\\netty-resolver\\4.1.122.Final\\netty-resolver-4.1.122.Final.jar;C:\\Users\\Meu Computador\\.m2\\repository\\io\\netty\\netty-common\\4.1.122.Final\\netty-common-4.1.122.Final.jar;C:\\Users\\Meu Computador\\.m2\\repository\\io\\netty\\netty-buffer\\4.1.122.Final\\netty-buffer-4.1.122.Final.jar;C:\\Users\\Meu Computador\\.m2\\repository\\io\\netty\\netty-handler\\4.1.122.Final\\netty-handler-4.1.122.Final.jar;C:\\Users\\Meu Computador\\.m2\\repository\\io\\netty\\netty-transport-native-unix-common\\4.1.122.Final\\netty-transport-native-unix-common-4.1.122.Final.jar;C:\\Users\\Meu Computador\\.m2\\repository\\io\\netty\\netty-transport-classes-epoll\\4.1.122.Final\\netty-transport-classes-epoll-4.1.122.Final.jar;C:\\Users\\Meu Computador\\.m2\\repository\\org\\springframework\\boot\\spring-boot-starter-validation\\3.3.13\\spring-boot-starter-validation-3.3.13.jar;C:\\Users\\Meu Computador\\.m2\\repository\\org\\apache\\tomcat\\embed\\tomcat-embed-el\\10.1.42\\tomcat-embed-el-10.1.42.jar;C:\\Users\\Meu Computador\\.m2\\repository\\org\\hibernate\\validator\\hibernate-validator\\8.0.2.Final\\hibernate-validator-8.0.2.Final.jar;C:\\Users\\Meu Computador\\.m2\\repository\\jakarta\\validation\\jakarta.validation-api\\3.0.2\\jakarta.validation-api-3.0.2.jar;C:\\Users\\Meu Computador\\.m2\\repository\\org\\jboss\\logging\\jboss-logging\\3.5.3.Final\\jboss-logging-3.5.3.Final.jar;C:\\Users\\Meu Computador\\.m2\\repository\\com\\fasterxml\\classmate\\1.7.0\\classmate-1.7.0.jar;C:\\Users\\Meu Computador\\.m2\\repository\\org\\springframework\\boot\\spring-boot-starter-actuator\\3.3.13\\spring-boot-starter-actuator-3.3.13.jar;C:\\Users\\Meu Computador\\.m2\\repository\\org\\springframework\\boot\\spring-boot-actuator-autoconfigure\\3.3.13\\spring-boot-actuator-autoconfigure-3.3.13.jar;C:\\Users\\Meu Computador\\.m2\\repository\\org\\springframework\\boot\\spring-boot-actuator\\3.3.13\\spring-boot-actuator-3.3.13.jar;C:\\Users\\Meu Computador\\.m2\\repository\\io\\micrometer\\micrometer-observation\\1.13.15\\micrometer-observation-1.13.15.jar;C:\\Users\\Meu Computador\\.m2\\repository\\io\\micrometer\\micrometer-commons\\1.13.15\\micrometer-commons-1.13.15.jar;C:\\Users\\Meu Computador\\.m2\\repository\\io\\micrometer\\micrometer-jakarta9\\1.13.15\\micrometer-jakarta9-1.13.15.jar;C:\\Users\\Meu Computador\\.m2\\repository\\software\\amazon\\awssdk\\sqs\\2.20.26\\sqs-2.20.26.jar;C:\\Users\\Meu Computador\\.m2\\repository\\software\\amazon\\awssdk\\aws-query-protocol\\2.20.26\\aws-query-protocol-2.20.26.jar;C:\\Users\\Meu Computador\\.m2\\repository\\io\\awspring\\cloud\\spring-cloud-aws-starter-sqs\\3.1.1\\spring-cloud-aws-starter-sqs-3.1.1.jar;C:\\Users\\Meu Computador\\.m2\\repository\\io\\awspring\\cloud\\spring-cloud-aws-starter\\3.1.1\\spring-cloud-aws-starter-3.1.1.jar;C:\\Users\\Meu Computador\\.m2\\repository\\io\\awspring\\cloud\\spring-cloud-aws-autoconfigure\\3.1.1\\spring-cloud-aws-autoconfigure-3.1.1.jar;C:\\Users\\Meu Computador\\.m2\\repository\\io\\awspring\\cloud\\spring-cloud-aws-core\\3.1.1\\spring-cloud-aws-core-3.1.1.jar;C:\\Users\\Meu Computador\\.m2\\repository\\io\\awspring\\cloud\\spring-cloud-aws-sqs\\3.1.1\\spring-cloud-aws-sqs-3.1.1.jar;C:\\Users\\Meu Computador\\.m2\\repository\\software\\amazon\\awssdk\\arns\\2.21.46\\arns-2.21.46.jar;C:\\Users\\Meu Computador\\.m2\\repository\\org\\slf4j\\slf4j-api\\2.0.17\\slf4j-api-2.0.17.jar;C:\\Users\\Meu Computador\\.m2\\repository\\org\\springframework\\kafka\\spring-kafka\\3.2.10\\spring-kafka-3.2.10.jar;C:\\Users\\Meu Computador\\.m2\\repository\\org\\springframework\\spring-context\\6.1.21\\spring-context-6.1.21.jar;C:\\Users\\Meu Computador\\.m2\\repository\\org\\springframework\\spring-messaging\\6.1.21\\spring-messaging-6.1.21.jar;C:\\Users\\Meu Computador\\.m2\\repository\\org\\springframework\\spring-tx\\6.1.21\\spring-tx-6.1.21.jar;C:\\Users\\Meu Computador\\.m2\\repository\\org\\springframework\\retry\\spring-retry\\2.0.12\\spring-retry-2.0.12.jar;C:\\Users\\Meu Computador\\.m2\\repository\\org\\apache\\kafka\\kafka-clients\\3.7.2\\kafka-clients-3.7.2.jar;C:\\Users\\Meu Computador\\.m2\\repository\\com\\github\\luben\\zstd-jni\\1.5.6-4\\zstd-jni-1.5.6-4.jar;C:\\Users\\Meu Computador\\.m2\\repository\\org\\lz4\\lz4-java\\1.8.0\\lz4-java-1.8.0.jar;C:\\Users\\Meu Computador\\.m2\\repository\\org\\xerial\\snappy\\snappy-java\\1.1.10.5\\snappy-java-1.1.10.5.jar;C:\\Users\\Meu Computador\\.m2\\repository\\io\\github\\resilience4j\\resilience4j-spring-boot3\\2.2.0\\resilience4j-spring-boot3-2.2.0.jar;C:\\Users\\Meu Computador\\.m2\\repository\\io\\github\\resilience4j\\resilience4j-spring6\\2.2.0\\resilience4j-spring6-2.2.0.jar;C:\\Users\\Meu Computador\\.m2\\repository\\io\\github\\resilience4j\\resilience4j-annotations\\2.2.0\\resilience4j-annotations-2.2.0.jar;C:\\Users\\Meu Computador\\.m2\\repository\\io\\github\\resilience4j\\resilience4j-consumer\\2.2.0\\resilience4j-consumer-2.2.0.jar;C:\\Users\\Meu Computador\\.m2\\repository\\io\\github\\resilience4j\\resilience4j-core\\2.2.0\\resilience4j-core-2.2.0.jar;C:\\Users\\Meu Computador\\.m2\\repository\\io\\github\\resilience4j\\resilience4j-circularbuffer\\2.2.0\\resilience4j-circularbuffer-2.2.0.jar;C:\\Users\\Meu Computador\\.m2\\repository\\io\\github\\resilience4j\\resilience4j-framework-common\\2.2.0\\resilience4j-framework-common-2.2.0.jar;C:\\Users\\Meu Computador\\.m2\\repository\\io\\github\\resilience4j\\resilience4j-micrometer\\2.2.0\\resilience4j-micrometer-2.2.0.jar;C:\\Users\\Meu Computador\\.m2\\repository\\io\\github\\resilience4j\\resilience4j-bulkhead\\2.2.0\\resilience4j-bulkhead-2.2.0.jar;C:\\Users\\Meu Computador\\.m2\\repository\\io\\github\\resilience4j\\resilience4j-circuitbreaker\\2.2.0\\resilience4j-circuitbreaker-2.2.0.jar;C:\\Users\\Meu Computador\\.m2\\repository\\io\\github\\resilience4j\\resilience4j-retry\\2.2.0\\resilience4j-retry-2.2.0.jar;C:\\Users\\Meu Computador\\.m2\\repository\\io\\github\\resilience4j\\resilience4j-ratelimiter\\2.2.0\\resilience4j-ratelimiter-2.2.0.jar;C:\\Users\\Meu Computador\\.m2\\repository\\io\\github\\resilience4j\\resilience4j-timelimiter\\2.2.0\\resilience4j-timelimiter-2.2.0.jar;C:\\Users\\Meu Computador\\.m2\\repository\\org\\springframework\\boot\\spring-boot-starter-aop\\3.3.13\\spring-boot-starter-aop-3.3.13.jar;C:\\Users\\Meu Computador\\.m2\\repository\\org\\springframework\\spring-aop\\6.1.21\\spring-aop-6.1.21.jar;C:\\Users\\Meu Computador\\.m2\\repository\\org\\springdoc\\springdoc-openapi-starter-webmvc-ui\\2.3.0\\springdoc-openapi-starter-webmvc-ui-2.3.0.jar;C:\\Users\\Meu Computador\\.m2\\repository\\org\\springdoc\\springdoc-openapi-starter-webmvc-api\\2.3.0\\springdoc-openapi-starter-webmvc-api-2.3.0.jar;C:\\Users\\Meu Computador\\.m2\\repository\\org\\springdoc\\springdoc-openapi-starter-common\\2.3.0\\springdoc-openapi-starter-common-2.3.0.jar;C:\\Users\\Meu Computador\\.m2\\repository\\io\\swagger\\core\\v3\\swagger-core-jakarta\\2.2.19\\swagger-core-jakarta-2.2.19.jar;C:\\Users\\Meu Computador\\.m2\\repository\\io\\swagger\\core\\v3\\swagger-annotations-jakarta\\2.2.19\\swagger-annotations-jakarta-2.2.19.jar;C:\\Users\\Meu Computador\\.m2\\repository\\io\\swag
[...]
]]></system-out>
  </testcase>
  <testcase name="devePublicarOrcamentoRejeitado" classname="br.com.grupo99.billingservice.infrastructure.messaging.KafkaBillingEventPublisherTest" time="1.084">
    <system-out><![CDATA[{"timestamp":"2026-02-13T00:10:40.0878379-03:00","@version":"1","message":"ConsumerConfig values: \r\n\tallow.auto.create.topics = true\r\n\tauto.commit.interval.ms = 10\r\n\tauto.include.jmx.reporter = true\r\n\tauto.offset.reset = earliest\r\n\tbootstrap.servers = [127.0.0.1:9092]\r\n\tcheck.crcs = true\r\n\tclient.dns.lookup = use_all_dns_ips\r\n\tclient.id = consumer-test-group-5563fa14-4a16-4fcb-b036-daea80729f49-9\r\n\tclient.rack = \r\n\tconnections.max.idle.ms = 540000\r\n\tdefault.api.timeout.ms = 60000\r\n\tenable.auto.commit = true\r\n\tenable.metrics.push = true\r\n\texclude.internal.topics = true\r\n\tfetch.max.bytes = 52428800\r\n\tfetch.max.wait.ms = 500\r\n\tfetch.min.bytes = 1\r\n\tgroup.id = test-group-5563fa14-4a16-4fcb-b036-daea80729f49\r\n\tgroup.instance.id = null\r\n\tgroup.protocol = classic\r\n\tgroup.remote.assignor = null\r\n\theartbeat.interval.ms = 3000\r\n\tinterceptor.classes = []\r\n\tinternal.leave.group.on.close = true\r\n\tinternal.throw.on.fetch.stable.offset.unsupported = false\r\n\tisolation.level = read_uncommitted\r\n\tkey.deserializer = class org.apache.kafka.common.serialization.StringDeserializer\r\n\tmax.partition.fetch.bytes = 1048576\r\n\tmax.poll.interval.ms = 300000\r\n\tmax.poll.records = 500\r\n\tmetadata.max.age.ms = 300000\r\n\tmetric.reporters = []\r\n\tmetrics.num.samples = 2\r\n\tmetrics.recording.level = INFO\r\n\tmetrics.sample.window.ms = 30000\r\n\tpartition.assignment.strategy = [class org.apache.kafka.clients.consumer.RangeAssignor, class org.apache.kafka.clients.consumer.CooperativeStickyAssignor]\r\n\treceive.buffer.bytes = 65536\r\n\treconnect.backoff.max.ms = 1000\r\n\treconnect.backoff.ms = 50\r\n\trequest.timeout.ms = 30000\r\n\tretry.backoff.max.ms = 1000\r\n\tretry.backoff.ms = 100\r\n\tsasl.client.callback.handler.class = null\r\n\tsasl.jaas.config = null\r\n\tsasl.kerberos.kinit.cmd = /usr/bin/kinit\r\n\tsasl.kerberos.min.time.before.relogin = 60000\r\n\tsasl.kerberos.service.name = null\r\n\tsasl.kerberos.ticket.renew.jitter = 0.05\r\n\tsasl.kerberos.ticket.renew.window.factor = 0.8\r\n\tsasl.login.callback.handler.class = null\r\n\tsasl.login.class = null\r\n\tsasl.login.connect.timeout.ms = null\r\n\tsasl.login.read.timeout.ms = null\r\n\tsasl.login.refresh.buffer.seconds = 300\r\n\tsasl.login.refresh.min.period.seconds = 60\r\n\tsasl.login.refresh.window.factor = 0.8\r\n\tsasl.login.refresh.window.jitter = 0.05\r\n\tsasl.login.retry.backoff.max.ms = 10000\r\n\tsasl.login.retry.backoff.ms = 100\r\n\tsasl.mechanism = GSSAPI\r\n\tsasl.oauthbearer.clock.skew.seconds = 30\r\n\tsasl.oauthbearer.expected.audience = null\r\n\tsasl.oauthbearer.expected.issuer = null\r\n\tsasl.oauthbearer.jwks.endpoint.refresh.ms = 3600000\r\n\tsasl.oauthbearer.jwks.endpoint.retry.backoff.max.ms = 10000\r\n\tsasl.oauthbearer.jwks.endpoint.retry.backoff.ms = 100\r\n\tsasl.oauthbearer.jwks.endpoint.url = null\r\n\tsasl.oauthbearer.scope.claim.name = scope\r\n\tsasl.oauthbearer.sub.claim.name = sub\r\n\tsasl.oauthbearer.token.endpoint.url = null\r\n\tsecurity.protocol = PLAINTEXT\r\n\tsecurity.providers = null\r\n\tsend.buffer.bytes = 131072\r\n\tsession.timeout.ms = 60000\r\n\tsocket.connection.setup.timeout.max.ms = 30000\r\n\tsocket.connection.setup.timeout.ms = 10000\r\n\tssl.cipher.suites = null\r\n\tssl.enabled.protocols = [TLSv1.2, TLSv1.3]\r\n\tssl.endpoint.identification.algorithm = https\r\n\tssl.engine.factory.class = null\r\n\tssl.key.password = null\r\n\tssl.keymanager.algorithm = SunX509\r\n\tssl.keystore.certificate.chain = null\r\n\tssl.keystore.key = null\r\n\tssl.keystore.location = null\r\n\tssl.keystore.password = null\r\n\tssl.keystore.type = JKS\r\n\tssl.protocol = TLSv1.3\r\n\tssl.provider = null\r\n\tssl.secure.random.implementation = null\r\n\tssl.trustmanager.algorithm = PKIX\r\n\tssl.truststore.certificates = null\r\n\tssl.truststore.location = null\r\n\tssl.truststore.password = null\r\n\tssl.truststore.type = JKS\r\n\tvalue.deserializer = class org.springframework.kafka.support.serializer.JsonDeserializer\r\n","logger":"org.apache.kafka.clients.consumer.ConsumerConfig","thread":"main","level":"INFO","level_value":20000}
{"timestamp":"2026-02-13T00:10:40.0894688-03:00","@version":"1","message":"initializing Kafka metrics collector","logger":"org.apache.kafka.common.telemetry.internals.KafkaMetricsCollector","thread":"main","level":"INFO","level_value":20000}
{"timestamp":"2026-02-13T00:10:40.097922-03:00","@version":"1","message":"Kafka version: 3.7.2","logger":"org.apache.kafka.common.utils.AppInfoParser","thread":"main","level":"INFO","level_value":20000}
{"timestamp":"2026-02-13T00:10:40.097922-03:00","@version":"1","message":"Kafka commitId: 79a8f2b5f44f9d5a","logger":"org.apache.kafka.common.utils.AppInfoParser","thread":"main","level":"INFO","level_value":20000}
{"timestamp":"2026-02-13T00:10:40.097922-03:00","@version":"1","message":"Kafka startTimeMs: 1770952240097","logger":"org.apache.kafka.common.utils.AppInfoParser","thread":"main","level":"INFO","level_value":20000}
{"timestamp":"2026-02-13T00:10:40.097922-03:00","@version":"1","message":"[Consumer clientId=consumer-test-group-5563fa14-4a16-4fcb-b036-daea80729f49-9, groupId=test-group-5563fa14-4a16-4fcb-b036-daea80729f49] Subscribed to topic(s): billing-events","logger":"org.apache.kafka.clients.consumer.internals.LegacyKafkaConsumer","thread":"main","level":"INFO","level_value":20000}
{"timestamp":"2026-02-13T00:10:40.1029214-03:00","@version":"1","message":"[Consumer clientId=consumer-test-group-5563fa14-4a16-4fcb-b036-daea80729f49-9, groupId=test-group-5563fa14-4a16-4fcb-b036-daea80729f49] Cluster ID: C79zkzX0RJircDXPvFyUTQ","logger":"org.apache.kafka.clients.Metadata","thread":"main","level":"INFO","level_value":20000}
{"timestamp":"2026-02-13T00:10:40.1039201-03:00","@version":"1","message":"[Consumer clientId=consumer-test-group-5563fa14-4a16-4fcb-b036-daea80729f49-9, groupId=test-group-5563fa14-4a16-4fcb-b036-daea80729f49] Discovered group coordinator localhost:9092 (id: 2147483647 rack: null)","logger":"org.apache.kafka.clients.consumer.internals.ConsumerCoordinator","thread":"main","level":"INFO","level_value":20000}
{"timestamp":"2026-02-13T00:10:40.1064469-03:00","@version":"1","message":"[Consumer clientId=consumer-test-group-5563fa14-4a16-4fcb-b036-daea80729f49-9, groupId=test-group-5563fa14-4a16-4fcb-b036-daea80729f49] (Re-)joining group","logger":"org.apache.kafka.clients.consumer.internals.ConsumerCoordinator","thread":"main","level":"INFO","level_value":20000}
{"timestamp":"2026-02-13T00:10:40.1087986-03:00","@version":"1","message":"[GroupCoordinator 0]: Dynamic member with unknown member id joins group test-group-5563fa14-4a16-4fcb-b036-daea80729f49 in Empty state. Created a new member id consumer-test-group-5563fa14-4a16-4fcb-b036-daea80729f49-9-572bedc4-c41d-46d8-baf8-9a8b30367cb4 and request the member to rejoin with this id.","logger":"kafka.coordinator.group.GroupCoordinator","thread":"data-plane-kafka-request-handler-4","level":"INFO","level_value":20000}
{"timestamp":"2026-02-13T00:10:40.109797-03:00","@version":"1","message":"[Consumer clientId=consumer-test-group-5563fa14-4a16-4fcb-b036-daea80729f49-9, groupId=test-group-5563fa14-4a16-4fcb-b036-daea80729f49] Request joining group due to: need to re-join with the given member-id: consumer-test-group-5563fa14-4a16-4fcb-b036-daea80729f49-9-572bedc4-c41d-46d8-baf8-9a8b30367cb4","logger":"org.apache.kafka.clients.consumer.internals.ConsumerCoordinator","thread":"main","level":"INFO","level_value":20000}
{"timestamp":"2026-02-13T00:10:40.109797-03:00","@version":"1","message":"[Consumer clientId=consumer-test-group-5563fa14-4a16-4fcb-b036-daea80729f49-9, groupId=test-group-5563fa14-4a16-4fcb-b036-daea80729f49] (Re-)joining group","logger":"org.apache.kafka.clients.consumer.internals.ConsumerCoordinator","thread":"main","level":"INFO","level_value":20000}
{"timestamp":"2026-02-13T00:10:40.1108041-03:00","@version":"1","message":"[GroupCoordinator 0]: Preparing to rebalance group test-group-5563fa14-4a16-4fcb-b036-daea80729f49 in state PreparingRebalance with old generation 0 (__consumer_offsets-0) (reason: Adding new member consumer-test-group-5563fa14-4a16-4fcb-b036-daea80729f49-9-572bedc4-c41d-46d8-baf8-9a8b30367cb4 with group instance id None; client reason: need to re-join with the given member-id: consumer-test-group-5563fa14-4a16-4fcb-b036-daea80729f49-9-572bedc4-c41d-46d8-baf8-9a8b30367cb4)","logger":"kafka.coordinator.group.GroupCoordinator","thread":"data-plane-kafka-request-handler-6","level":"INFO","level_value":20000}
{"timestamp":"2026-02-13T00:10:40.1123168-03:00","@version":"1","message":"[GroupCoordinator 0]: Stabilized group test-group-5563fa14-4a16-4fcb-b036-daea80729f49 generation 1 (__consumer_offsets-0) with 1 members","logger":"kafka.coordinator.group.GroupCoordinator","thread":"executor-Rebalance","level":"INFO","level_value":20000}
{"timestamp":"2026-02-13T00:10:40.1133287-03:00","@version":"1","message":"[Consumer clientId=consumer-test-group-5563fa14-4a16-4fcb-b036-daea80729f49-9, groupId=test-group-5563fa14-4a16-4fcb-b036-daea80729f49] Successfully joined group with generation Generation{generationId=1, memberId='consumer-test-group-5563fa14-4a16-4fcb-b036-daea80729f49-9-572bedc4-c41d-46d8-baf8-9a8b30367cb4', protocol='range'}","logger":"org.apache.kafka.clients.consumer.internals.ConsumerCoordinator","thread":"main","level":"INFO","level_value":20000}
{"timestamp":"2026-02-13T00:10:40.1143304-03:00","@version":"1","message":"[Consumer clientId=consumer-test-group-5563fa14-4a16-4fcb-b036-daea80729f49-9, groupId=test-group-5563fa14-4a16-4fcb-b036-daea80729f49] Finished assignment for group at generation 1: {consumer-test-group-5563fa14-4a16-4fcb-b036-daea80729f49-9-572bedc4-c41d-46d8-baf8-9a8b30367cb4=Assignment(partitions=[billing-events-0, billing-events-1, billing-events-2])}","logger":"org.apache.kafka.clients.consumer.internals.ConsumerCoordinator","thread":"main","level":"INFO","level_value":20000}
{"timestamp":"2026-02-13T00:10:40.1153318-03:00","@version":"1","message":"[GroupCoordinator 0]: Assignment received from leader consumer-test-group-5563fa14-4a16-4fcb-b036-daea80729f49-9-572bedc4-c41d-46d8-baf8-9a8b30367cb4 for group test-group-5563fa14-4a16-4fcb-b036-daea80729f49 for generation 1. The group has 1 members, 0 of which are static.","logger":"kafka.coordinator.group.GroupCoordinator","thread":"data-plane-kafka-request-handler-3","level":"INFO","level_value":20000}
{"timestamp":"2026-02-13T00:10:40.1170454-03:00","@version":"1","message":"[Consumer clientId=consumer-test-group-5563fa14-4a16-4fcb-b036-daea80729f49-9, groupId=test-group-5563fa14-4a16-4fcb-b036-daea80729f49] Successfully synced group in generation Generation{generationId=1, memberId='consumer-test-group-5563fa14-4a16-4fcb-b036-daea80729f49-9-572bedc4-c41d-46d8-baf8-9a8b30367cb4', protocol='range'}","logger":"org.apache.kafka.clients.consumer.internals.ConsumerCoordinator","thread":"main","level":"INFO","level_value":20000}
{"timestamp":"2026-02-13T00:10:40.1178622-03:00","@version":"1","message":"[Consumer clientId=consumer-test-group-5563fa14-4a16-4fcb-b036-daea80729f49-9, groupId=test-group-5563fa14-4a16-4fcb-b036-daea80729f49] Notifying assignor about the new Assignment(partitions=[billing-events-0, billing-events-1, billing-events-2])","logger":"org.apache.kafka.clients.consumer.internals.ConsumerCoordinator","thread":"main","level":"INFO","level_value":20000}
{"timestamp":"2026-02-13T00:10:40.1178622-03:00","@version":"1","message":"[Consumer clientId=consumer-test-group-5563fa14-4a16-4fcb-b036-daea80729f49-9, groupId=test-group-5563fa14-4a16-4fcb-b036-daea80729f49] Adding newly assigned partitions: billing-events-0, billing-events-1, billing-events-2","logger":"org.apache.kafka.clients.consumer.internals.ConsumerRebalanceListenerInvoker","thread":"main","level":"INFO","level_value":20000}
{"timestamp":"2026-02-13T00:10:40.1221739-03:00","@version":"1","message":"[Consumer clientId=consumer-test-group-5563fa14-4a16-4fcb-b036-daea80729f49-9, groupId=test-group-5563fa14-4a16-4fcb-b036-daea80729f49] Found no committed offset for partition billing-events-2","logger":"org.apache.kafka.clients.consumer.internals.ConsumerCoordinator","thread":"main","level":"INFO","level_value":20000}
{"timestamp":"2026-02-13T00:10:40.1221739-03:00","@version":"1","message":"[Consumer clientId=consumer-test-group-5563fa14-4a16-4fcb-b036-daea80729f49-9, groupId=test-group-5563fa14-4a16-4fcb-b036-daea80729f49] Found no committed offset for partition billing-events-1","logger":"org.apache.kafka.clients.consumer.internals.ConsumerCoordinator","thread":"main","level":"INFO","level_value":20000}
{"timestamp":"2026-02-13T00:10:40.1221739-03:00","@version":"1","message":"[Consumer clientId=consumer-test-group-5563fa14-4a16-4fcb-b036-daea80729f49-9, groupId=test-group-5563fa14-4a16-4fcb-b036-daea80729f49] Found no committed offset for partition billing-events-0","logger":"org.apache.kafka.clients.consumer.internals.ConsumerCoordinator","thread":"main","level":"INFO","level_value":20000}
{"timestamp":"2026-02-13T00:10:40.1291516-03:00","@version":"1","message":"[Consumer clientId=consumer-test-group-5563fa14-4a16-4fcb-b036-daea80729f49-9, groupId=test-group-5563fa14-4a16-4fcb-b036-daea80729f49] Resetting offset for partition billing-events-2 to position FetchPosition{offset=0, offsetEpoch=Optional.empty, currentLeader=LeaderAndEpoch{leader=Optional[localhost:9092 (id: 0 rack: null)], epoch=0}}.","logger":"org.apache.kafka.clients.consumer.internals.SubscriptionState","thread":"main","level":"INFO","level_value":20000}
{"timestamp":"2026-02-13T00:10:40.1301604-03:00","@version":"1","message":"[Consumer clientId=consumer-test-group-5563fa14-4a16-4fcb-b036-daea80729f49-9, groupId=test-group-5563fa14-4a16-4fcb-b036-daea80729f49] Resetting offset for partition billing-events-1 to position FetchPosition{offset=0, offsetEpoch=Optional.empty, currentLeader=LeaderAndEpoch{leader=Optional[localhost:9092 (id: 0 rack: null)], epoch=0}}.","logger":"org.apache.kafka.clients.consumer.internals.SubscriptionState","thread":"main","level":"INFO","level_value":20000}
{"timestamp":"2026-02-13T00:10:40.1301604-03:00","@version":"1","message":"[Consumer clientId=consumer-test-group-5563fa14-4a16-4fcb-b036-daea80729f49-9, groupId=test-group-5563fa14-4a16-4fcb-b036-daea80729f49] Resetting offset for partition billing-events-0 to position FetchPosition{offset=0, offsetEpoch=Optional.empty, currentLeader=LeaderAndEpoch{leader=Optional[localhost:9092 (id: 0 rack: null)], epoch=0}}.","logger":"org.apache.kafka.clients.consumer.internals.SubscriptionState","thread":"main","level":"INFO","level_value":20000}
{"timestamp":"2026-02-13T00:10:40.1537583-03:00","@version":"1","message":"✅ Evento ORCAMENTO_REJEITADO publicado (síncrono). ID: 5240484c-c864-4506-8cb9-35d22114cd60, Partition: 2, Offset: 1","logger":"br.com.grupo99.billingservice.infrastructure.messaging.KafkaBillingEventPublisher","thread":"main","level":"INFO","level_value":20000}
{"timestamp":"2026-02-13T00:10:40.6610174-03:00","@version":"1","message":"[Consumer clientId=consumer-test-group-5563fa14-4a16-4fcb-b036-daea80729f49-9, groupId=test-group-5563fa14-4a16-4fcb-b036-daea80729f49] Revoke previously assigned partitions billing-events-0, billing-events-1, billing-events-2","logger":"org.apache.kafka.clients.consumer.internals.ConsumerRebalanceListenerInvoker","thread":"main","level":"INFO","level_value":20000}
{"timestamp":"2026-02-13T00:10:40.6610174-03:00","@version":"1","message":"[Consumer clientId=consumer-test-group-5563fa14-4a16-4fcb-b036-daea80729f49-9, groupId=test-group-5563fa14-4a16-4fcb-b036-daea80729f49] Member consumer-test-group-5563fa14-4a16-4fcb-b036-daea80729f49-9-572bedc4-c41d-46d8-baf8-9a8b30367cb4 sending LeaveGroup request to coordinator localhost:9092 (id: 2147483647 rack: null) due to the consumer is being closed","logger":"org.apache.kafka.clients.consumer.internals.ConsumerCoordinator","thread":"main","level":"INFO","level_value":20000}
{"timestamp":"2026-02-13T00:10:40.6610174-03:00","@version":"1","message":"[Consumer clientId=consumer-test-group-5563fa14-4a16-4fcb-b036-daea80729f49-9, groupId=test-group-5563fa14-4a16-4fcb-b036-daea80729f49] Resetting generation and member id due to: consumer pro-actively leaving the group","logger":"org.apache.kafka.clients.consumer.internals.ConsumerCoordinator","thread":"main","level":"INFO","level_value":20000}
{"timestamp":"2026-02-13T00:10:40.6610174-03:00","@version":"1","message":"[Consumer clientId=consumer-test-group-5563fa14-4a16-4fcb-b036-daea80729f49-9, groupId=test-group-5563fa14-4a16-4fcb-b036-daea80729f49] Request joining group due to: consumer pro-actively leaving the group","logger":"org.apache.kafka.clients.consumer.internals.ConsumerCoordinator","thread":"main","level":"INFO","level_value":20000}
{"timestamp":"2026-02-13T00:10:40.6610174-03:00","@version":"1","message":"[GroupCoordinator 0]: Preparing to rebalance group test-group-5563fa14-4a16-4fcb-b036-daea80729f49 in state PreparingRebalance with old generation 1 (__consumer_offsets-0) (reason: Removing member consumer-test-group-5563fa14-4a16-4fcb-b036-daea80729f49-9-572bedc4-c41d-46d8-baf8-9a8b30367cb4 on LeaveGroup; client reason: the consumer is being closed)","logger":"kafka.coordinator.group.GroupCoordinator","thread":"data-plane-kafka-request-handler-1","level":"INFO","level_value":20000}
{"timestamp":"2026-02-13T00:10:40.6610174-03:00","@version":"1","message":"[GroupCoordinator 0]: Group test-group-5563fa14-4a16-4fcb-b036-daea80729f49 with generation 2 is now empty (__consumer_offsets-0)","logger":"kafka.coordinator.group.GroupCoordinator","thread":"data-plane-kafka-request-handler-1","level":"INFO","level_value":20000}
{"timestamp":"2026-02-13T00:10:40.662527-03:00","@version":"1","message":"[GroupCoordinator 0]: Member MemberMetadata(memberId=consumer-test-group-5563fa14-4a16-4fcb-b036-daea80729f49-9-572bedc4-c41d-46d8-baf8-9a8b30367cb4, groupInstanceId=None, clientId=consumer-test-group-5563fa14-4a16-4fcb-b036-daea80729f49-9, clientHost=/127.0.0.1, sessionTimeoutMs=60000, rebalanceTimeoutMs=300000, supportedProtocols=List(range, cooperative-sticky)) has left group test-group-5563fa14-4a16-4fcb-b036-daea80729f49 through explicit `LeaveGroup`; client reason: the consumer is being closed","logger":"kafka.coordinator.group.GroupCoordinator","thread":"data-plane-kafka-request-handler-1","level":"INFO","level_value":20000}
{"timestamp":"2026-02-13T00:10:41.16261-03:00","@version":"1","message":"Metrics scheduler closed","logger":"org.apache.kafka.common.metrics.Metrics","thread":"main","level":"INFO","level_value":20000}
{"timestamp":"2026-02-13T00:10:41.16261-03:00","@version":"1","message":"Closing reporter org.apache.kafka.common.metrics.JmxReporter","logger":"org.apache.kafka.common.metrics.Metrics","thread":"main","level":"INFO","level_value":20000}
{"timestamp":"2026-02-13T00:10:41.16261-03:00","@version":"1","message":"Closing reporter org.apache.kafka.common.telemetry.internals.ClientTelemetryReporter","logger":"org.apache.kafka.common.metrics.Metrics","thread":"main","level":"INFO","level_value":20000}
{"timestamp":"2026-02-13T00:10:41.16261-03:00","@version":"1","message":"Metrics reporters closed","logger":"org.apache.kafka.common.metrics.Metrics","thread":"main","level":"INFO","level_value":20000}
{"timestamp":"2026-02-13T00:10:41.166638-03:00","@version":"1","message":"App info kafka.consumer for consumer-test-group-5563fa14-4a16-4fcb-b036-daea80729f49-9 unregistered","logger":"org.apache.kafka.common.utils.AppInfoParser","thread":"main","level":"INFO","level_value":20000}
]]></system-out>
  </testcase>
</testsuite>