<?xml version="1.0" encoding="UTF-8"?>
<testsuite xmlns:xsi="http://www.w3.org/2001/XMLSchema-instance" xsi:noNamespaceSchemaLocation="https://maven.apache.org/surefire/maven-surefire-plugin/xsd/surefire-test-report-3.0.xsd" version="3.0" name="br.com.grupo99.billingservice.infrastructure.repository.OrcamentoRepositoryTest" time="4.871" tests="5" errors="0" skipped="0" failures="0">
  <properties>
[...]
</properties>
  <testcase name="deveBuscarOrcamentoPorOsId" classname="br.com.grupo99.billingservice.infrastructure.repository.OrcamentoRepositoryTest" time="0.524">
    <system-out><![CDATA[{"timestamp":"2026-02-13T00:10:41.1776928-03:00","@version":"1","message":"Could not detect default configuration classes for test class [br.com.grupo99.billingservice.infrastructure.repository.OrcamentoRepositoryTest]: OrcamentoRepositoryTest does not declare any static, non-private, non-final, nested classes annotated with @Configuration.","logger":"org.springframework.test.context.support.AnnotationConfigContextLoaderUtils","thread":"main","level":"INFO","level_value":20000}
{"timestamp":"2026-02-13T00:10:41.227049-03:00","@version":"1","message":"Found @SpringBootConfiguration br.com.grupo99.billingservice.BillingServiceApplication for test class br.com.grupo99.billingservice.infrastructure.repository.OrcamentoRepositoryTest","logger":"org.springframework.boot.test.context.SpringBootTestContextBootstrapper","thread":"main","level":"INFO","level_value":20000}

  .   ____          _            __ _ _
 /\\ / ___'_ __ _ _(_)_ __  __ _ \ \ \ \
( ( )\___ | '_ | '_| | '_ \/ _` | \ \ \ \
 \\/  ___)| |_)| | | | | || (_| |  ) ) ) )
  '  |____| .__|_| |_|_| |_\__, | / / / /
 =========|_|==============|___/=/_/_/_/

 :: Spring Boot ::               (v3.3.13)

{"timestamp":"2026-02-13T00:10:41.31833-03:00","@version":"1","message":"Starting OrcamentoRepositoryTest using Java 21.0.9 with PID 17892 (started by Meu Computador in C:\\Users\\Meu Computador\\OneDrive\\Área de Trabalho\\FIAP\\projeto\\fase_quatro\\oficina-billing-service)","logger":"br.com.grupo99.billingservice.infrastructure.repository.OrcamentoRepositoryTest","thread":"main","level":"INFO","level_value":20000}
{"timestamp":"2026-02-13T00:10:41.31833-03:00","@version":"1","message":"Running with Spring Boot v3.3.13, Spring v6.1.21","logger":"br.com.grupo99.billingservice.infrastructure.repository.OrcamentoRepositoryTest","thread":"main","level":"DEBUG","level_value":10000}
{"timestamp":"2026-02-13T00:10:41.31833-03:00","@version":"1","message":"The following 1 profile is active: \"test\"","logger":"br.com.grupo99.billingservice.infrastructure.repository.OrcamentoRepositoryTest","thread":"main","level":"INFO","level_value":20000}
{"timestamp":"2026-02-13T00:10:42.3193802-03:00","@version":"1","message":"Tabela 'test-orcamentos' já existe","logger":"br.com.grupo99.billingservice.infrastructure.config.DynamoDbConfig","thread":"main","level":"INFO","level_value":20000}
{"timestamp":"2026-02-13T00:10:42.3317396-03:00","@version":"1","message":"Tabela 'test-pagamentos' já existe","logger":"br.com.grupo99.billingservice.infrastructure.config.DynamoDbConfig","thread":"main","level":"INFO","level_value":20000}
{"timestamp":"2026-02-13T00:10:42.3317396-03:00","@version":"1","message":"✅ Tabelas DynamoDB verificadas/criadas com sucesso","logger":"br.com.grupo99.billingservice.infrastructure.config.DynamoDbConfig","thread":"main","level":"INFO","level_value":20000}
{"timestamp":"2026-02-13T00:10:42.7330337-03:00","@version":"1","message":"\uD83D\uDCCA Kafka Metrics configurado para monitoramento - Billing Service","logger":"br.com.grupo99.billingservice.infrastructure.config.KafkaMetricsConfig","thread":"main","level":"INFO","level_value":20000}
{"timestamp":"2026-02-13T00:10:43.5470793-03:00","@version":"1","message":"Exposing 0 endpoints beneath base path '/actuator'","logger":"org.springframework.boot.actuate.endpoint.web.EndpointLinksResolver","thread":"main","level":"INFO","level_value":20000}
{"timestamp":"2026-02-13T00:10:43.6585492-03:00","@version":"1","message":"You are asking Spring Security to ignore Deferred [Mvc [pattern='/api/v1/auth/**'], Ant [pattern='/api/v1/auth/**']]. This is not recommended -- please use permitAll via HttpSecurity#authorizeHttpRequests instead.","logger":"org.springframework.security.config.annotation.web.builders.WebSecurity","thread":"main","level":"WARN","level_value":30000}
{"timestamp":"2026-02-13T00:10:43.6585492-03:00","@version":"1","message":"You are asking Spring Security to ignore Deferred [Mvc [pattern='/actuator/health/**'], Ant [pattern='/actuator/health/**']]. This is not recommended -- please use permitAll via HttpSecurity#authorizeHttpRequests instead.","logger":"org.springframework.security.config.annotation.web.builders.WebSecurity","thread":"main","level":"WARN","level_value":30000}
{"timestamp":"2026-02-13T00:10:43.6585492-03:00","@version":"1","message":"You are asking Spring Security to ignore Deferred [Mvc [pattern='/actuator/health'], Ant [pattern='/actuator/health']]. This is not recommended -- please use permitAll via HttpSecurity#authorizeHttpRequests instead.","logger":"org.springframework.security.config.annotation.web.builders.WebSecurity","thread":"main","level":"WARN","level_value":30000}
{"timestamp":"2026-02-13T00:10:43.6585492-03:00","@version":"1","message":"You are asking Spring Security to ignore Deferred [Mvc [pattern='/swagger-ui.html'], Ant [pattern='/swagger-ui.html']]. This is not recommended -- please use permitAll via HttpSecurity#authorizeHttpRequests instead.","logger":"org.springframework.security.config.annotation.web.builders.WebSecurity","thread":"main","level":"WARN","level_value":30000}
{"timestamp":"2026-02-13T00:10:43.6585492-03:00","@version":"1","message":"You are asking Spring Security to ignore Deferred [Mvc [pattern='/swagger-ui/**'], Ant [pattern='/swagger-ui/**']]. This is not recommended -- please use permitAll via HttpSecurity#authorizeHttpRequests instead.","logger":"org.springframework.security.config.annotation.web.builders.WebSecurity","thread":"main","level":"WARN","level_value":30000}
{"timestamp":"2026-02-13T00:10:43.6585492-03:00","@version":"1","message":"You are asking Spring Security to ignore Deferred [Mvc [pattern='/api-docs/**'], Ant [pattern='/api-docs/**']]. This is not recommended -- please use permitAll via HttpSecurity#authorizeHttpRequests instead.","logger":"org.springframework.security.config.annotation.web.builders.WebSecurity","thread":"main","level":"WARN","level_value":30000}
{"timestamp":"2026-02-13T00:10:43.6585492-03:00","@version":"1","message":"You are asking Spring Security to ignore Deferred [Mvc [pattern='/v3/api-docs/**'], Ant [pattern='/v3/api-docs/**']]. This is not recommended -- please use permitAll via HttpSecurity#authorizeHttpRequests instead.","logger":"org.springframework.security.config.annotation.web.builders.WebSecurity","thread":"main","level":"WARN","level_value":30000}
{"timestamp":"2026-02-13T00:10:43.6585492-03:00","@version":"1","message":"You are asking Spring Security to ignore Deferred [Mvc [pattern='/swagger-resources'], Ant [pattern='/swagger-resources']]. This is not recommended -- please use permitAll via HttpSecurity#authorizeHttpRequests instead.","logger":"org.springframework.security.config.annotation.web.builders.WebSecurity","thread":"main","level":"WARN","level_value":30000}
{"timestamp":"2026-02-13T00:10:43.6585492-03:00","@version":"1","message":"You are asking Spring Security to ignore Deferred [Mvc [pattern='/swagger-resources/**'], Ant [pattern='/swagger-resources/**']]. This is not recommended -- please use permitAll via HttpSecurity#authorizeHttpRequests instead.","logger":"org.springframework.security.config.annotation.web.builders.WebSecurity","thread":"main","level":"WARN","level_value":30000}
{"timestamp":"2026-02-13T00:10:43.6585492-03:00","@version":"1","message":"You are asking Spring Security to ignore Deferred [Mvc [pattern='/configuration/ui'], Ant [pattern='/configuration/ui']]. This is not recommended -- please use permitAll via HttpSecurity#authorizeHttpRequests instead.","logger":"org.springframework.security.config.annotation.web.builders.WebSecurity","thread":"main","level":"WARN","level_value":30000}
{"timestamp":"2026-02-13T00:10:43.6585492-03:00","@version":"1","message":"You are asking Spring Security to ignore Deferred [Mvc [pattern='/configuration/security'], Ant [pattern='/configuration/security']]. This is not recommended -- please use permitAll via HttpSecurity#authorizeHttpRequests instead.","logger":"org.springframework.security.config.annotation.web.builders.WebSecurity","thread":"main","level":"WARN","level_value":30000}
{"timestamp":"2026-02-13T00:10:43.6585492-03:00","@version":"1","message":"You are asking Spring Security to ignore Deferred [Mvc [pattern='/webjars/**'], Ant [pattern='/webjars/**']]. This is not recommended -- please use permitAll via HttpSecurity#authorizeHttpRequests instead.","logger":"org.springframework.security.config.annotation.web.builders.WebSecurity","thread":"main","level":"WARN","level_value":30000}
{"timestamp":"2026-02-13T00:10:44.8689879-03:00","@version":"1","message":"AdminClientConfig values: \r\n\tauto.include.jmx.reporter = true\r\n\tbootstrap.controllers = []\r\n\tbootstrap.servers = [127.0.0.1:9092]\r\n\tclient.dns.lookup = use_all_dns_ips\r\n\tclient.id = billing-service-test-admin-1\r\n\tconnections.max.idle.ms = 300000\r\n\tdefault.api.timeout.ms = 60000\r\n\tenable.metrics.push = true\r\n\tmetadata.max.age.ms = 300000\r\n\tmetric.reporters = []\r\n\tmetrics.num.samples = 2\r\n\tmetrics.recording.level = INFO\r\n\tmetrics.sample.window.ms = 30000\r\n\treceive.buffer.bytes = 65536\r\n\treconnect.backoff.max.ms = 1000\r\n\treconnect.backoff.ms = 50\r\n\trequest.timeout.ms = 30000\r\n\tretries = 2147483647\r\n\tretry.backoff.max.ms = 1000\r\n\tretry.backoff.ms = 100\r\n\tsasl.client.callback.handler.class = null\r\n\tsasl.jaas.config = null\r\n\tsasl.kerberos.kinit.cmd = /usr/bin/kinit\r\n\tsasl.kerberos.min.time.before.relogin = 60000\r\n\tsasl.kerberos.service.name = null\r\n\tsasl.kerberos.ticket.renew.jitter = 0.05\r\n\tsasl.kerberos.ticket.renew.window.factor = 0.8\r\n\tsasl.login.callback.handler.class = null\r\n\tsasl.login.class = null\r\n\tsasl.login.connect.timeout.ms = null\r\n\tsasl.login.read.timeout.ms = null\r\n\tsasl.login.refresh.buffer.seconds = 300\r\n\tsasl.login.refresh.min.period.seconds = 60\r\n\tsasl.login.refresh.window.factor = 0.8\r\n\tsasl.login.refresh.window.jitter = 0.05\r\n\tsasl.login.retry.backoff.max.ms = 10000\r\n\tsasl.login.retry.backoff.ms = 100\r\n\tsasl.mechanism = GSSAPI\r\n\tsasl.oauthbearer.clock.skew.seconds = 30\r\n\tsasl.oauthbearer.expected.audience = null\r\n\tsasl.oauthbearer.expected.issuer = null\r\n\tsasl.oauthbearer.jwks.endpoint.refresh.ms = 3600000\r\n\tsasl.oauthbearer.jwks.endpoint.retry.backoff.max.ms = 10000\r\n\tsasl.oauthbearer.jwks.endpoint.retry.backoff.ms = 100\r\n\tsasl.oauthbearer.jwks.endpoint.url = null\r\n\tsasl.oauthbearer.scope.claim.name = scope\r\n\tsasl.oauthbearer.sub.claim.name = sub\r\n\tsasl.oauthbearer.token.endpoint.url = null\r\n\tsecurity.protocol = PLAINTEXT\r\n\tsecurity.providers = null\r\n\tsend.buffer.bytes = 131072\r\n\tsocket.connection.setup.timeout.max.ms = 30000\r\n\tsocket.connection.setup.timeout.ms = 10000\r\n\tssl.cipher.suites = null\r\n\tssl.enabled.protocols = [TLSv1.2, TLSv1.3]\r\n\tssl.endpoint.identification.algorithm = https\r\n\tssl.engine.factory.class = null\r\n\tssl.key.password = null\r\n\tssl.keymanager.algorithm = SunX509\r\n\tssl.keystore.certificate.chain = null\r\n\tssl.keystore.key = null\r\n\tssl.keystore.location = null\r\n\tssl.keystore.password = null\r\n\tssl.keystore.type = JKS\r\n\tssl.protocol = TLSv1.3\r\n\tssl.provider = null\r\n\tssl.secure.random.implementation = null\r\n\tssl.trustmanager.algorithm = PKIX\r\n\tssl.truststore.certificates = null\r\n\tssl.truststore.location = null\r\n\tssl.truststore.password = null\r\n\tssl.truststore.type = JKS\r\n","logger":"org.apache.kafka.clients.admin.AdminClientConfig","thread":"main","level":"INFO","level_value":20000}
{"timestamp":"2026-02-13T00:10:44.875992-03:00","@version":"1","message":"Kafka version: 3.7.2","logger":"org.apache.kafka.common.utils.AppInfoParser","thread":"main","level":"INFO","level_value":20000}
{"timestamp":"2026-02-13T00:10:44.8763558-03:00","@version":"1","message":"Kafka commitId: 79a8f2b5f44f9d5a","logger":"org.apache.kafka.common.utils.AppInfoParser","thread":"main","level":"INFO","level_value":20000}
{"timestamp":"2026-02-13T00:10:44.8763558-03:00","@version":"1","message":"Kafka startTimeMs: 1770952244875","logger":"org.apache.kafka.common.utils.AppInfoParser","thread":"main","level":"INFO","level_value":20000}
{"timestamp":"2026-02-13T00:10:44.8899261-03:00","@version":"1","message":"App info kafka.admin.client for billing-service-test-admin-1 unregistered","logger":"org.apache.kafka.common.utils.AppInfoParser","thread":"kafka-admin-client-thread | billing-service-test-admin-1","level":"INFO","level_value":20000}
{"timestamp":"2026-02-13T00:10:44.8932147-03:00","@version":"1","message":"Metrics scheduler closed","logger":"org.apache.kafka.common.metrics.Metrics","thread":"kafka-admin-client-thread | billing-service-test-admin-1","level":"INFO","level_value":20000}
{"timestamp":"2026-02-13T00:10:44.8932147-03:00","@version":"1","message":"Closing reporter org.apache.kafka.common.metrics.JmxReporter","logger":"org.apache.kafka.common.metrics.Metrics","thread":"kafka-admin-client-thread | billing-service-test-admin-1","level":"INFO","level_value":20000}
{"timestamp":"2026-02-13T00:10:44.8932147-03:00","@version":"1","message":"Metrics reporters closed","logger":"org.apache.kafka.common.metrics.Metrics","thread":"kafka-admin-client-thread | billing-service-test-admin-1","level":"INFO","level_value":20000}
{"timestamp":"2026-02-13T00:10:44.8972231-03:00","@version":"1","message":"ConsumerConfig values: \r\n\tallow.auto.create.topics = true\r\n\tauto.commit.interval.ms = 5000\r\n\tauto.include.jmx.reporter = true\r\n\tauto.offset.reset = earliest\r\n\tbootstrap.servers = [127.0.0.1:9092]\r\n\tcheck.crcs = true\r\n\tclient.dns.lookup = use_all_dns_ips\r\n\tclient.id = consumer-billing-service-test-10\r\n\tclient.rack = \r\n\tconnections.max.idle.ms = 540000\r\n\tdefault.api.timeout.ms = 60000\r\n\tenable.auto.commit = false\r\n\tenable.metrics.push = true\r\n\texclude.internal.topics = true\r\n\tfetch.max.bytes = 52428800\r\n\tfetch.max.wait.ms = 500\r\n\tfetch.min.bytes = 1\r\n\tgroup.id = billing-service-test\r\n\tgroup.instance.id = null\r\n\tgroup.protocol = classic\r\n\tgroup.remote.assignor = null\r\n\theartbeat.interval.ms = 15000\r\n\tinterceptor.classes = []\r\n\tinternal.leave.group.on.close = true\r\n\tinternal.throw.on.fetch.stable.offset.unsupported = false\r\n\tisolation.level = read_uncommitted\r\n\tkey.deserializer = class org.apache.kafka.common.serialization.StringDeserializer\r\n\tmax.partition.fetch.bytes = 1048576\r\n\tmax.poll.interval.ms = 300000\r\n\tmax.poll.records = 100\r\n\tmetadata.max.age.ms = 300000\r\n\tmetric.reporters = []\r\n\tmetrics.num.samples = 2\r\n\tmetrics.recording.level = INFO\r\n\tmetrics.sample.window.ms = 30000\r\n\tpartition.assignment.strategy = [class org.apache.kafka.clients.consumer.RangeAssignor, class org.apache.kafka.clients.consumer.CooperativeStickyAssignor]\r\n\treceive.buffer.bytes = 65536\r\n\treconnect.backoff.max.ms = 1000\r\n\treconnect.backoff.ms = 50\r\n\trequest.timeout.ms = 30000\r\n\tretry.backoff.max.ms = 1000\r\n\tretry.backoff.ms = 100\r\n\tsasl.client.callback.handler.class = null\r\n\tsasl.jaas.config = null\r\n\tsasl.kerberos.kinit.cmd = /usr/bin/kinit\r\n\tsasl.kerberos.min.time.before.relogin = 60000\r\n\tsasl.kerberos.service.name = null\r\n\tsasl.kerberos.ticket.renew.jitter = 0.05\r\n\tsasl.kerberos.ticket.renew.window.factor = 0.8\r\n\tsasl.login.callback.handler.class = null\r\n\tsasl.login.class = null\r\n\tsasl.login.connect.timeout.ms = null\r\n\tsasl.login.read.timeout.ms = null\r\n\tsasl.login.refresh.buffer.seconds = 300\r\n\tsasl.login.refresh.min.period.seconds = 60\r\n\tsasl.login.refresh.window.factor = 0.8\r\n\tsasl.login.refresh.window.jitter = 0.05\r\n\tsasl.login.retry.backoff.max.ms = 10000\r\n\tsasl.login.retry.backoff.ms = 100\r\n\tsasl.mechanism = GSSAPI\r\n\tsasl.oauthbearer.clock.skew.seconds = 30\r\n\tsasl.oauthbearer.expected.audience = null\r\n\tsasl.oauthbearer.expected.issuer = null\r\n\tsasl.oauthbearer.jwks.endpoint.refresh.ms = 3600000\r\n\tsasl.oauthbearer.jwks.endpoint.retry.backoff.max.ms = 10000\r\n\tsasl.oauthbearer.jwks.endpoint.retry.backoff.ms = 100\r\n\tsasl.oauthbearer.jwks.endpoint.url = null\r\n\tsasl.oauthbearer.scope.claim.name = scope\r\n\tsasl.oauthbearer.sub.claim.name = sub\r\n\tsasl.oauthbearer.token.endpoint.url = null\r\n\tsecurity.protocol = PLAINTEXT\r\n\tsecurity.providers = null\r\n\tsend.buffer.bytes = 131072\r\n\tsession.timeout.ms = 45000\r\n\tsocket.connection.setup.timeout.max.ms = 30000\r\n\tsocket.connection.setup.timeout.ms = 10000\r\n\tssl.cipher.suites = null\r\n\tssl.enabled.protocols = [TLSv1.2, TLSv1.3]\r\n\tssl.endpoint.identification.algorithm = https\r\n\tssl.engine.factory.class = null\r\n\tssl.key.password = null\r\n\tssl.keymanager.algorithm = SunX509\r\n\tssl.keystore.certificate.chain = null\r\n\tssl.keystore.key = null\r\n\tssl.keystore.location = null\r\n\tssl.keystore.password = null\r\n\tssl.keystore.type = JKS\r\n\tssl.protocol = TLSv1.3\r\n\tssl.provider = null\r\n\tssl.secure.random.implementation = null\r\n\tssl.trustmanager.algorithm = PKIX\r\n\tssl.truststore.certificates = null\r\n\tssl.truststore.location = null\r\n\tssl.truststore.password = null\r\n\tssl.truststore.type = JKS\r\n\tvalue.deserializer = class org.springframework.kafka.support.serializer.JsonDeserializer\r\n","logger":"org.apache.kafka.clients.consumer.ConsumerConfig","thread":"main","level":"INFO","level_value":20000}
{"timestamp":"2026-02-13T00:10:44.8975232-03:00","@version":"1","message":"initializing Kafka metrics collector","logger":"org.apache.kafka.common.telemetry.internals.KafkaMetricsCollector","thread":"main","level":"INFO","level_value":20000}
{"timestamp":"2026-02-13T00:10:44.90456-03:00","@version":"1","message":"Kafka version: 3.7.2","logger":"org.apache.kafka.common.utils.AppInfoParser","thread":"main","level":"INFO","level_value":20000}
{"timestamp":"2026-02-13T00:10:44.9055599-03:00","@version":"1","message":"Kafka commitId: 79a8f2b5f44f9d5a","logger":"org.apache.kafka.common.utils.AppInfoParser","thread":"main","level":"INFO","level_value":20000}
{"timestamp":"2026-02-13T00:10:44.9055599-03:00","@version":"1","message":"Kafka startTimeMs: 1770952244904","logger":"org.apache.kafka.common.utils.AppInfoParser","thread":"main","level":"INFO","level_value":20000}
{"timestamp":"2026-02-13T00:10:44.9055599-03:00","@version":"1","message":"[Consumer clientId=consumer-billing-service-test-10, groupId=billing-service-test] Subscribed to topic(s): execution-events","logger":"org.apache.kafka.clients.consumer.internals.LegacyKafkaConsumer","thread":"main","level":"INFO","level_value":20000}
{"timestamp":"2026-02-13T00:10:44.9099237-03:00","@version":"1","message":"ConsumerConfig values: \r\n\tallow.auto.create.topics = true\r\n\tauto.commit.interval.ms = 5000\r\n\tauto.include.jmx.reporter = true\r\n\tauto.offset.reset = earliest\r\n\tbootstrap.servers = [127.0.0.1:9092]\r\n\tcheck.crcs = true\r\n\tclient.dns.lookup = use_all_dns_ips\r\n\tclient.id = consumer-billing-service-test-11\r\n\tclient.rack = \r\n\tconnections.max.idle.ms = 540000\r\n\tdefault.api.timeout.ms = 60000\r\n\tenable.auto.commit = false\r\n\tenable.metrics.push = true\r\n\texclude.internal.topics = true\r\n\tfetch.max.bytes = 52428800\r\n\tfetch.max.wait.ms = 500\r\n\tfetch.min.bytes = 1\r\n\tgroup.id = billing-service-test\r\n\tgroup.instance.id = null\r\n\tgroup.protocol = classic\r\n\tgroup.remote.assignor = null\r\n\theartbeat.interval.ms = 15000\r\n\tinterceptor.classes = []\r\n\tinternal.leave.group.on.close = true\r\n\tinternal.throw.on.fetch.stable.offset.unsupported = false\r\n\tisolation.level = read_uncommitted\r\n\tkey.deserializer = class org.apache.kafka.common.serialization.StringDeserializer\r\n\tmax.partition.fetch.bytes = 1048576\r\n\tmax.poll.interval.ms = 300000\r\n\tmax.poll.records = 100\r\n\tmetadata.max.age.ms = 300000\r\n\tmetric.reporters = []\r\n\tmetrics.num.samples = 2\r\n\tmetrics.recording.level = INFO\r\n\tmetrics.sample.window.ms = 30000\r\n\tpartition.assignment.strategy = [class org.apache.kafka.clients.consumer.RangeAssignor, class org.apache.kafka.clients.consumer.CooperativeStickyAssignor]\r\n\treceive.buffer.bytes = 65536\r\n\treconnect.backoff.max.ms = 1000\r\n\treconnect.backoff.ms = 50\r\n\trequest.timeout.ms = 30000\r\n\tretry.backoff.max.ms = 1000\r\n\tretry.backoff.ms = 100\r\n\tsasl.client.callback.handler.class = null\r\n\tsasl.jaas.config = null\r\n\tsasl.kerberos.kinit.cmd = /usr/bin/kinit\r\n\tsasl.kerberos.min.time.before.relogin = 60000\r\n\tsasl.kerberos.service.name = null\r\n\tsasl.kerberos.ticket.renew.jitter = 0.05\r\n\tsasl.kerberos.ticket.renew.window.factor = 0.8\r\n\tsasl.login.callback.handler.class = null\r\n\tsasl.login.class = null\r\n\tsasl.login.connect.timeout.ms = null\r\n\tsasl.login.read.timeout.ms = null\r\n\tsasl.login.refresh.buffer.seconds = 300\r\n\tsasl.login.refresh.min.period.seconds = 60\r\n\tsasl.login.refresh.window.factor = 0.8\r\n\tsasl.login.refresh.window.jitter = 0.05\r\n\tsasl.login.retry.backoff.max.ms = 10000\r\n\tsasl.login.retry.backoff.ms = 100\r\n\tsasl.mechanism = GSSAPI\r\n\tsasl.oauthbearer.clock.skew.seconds = 30\r\n\tsasl.oauthbearer.expected.audience = null\r\n\tsasl.oauthbearer.expected.issuer = null\r\n\tsasl.oauthbearer.jwks.endpoint.refresh.ms = 3600000\r\n\tsasl.oauthbearer.jwks.endpoint.retry.backoff.max.ms = 10000\r\n\tsasl.oauthbearer.jwks.endpoint.retry.backoff.ms = 100\r\n\tsasl.oauthbearer.jwks.endpoint.url = null\r\n\tsasl.oauthbearer.scope.claim.name = scope\r\n\tsasl.oauthbearer.sub.claim.name = sub\r\n\tsasl.oauthbearer.token.endpoint.url = null\r\n\tsecurity.protocol = PLAINTEXT\r\n\tsecurity.providers = null\r\n\tsend.buffer.bytes = 131072\r\n\tsession.timeout.ms = 45000\r\n\tsocket.connection.setup.timeout.max.ms = 30000\r\n\tsocket.connection.setup.timeout.ms = 10000\r\n\tssl.cipher.suites = null\r\n\tssl.enabled.protocols = [TLSv1.2, TLSv1.3]\r\n\tssl.endpoint.identification.algorithm = https\r\n\tssl.engine.factory.class = null\r\n\tssl.key.password = null\r\n\tssl.keymanager.algorithm = SunX509\r\n\tssl.keystore.certificate.chain = null\r\n\tssl.keystore.key = null\r\n\tssl.keystore.location = null\r\n\tssl.keystore.password = null\r\n\tssl.keystore.type = JKS\r\n\tssl.protocol = TLSv1.3\r\n\tssl.provider = null\r\n\tssl.secure.random.implementation = null\r\n\tssl.trustmanager.algorithm = PKIX\r\n\tssl.truststore.certificates = null\r\n\tssl.truststore.location = null\r\n\tssl.truststore.password = null\r\n\tssl.truststore.type = JKS\r\n\tvalue.deserializer = class org.springframework.kafka.support.serializer.JsonDeserializer\r\n","logger":"org.apache.kafka.clients.consumer.ConsumerConfig","thread":"main","level":"INFO","level_value":20000}
{"timestamp":"2026-02-13T00:10:44.9109144-03:00","@version":"1","message":"initializing Kafka metrics collector","logger":"org.apache.kafka.common.telemetry.internals.KafkaMetricsCollector","thread":"main","level":"INFO","level_value":20000}
{"timestamp":"2026-02-13T00:10:44.9159957-03:00","@version":"1","message":"[Consumer clientId=consumer-billing-service-test-10, groupId=billing-service-test] Cluster ID: C79zkzX0RJircDXPvFyUTQ","logger":"org.apache.kafka.clients.Metadata","thread":"org.springframework.kafka.KafkaListenerEndpointContainer#0-0-C-1","level":"INFO","level_value":20000}
{"timestamp":"2026-02-13T00:10:44.9169943-03:00","@version":"1","message":"[Consumer clientId=consumer-billing-service-test-10, groupId=billing-service-test] Discovered group coordinator localhost:9092 (id: 2147483647 rack: null)","logger":"org.apache.kafka.clients.consumer.internals.ConsumerCoordinator","thread":"org.springframework.kafka.KafkaListenerEndpointContainer#0-0-C-1","level":"INFO","level_value":20000}
{"timestamp":"2026-02-13T00:10:44.9179945-03:00","@version":"1","message":"[Consumer clientId=consumer-billing-service-test-10, groupId=billing-service-test] (Re-)joining group","logger":"org.apache.kafka.clients.consumer.internals.ConsumerCoordinator","thread":"org.springframework.kafka.KafkaListenerEndpointContainer#0-0-C-1","level":"INFO","level_value":20000}
{"timestamp":"2026-02-13T00:10:44.9199927-03:00","@version":"1","message":"Kafka version: 3.7.2","logger":"org.apache.kafka.common.utils.AppInfoParser","thread":"main","level":"INFO","level_value":20000}
{"timestamp":"2026-02-13T00:10:44.9199927-03:00","@version":"1","message":"Kafka commitId: 79a8f2b5f44f9d5a","logger":"org.apache.kafka.common.utils.AppInfoParser","thread":"main","level":"INFO","level_value":20000}
{"timestamp":"2026-02-13T00:10:44.9199927-03:00","@version":"1","message":"Kafka startTimeMs: 1770952244919","logger":"org.apache.kafka.common.utils.AppInfoParser","thread":"main","level":"INFO","level_value":20000}
{"timestamp":"2026-02-13T00:10:44.9199927-03:00","@version":"1","message":"[Consumer clientId=consumer-billing-service-test-11, groupId=billing-service-test] Subscribed to topic(s): execution-events","logger":"org.apache.kafka.clients.consumer.internals.LegacyKafkaConsumer","thread":"main","level":"INFO","level_value":20000}
{"timestamp":"2026-02-13T00:10:44.9247324-03:00","@version":"1","message":"[GroupCoordinator 0]: Dynamic member with unknown member id joins group billing-service-test in PreparingRebalance state. Created a new member id consumer-billing-service-test-10-75332985-f7b8-4f90-a196-4bfd660658ff and request the member to rejoin with this id.","logger":"kafka.coordinator.group.GroupCoordinator","thread":"data-plane-kafka-request-handler-3","level":"INFO","level_value":20000}
{"timestamp":"2026-02-13T00:10:44.9255136-03:00","@version":"1","message":"[Consumer clientId=consumer-billing-service-test-10, groupId=billing-service-test] Request joining group due to: need to re-join with the given member-id: consumer-billing-service-test-10-75332985-f7b8-4f90-a196-4bfd660658ff","logger":"org.apache.kafka.clients.consumer.internals.ConsumerCoordinator","thread":"org.springframework.kafka.KafkaListenerEndpointContainer#0-0-C-1","level":"INFO","level_value":20000}
{"timestamp":"2026-02-13T00:10:44.9255136-03:00","@version":"1","message":"[Consumer clientId=consumer-billing-service-test-10, groupId=billing-service-test] (Re-)joining group","logger":"org.apache.kafka.clients.consumer.internals.ConsumerCoordinator","thread":"org.springframework.kafka.KafkaListenerEndpointContainer#0-0-C-1","level":"INFO","level_value":20000}
{"timestamp":"2026-02-13T00:10:44.9300326-03:00","@version":"1","message":"ConsumerConfig values: \r\n\tallow.auto.create.topics = true\r\n\tauto.commit.interval.ms = 5000\r\n\tauto.include.jmx.reporter = true\r\n\tauto.offset.reset = earliest\r\n\tbootstrap.servers = [127.0.0.1:9092]\r\n\tcheck.crcs = true\r\n\tclient.dns.lookup = use_all_dns_ips\r\n\tclient.id = consumer-billing-service-test-12\r\n\tclient.rack = \r\n\tconnections.max.idle.ms = 540000\r\n\tdefault.api.timeout.ms = 60000\r\n\tenable.auto.commit = false\r\n\tenable.metrics.push = true\r\n\texclude.internal.topics = true\r\n\tfetch.max.bytes = 52428800\r\n\tfetch.max.wait.ms = 500\r\n\tfetch.min.bytes = 1\r\n\tgroup.id = billing-service-test\r\n\tgroup.instance.id = null\r\n\tgroup.protocol = classic\r\n\tgroup.remote.assignor = null\r\n\theartbeat.interval.ms = 15000\r\n\tinterceptor.classes = []\r\n\tinternal.leave.group.on.close = true\r\n\tinternal.throw.on.fetch.stable.offset.unsupported = false\r\n\tisolation.level = read_uncommitted\r\n\tkey.deserializer = class org.apache.kafka.common.serialization.StringDeserializer\r\n\tmax.partition.fetch.bytes = 1048576\r\n\tmax.poll.interval.ms = 300000\r\n\tmax.poll.records = 100\r\n\tmetadata.max.age.ms = 300000\r\n\tmetric.reporters = []\r\n\tmetrics.num.samples = 2\r\n\tmetrics.recording.level = INFO\r\n\tmetrics.sample.window.ms = 30000\r\n\tpartition.assignment.strategy = [class org.apache.kafka.clients.consumer.RangeAssignor, class org.apache.kafka.clients.consumer.CooperativeStickyAssignor]\r\n\treceive.buffer.bytes = 65536\r\n\treconnect.backoff.max.ms = 1000\r\n\treconnect.backoff.ms = 50\r\n\trequest.timeout.ms = 30000\r\n\tretry.backoff.max.ms = 1000\r\n\tretry.backoff.ms = 100\r\n\tsasl.client.callback.handler.class = null\r\n\tsasl.jaas.config = null\r\n\tsasl.kerberos.kinit.cmd = /usr/bin/kinit\r\n\tsasl.kerberos.min.time.before.relogin = 60000\r\n\tsasl.kerberos.service.name = null\r\n\tsasl.kerberos.ticket.renew.jitter = 0.05\r\n\tsasl.kerberos.ticket.renew.window.factor = 0.8\r\n\tsasl.login.callback.handler.class = null\r\n\tsasl.login.class = null\r\n\tsasl.login.connect.timeout.ms = null\r\n\tsasl.login.read.timeout.ms = null\r\n\tsasl.login.refresh.buffer.seconds = 300\r\n\tsasl.login.refresh.min.period.seconds = 60\r\n\tsasl.login.refresh.window.factor = 0.8\r\n\tsasl.login.refresh.window.jitter = 0.05\r\n\tsasl.login.retry.backoff.max.ms = 10000\r\n\tsasl.login.retry.backoff.ms = 100\r\n\tsasl.mechanism = GSSAPI\r\n\tsasl.oauthbearer.clock.skew.seconds = 30\r\n\tsasl.oauthbearer.expected.audience = null\r\n\tsasl.oauthbearer.expected.issuer = null\r\n\tsasl.oauthbearer.jwks.endpoint.refresh.ms = 3600000\r\n\tsasl.oauthbearer.jwks.endpoint.retry.backoff.max.ms = 10000\r\n\tsasl.oauthbearer.jwks.endpoint.retry.backoff.ms = 100\r\n\tsasl.oauthbearer.jwks.endpoint.url = null\r\n\tsasl.oauthbearer.scope.claim.name = scope\r\n\tsasl.oauthbearer.sub.claim.name = sub\r\n\tsasl.oauthbearer.token.endpoint.url = null\r\n\tsecurity.protocol = PLAINTEXT\r\n\tsecurity.providers = null\r\n\tsend.buffer.bytes = 131072\r\n\tsession.timeout.ms = 45000\r\n\tsocket.connection.setup.timeout.max.ms = 30000\r\n\tsocket.connection.setup.timeout.ms = 10000\r\n\tssl.cipher.suites = null\r\n\tssl.enabled.protocols = [TLSv1.2, TLSv1.3]\r\n\tssl.endpoint.identification.algorithm = https\r\n\tssl.engine.factory.class = null\r\n\tssl.key.password = null\r\n\tssl.keymanager.algorithm = SunX509\r\n\tssl.keystore.certificate.chain = null\r\n\tssl.keystore.key = null\r\n\tssl.keystore.location = null\r\n\tssl.keystore.password = null\r\n\tssl.keystore.type = JKS\r\n\tssl.protocol = TLSv1.3\r\n\tssl.provider = null\r\n\tssl.secure.random.implementation = null\r\n\tssl.trustmanager.algorithm = PKIX\r\n\tssl.truststore.certificates = null\r\n\tssl.truststore.location = null\r\n\tssl.truststore.password = null\r\n\tssl.truststore.type = JKS\r\n\tvalue.deserializer = class org.springframework.kafka.support.serializer.JsonDeserializer\r\n","logger":"org.apache.kafka.clients.consumer.ConsumerConfig","thread":"main","level":"INFO","level_value":20000}
{"timestamp":"2026-02-13T00:10:44.9300326-03:00","@version":"1","message":"initializing Kafka metrics collector","logger":"org.apache.kafka.common.telemetry.internals.KafkaMetricsCollector","thread":"main","level":"INFO","level_value":20000}
{"timestamp":"2026-02-13T00:10:44.9395487-03:00","@version":"1","message":"Kafka version: 3.7.2","logger":"org.apache.kafka.common.utils.AppInfoParser","thread":"main","level":"INFO","level_value":20000}
{"timestamp":"2026-02-13T00:10:44.9405474-03:00","@version":"1","message":"Kafka commitId: 79a8f2b5f44f9d5a","logger":"org.apache.kafka.common.utils.AppInfoParser","thread":"main","level":"INFO","level_value":20000}
{"timestamp":"2026-02-13T00:10:44.9405474-03:00","@version":"1","message":"Kafka startTimeMs: 1770952244939","logger":"org.apache.kafka.common.utils.AppInfoParser","thread":"main","level":"INFO","level_value":20000}
{"timestamp":"2026-02-13T00:10:44.9405474-03:00","@version":"1","message":"[Consumer clientId=consumer-billing-service-test-12, groupId=billing-service-test] Subscribed to topic(s): os-events","logger":"org.apache.kafka.clients.consumer.internals.LegacyKafkaConsumer","thread":"main","level":"INFO","level_value":20000}
{"timestamp":"2026-02-13T00:10:44.9563342-03:00","@version":"1","message":"[Consumer clientId=consumer-billing-service-test-11, groupId=billing-service-test] Cluster ID: C79zkzX0RJircDXPvFyUTQ","logger":"org.apache.kafka.clients.Metadata","thread":"org.springframework.kafka.KafkaListenerEndpointContainer#0-1-C-1","level":"INFO","level_value":20000}
{"timestamp":"2026-02-13T00:10:44.959332-03:00","@version":"1","message":"[Consumer clientId=consumer-billing-service-test-11, groupId=billing-service-test] Discovered group coordinator localhost:9092 (id: 2147483647 rack: null)","logger":"org.apache.kafka.clients.consumer.internals.ConsumerCoordinator","thread":"org.springframework.kafka.KafkaListenerEndpointContainer#0-1-C-1","level":"INFO","level_value":20000}
{"timestamp":"2026-02-13T00:10:44.9613336-03:00","@version":"1","message":"[Consumer clientId=consumer-billing-service-test-11, groupId=billing-service-test] (Re-)joining group","logger":"org.apache.kafka.clients.consumer.internals.ConsumerCoordinator","thread":"org.springframework.kafka.KafkaListenerEndpointContainer#0-1-C-1","level":"INFO","level_value":20000}
{"timestamp":"2026-02-13T00:10:44.963855-03:00","@version":"1","message":"[GroupCoordinator 0]: Dynamic member with unknown member id joins group billing-service-test in PreparingRebalance state. Created a new member id consumer-billing-service-test-11-eabe8a86-45f7-49f6-9a62-0f8527f2e751 and request the member to rejoin with this id.","logger":"kafka.coordinator.group.GroupCoordinator","thread":"data-plane-kafka-request-handler-7","level":"INFO","level_value":20000}
{"timestamp":"2026-02-13T00:10:44.9653696-03:00","@version":"1","message":"[Consumer clientId=consumer-billing-service-test-11, groupId=billing-service-test] Request joining group due to: need to re-join with the given member-id: consumer-billing-service-test-11-eabe8a86-45f7-49f6-9a62-0f8527f2e751","logger":"org.apache.kafka.clients.consumer.internals.ConsumerCoordinator","thread":"org.springframework.kafka.KafkaListenerEndpointContainer#0-1-C-1","level":"INFO","level_value":20000}
{"timestamp":"2026-02-13T00:10:44.9663793-03:00","@version":"1","message":"[Consumer clientId=consumer-billing-service-test-11, groupId=billing-service-test] (Re-)joining group","logger":"org.apache.kafka.clients.consumer.internals.ConsumerCoordinator","thread":"org.springframework.kafka.KafkaListenerEndpointContainer#0-1-C-1","level":"INFO","level_value":20000}
{"timestamp":"2026-02-13T00:10:44.9693823-03:00","@version":"1","message":"ConsumerConfig values: \r\n\tallow.auto.create.topics = true\r\n\tauto.commit.interval.ms = 5000\r\n\tauto.include.jmx.reporter = true\r\n\tauto.offset.reset = earliest\r\n\tbootstrap.servers = [127.0.0.1:9092]\r\n\tcheck.crcs = true\r\n\tclient.dns.lookup = use_all_dns_ips\r\n\tclient.id = consumer-billing-service-test-13\r\n\tclient.rack = \r\n\tconnections.max.idle.ms = 540000\r\n\tdefault.api.timeout.ms = 60000\r\n\tenable.auto.commit = false\r\n\tenable.metrics.push = true\r\n\texclude.internal.topics = true\r\n\tfetch.max.bytes = 52428800\r\n\tfetch.max.wait.ms = 500\r\n\tfetch.min.bytes = 1\r\n\tgroup.id = billing-service-test\r\n\tgroup.instance.id = null\r\n\tgroup.protocol = classic\r\n\tgroup.remote.assignor = null\r\n\theartbeat.interval.ms = 15000\r\n\tinterceptor.classes = []\r\n\tinternal.leave.group.on.close = true\r\n\tinternal.throw.on.fetch.stable.offset.unsupported = false\r\n\tisolation.level = read_uncommitted\r\n\tkey.deserializer = class org.apache.kafka.common.serialization.StringDeserializer\r\n\tmax.partition.fetch.bytes = 1048576\r\n\tmax.poll.interval.ms = 300000\r\n\tmax.poll.records = 100\r\n\tmetadata.max.age.ms = 300000\r\n\tmetric.reporters = []\r\n\tmetrics.num.samples = 2\r\n\tmetrics.recording.level = INFO\r\n\tmetrics.sample.window.ms = 30000\r\n\tpartition.assignment.strategy = [class org.apache.kafka.clients.consumer.RangeAssignor, class org.apache.kafka.clients.consumer.CooperativeStickyAssignor]\r\n\treceive.buffer.bytes = 65536\r\n\treconnect.backoff.max.ms = 1000\r\n\treconnect.backoff.ms = 50\r\n\trequest.timeout.ms = 30000\r\n\tretry.backoff.max.ms = 1000\r\n\tretry.backoff.ms = 100\r\n\tsasl.client.callback.handler.class = null\r\n\tsasl.jaas.config = null\r\n\tsasl.kerberos.kinit.cmd = /usr/bin/kinit\r\n\tsasl.kerberos.min.time.before.relogin = 60000\r\n\tsasl.kerberos.service.name = null\r\n\tsasl.kerberos.ticket.renew.jitter = 0.05\r\n\tsasl.kerberos.ticket.renew.window.factor = 0.8\r\n\tsasl.login.callback.handler.class = null\r\n\tsasl.login.class = null\r\n\tsasl.login.connect.timeout.ms = null\r\n\tsasl.login.read.timeout.ms = null\r\n\tsasl.login.refresh.buffer.seconds = 300\r\n\tsasl.login.refresh.min.period.seconds = 60\r\n\tsasl.login.refresh.window.factor = 0.8\r\n\tsasl.login.refresh.window.jitter = 0.05\r\n\tsasl.login.retry.backoff.max.ms = 10000\r\n\tsasl.login.retry.backoff.ms = 100\r\n\tsasl.mechanism = GSSAPI\r\n\tsasl.oauthbearer.clock.skew.seconds = 30\r\n\tsasl.oauthbearer.expected.audience = null\r\n\tsasl.oauthbearer.expected.issuer = null\r\n\tsasl.oauthbearer.jwks.endpoint.refresh.ms = 3600000\r\n\tsasl.oauthbearer.jwks.endpoint.retry.backoff.max.ms = 10000\r\n\tsasl.oauthbearer.jwks.endpoint.retry.backoff.ms = 100\r\n\tsasl.oauthbearer.jwks.endpoint.url = null\r\n\tsasl.oauthbearer.scope.claim.name = scope\r\n\tsasl.oauthbearer.sub.claim.name = sub\r\n\tsasl.oauthbearer.token.endpoint.url = null\r\n\tsecurity.protocol = PLAINTEXT\r\n\tsecurity.providers = null\r\n\tsend.buffer.bytes = 131072\r\n\tsession.timeout.ms = 45000\r\n\tsocket.connection.setup.timeout.max.ms = 30000\r\n\tsocket.connection.setup.timeout.ms = 10000\r\n\tssl.cipher.suites = null\r\n\tssl.enabled.protocols = [TLSv1.2, TLSv1.3]\r\n\tssl.endpoint.identification.algorithm = https\r\n\tssl.engine.factory.class = null\r\n\tssl.key.password = null\r\n\tssl.keymanager.algorithm = SunX509\r\n\tssl.keystore.certificate.chain = null\r\n\tssl.keystore.key = null\r\n\tssl.keystore.location = null\r\n\tssl.keystore.password = null\r\n\tssl.keystore.type = JKS\r\n\tssl.protocol = TLSv1.3\r\n\tssl.provider = null\r\n\tssl.secure.random.implementation = null\r\n\tssl.trustmanager.algorithm = PKIX\r\n\tssl.truststore.certificates = null\r\n\tssl.truststore.location = null\r\n\tssl.truststore.password = null\r\n\tssl.truststore.type = JKS\r\n\tvalue.deserializer = class org.springframework.kafka.support.serializer.JsonDeserializer\r\n","logger":"org.apache.kafka.clients.consumer.ConsumerConfig","thread":"main","level":"INFO","level_value":20000}
{"timestamp":"2026-02-13T00:10:44.9703816-03:00","@version":"1","message":"initializing Kafka metrics collector","logger":"org.apache.kafka.common.telemetry.internals.KafkaMetricsCollector","thread":"main","level":"INFO","level_value":20000}
{"timestamp":"2026-02-13T00:10:44.9752314-03:00","@version":"1","message":"[Consumer clientId=consumer-billing-service-test-12, groupId=billing-service-test] Cluster ID: C79zkzX0RJircDXPvFyUTQ","logger":"org.apache.kafka.clients.Metadata","thread":"org.springframework.kafka.KafkaListenerEndpointContainer#1-0-C-1","level":"INFO","level_value":20000}
{"timestamp":"2026-02-13T00:10:44.9772465-03:00","@version":"1","message":"[Consumer clientId=consumer-billing-service-test-12, groupId=billing-service-test] Discovered group coordinator localhost:9092 (id: 2147483647 rack: null)","logger":"org.apache.kafka.clients.consumer.internals.ConsumerCoordinator","thread":"org.springframework.kafka.KafkaListenerEndpointContainer#1-0-C-1","level":"INFO","level_value":20000}
{"timestamp":"2026-02-13T00:10:44.9782421-03:00","@version":"1","message":"[Consumer clientId=consumer-billing-service-test-12, groupId=billing-service-test] (Re-)joining group","logger":"org.apache.kafka.clients.consumer.internals.ConsumerCoordinator","thread":"org.springframework.kafka.KafkaListenerEndpointContainer#1-0-C-1","level":"INFO","level_value":20000}
{"timestamp":"2026-02-13T00:10:44.9817692-03:00","@version":"1","message":"Kafka version: 3.7.2","logger":"org.apache.kafka.common.utils.AppInfoParser","thread":"main","level":"INFO","level_value":20000}
{"timestamp":"2026-02-13T00:10:44.9827704-03:00","@version":"1","message":"Kafka commitId: 79a8f2b5f44f9d5a","logger":"org.apache.kafka.common.utils.AppInfoParser","thread":"main","level":"INFO","level_value":20000}
{"timestamp":"2026-02-13T00:10:44.9827704-03:00","@version":"1","message":"Kafka startTimeMs: 1770952244981","logger":"org.apache.kafka.common.utils.AppInfoParser","thread":"main","level":"INFO","level_value":20000}
{"timestamp":"2026-02-13T00:10:44.98377-03:00","@version":"1","message":"[Consumer clientId=consumer-billing-service-test-13, groupId=billing-service-test] Subscribed to topic(s): os-events","logger":"org.apache.kafka.clients.consumer.internals.LegacyKafkaConsumer","thread":"main","level":"INFO","level_value":20000}
{"timestamp":"2026-02-13T00:10:44.984767-03:00","@version":"1","message":"[GroupCoordinator 0]: Dynamic member with unknown member id joins group billing-service-test in PreparingRebalance state. Created a new member id consumer-billing-service-test-12-1778d8a6-1c68-4c45-b122-b2e1f8ed93e0 and request the member to rejoin with this id.","logger":"kafka.coordinator.group.GroupCoordinator","thread":"data-plane-kafka-request-handler-2","level":"INFO","level_value":20000}
{"timestamp":"2026-02-13T00:10:44.984767-03:00","@version":"1","message":"[Consumer clientId=consumer-billing-service-test-12, groupId=billing-service-test] Request joining group due to: need to re-join with the given member-id: consumer-billing-service-test-12-1778d8a6-1c68-4c45-b122-b2e1f8ed93e0","logger":"org.apache.kafka.clients.consumer.internals.ConsumerCoordinator","thread":"org.springframework.kafka.KafkaListenerEndpointContainer#1-0-C-1","level":"INFO","level_value":20000}
{"timestamp":"2026-02-13T00:10:44.9857694-03:00","@version":"1","message":"[Consumer clientId=consumer-billing-service-test-12, groupId=billing-service-test] (Re-)joining group","logger":"org.apache.kafka.clients.consumer.internals.ConsumerCoordinator","thread":"org.springframework.kafka.KafkaListenerEndpointContainer#1-0-C-1","level":"INFO","level_value":20000}
{"timestamp":"2026-02-13T00:10:45.0118072-03:00","@version":"1","message":"ConsumerConfig values: \r\n\tallow.auto.create.topics = true\r\n\tauto.commit.interval.ms = 5000\r\n\tauto.include.jmx.reporter = true\r\n\tauto.offset.reset = earliest\r\n\tbootstrap.servers = [127.0.0.1:9092]\r\n\tcheck.crcs = true\r\n\tclient.dns.lookup = use_all_dns_ips\r\n\tclient.id = consumer-billing-service-test-14\r\n\tclient.rack = \r\n\tconnections.max.idle.ms = 540000\r\n\tdefault.api.timeout.ms = 60000\r\n\tenable.auto.commit = false\r\n\tenable.metrics.push = true\r\n\texclude.internal.topics = true\r\n\tfetch.max.bytes = 52428800\r\n\tfetch.max.wait.ms = 500\r\n\tfetch.min.bytes = 1\r\n\tgroup.id = billing-service-test\r\n\tgroup.instance.id = null\r\n\tgroup.protocol = classic\r\n\tgroup.remote.assignor = null\r\n\theartbeat.interval.ms = 15000\r\n\tinterceptor.classes = []\r\n\tinternal.leave.group.on.close = true\r\n\tinternal.throw.on.fetch.stable.offset.unsupported = false\r\n\tisolation.level = read_uncommitted\r\n\tkey.deserializer = class org.apache.kafka.common.serialization.StringDeserializer\r\n\tmax.partition.fetch.bytes = 1048576\r\n\tmax.poll.interval.ms = 300000\r\n\tmax.poll.records = 100\r\n\tmetadata.max.age.ms = 300000\r\n\tmetric.reporters = []\r\n\tmetrics.num.samples = 2\r\n\tmetrics.recording.level = INFO\r\n\tmetrics.sample.window.ms = 30000\r\n\tpartition.assignment.strategy = [class org.apache.kafka.clients.consumer.RangeAssignor, class org.apache.kafka.clients.consumer.CooperativeStickyAssignor]\r\n\treceive.buffer.bytes = 65536\r\n\treconnect.backoff.max.ms = 1000\r\n\treconnect.backoff.ms = 50\r\n\trequest.timeout.ms = 30000\r\n\tretry.backoff.max.ms = 1000\r\n\tretry.backoff.ms = 100\r\n\tsasl.client.callback.handler.class = null\r\n\tsasl.jaas.config = null\r\n\tsasl.kerberos.kinit.cmd = /usr/bin/kinit\r\n\tsasl.kerberos.min.time.before.relogin = 60000\r\n\tsasl.kerberos.service.name = null\r\n\tsasl.kerberos.ticket.renew.jitter = 0.05\r\n\tsasl.kerberos.ticket.renew.window.factor = 0.8\r\n\tsasl.login.callback.handler.class = null\r\n\tsasl.login.class = null\r\n\tsasl.login.connect.timeout.ms = null\r\n\tsasl.login.read.timeout.ms = null\r\n\tsasl.login.refresh.buffer.seconds = 300\r\n\tsasl.login.refresh.min.period.seconds = 60\r\n\tsasl.login.refresh.window.factor = 0.8\r\n\tsasl.login.refresh.window.jitter = 0.05\r\n\tsasl.login.retry.backoff.max.ms = 10000\r\n\tsasl.login.retry.backoff.ms = 100\r\n\tsasl.mechanism = GSSAPI\r\n\tsasl.oauthbearer.clock.skew.seconds = 30\r\n\tsasl.oauthbearer.expected.audience = null\r\n\tsasl.oauthbearer.expected.issuer = null\r\n\tsasl.oauthbearer.jwks.endpoint.refresh.ms = 3600000\r\n\tsasl.oauthbearer.jwks.endpoint.retry.backoff.max.ms = 10000\r\n\tsasl.oauthbearer.jwks.endpoint.retry.backoff.ms = 100\r\n\tsasl.oauthbearer.jwks.endpoint.url = null\r\n\tsasl.oauthbearer.scope.claim.name = scope\r\n\tsasl.oauthbearer.sub.claim.name = sub\r\n\tsasl.oauthbearer.token.endpoint.url = null\r\n\tsecurity.protocol = PLAINTEXT\r\n\tsecurity.providers = null\r\n\tsend.buffer.bytes = 131072\r\n\tsession.timeout.ms = 45000\r\n\tsocket.connection.setup.timeout.max.ms = 30000\r\n\tsocket.connection.setup.timeout.ms = 10000\r\n\tssl.cipher.suites = null\r\n\tssl.enabled.protocols = [TLSv1.2, TLSv1.3]\r\n\tssl.endpoint.identification.algorithm = https\r\n\tssl.engine.factory.class = null\r\n\tssl.key.password = null\r\n\tssl.keymanager.algorithm = SunX509\r\n\tssl.keystore.certificate.chain = null\r\n\tssl.keystore.key = null\r\n\tssl.keystore.location = null\r\n\tssl.keystore.password = null\r\n\tssl.keystore.type = JKS\r\n\tssl.protocol = TLSv1.3\r\n\tssl.provider = null\r\n\tssl.secure.random.implementation = null\r\n\tssl.trustmanager.algorithm = PKIX\r\n\tssl.truststore.certificates = null\r\n\tssl.truststore.location = null\r\n\tssl.truststore.password = null\r\n\tssl.truststore.type = JKS\r\n\tvalue.deserializer = class org.springframework.kafka.support.serializer.JsonDeserializer\r\n","logger":"org.apache.kafka.clients.consumer.ConsumerConfig","thread":"main","level":"INFO","level_value":20000}
{"timestamp":"2026-02-13T00:10:45.0128159-03:00","@version":"1","message":"initializing Kafka metrics collector","logger":"org.apache.kafka.common.telemetry.internals.KafkaMetricsCollector","thread":"main","level":"INFO","level_value":20000}
{"timestamp":"2026-02-13T00:10:45.0154571-03:00","@version":"1","message":"[Consumer clientId=consumer-billing-service-test-13, groupId=billing-service-test] Cluster ID: C79zkzX0RJircDXPvFyUTQ","logger":"org.apache.kafka.clients.Metadata","thread":"org.springframework.kafka.KafkaListenerEndpointContainer#1-1-C-1","level":"INFO","level_value":20000}
{"timestamp":"2026-02-13T00:10:45.0164657-03:00","@version":"1","message":"[Consumer clientId=consumer-billing-service-test-13, groupId=billing-service-test] Discovered group coordinator localhost:9092 (id: 2147483647 rack: null)","logger":"org.apache.kafka.clients.consumer.internals.ConsumerCoordinator","thread":"org.springframework.kafka.KafkaListenerEndpointContainer#1-1-C-1","level":"INFO","level_value":20000}
{"timestamp":"2026-02-13T00:10:45.0174669-03:00","@version":"1","message":"[Consumer clientId=consumer-billing-service-test-13, groupId=billing-service-test] (Re-)joining group","logger":"org.apache.kafka.clients.consumer.internals.ConsumerCoordinator","thread":"org.springframework.kafka.KafkaListenerEndpointContainer#1-1-C-1","level":"INFO","level_value":20000}
{"timestamp":"2026-02-13T00:10:45.0260711-03:00","@version":"1","message":"[GroupCoordinator 0]: Dynamic member with unknown member id joins group billing-service-test in PreparingRebalance state. Created a new member id consumer-billing-service-test-13-56c9e643-2f2a-482b-8de3-e7881ededcad and request the member to rejoin with this id.","logger":"kafka.coordinator.group.GroupCoordinator","thread":"data-plane-kafka-request-handler-6","level":"INFO","level_value":20000}
{"timestamp":"2026-02-13T00:10:45.0260711-03:00","@version":"1","message":"Kafka version: 3.7.2","logger":"org.apache.kafka.common.utils.AppInfoParser","thread":"main","level":"INFO","level_value":20000}
{"timestamp":"2026-02-13T00:10:45.0260711-03:00","@version":"1","message":"Kafka commitId: 79a8f2b5f44f9d5a","logger":"org.apache.kafka.common.utils.AppInfoParser","thread":"main","level":"INFO","level_value":20000}
{"timestamp":"2026-02-13T00:10:45.0270826-03:00","@version":"1","message":"Kafka startTimeMs: 1770952245026","logger":"org.apache.kafka.common.utils.AppInfoParser","thread":"main","level":"INFO","level_value":20000}
{"timestamp":"2026-02-13T00:10:45.0270826-03:00","@version":"1","message":"[Consumer clientId=consumer-billing-service-test-13, groupId=billing-service-test] Request joining group due to: need to re-join with the given member-id: consumer-billing-service-test-13-56c9e643-2f2a-482b-8de3-e7881ededcad","logger":"org.apache.kafka.clients.consumer.internals.ConsumerCoordinator","thread":"org.springframework.kafka.KafkaListenerEndpointContainer#1-1-C-1","level":"INFO","level_value":20000}
{"timestamp":"2026-02-13T00:10:45.0270826-03:00","@version":"1","message":"[Consumer clientId=consumer-billing-service-test-13, groupId=billing-service-test] (Re-)joining group","logger":"org.apache.kafka.clients.consumer.internals.ConsumerCoordinator","thread":"org.springframework.kafka.KafkaListenerEndpointContainer#1-1-C-1","level":"INFO","level_value":20000}
{"timestamp":"2026-02-13T00:10:45.0280797-03:00","@version":"1","message":"[Consumer clientId=consumer-billing-service-test-14, groupId=billing-service-test] Subscribed to topic(s): os-events","logger":"org.apache.kafka.clients.consumer.internals.LegacyKafkaConsumer","thread":"main","level":"INFO","level_value":20000}
{"timestamp":"2026-02-13T00:10:45.0458357-03:00","@version":"1","message":"[Consumer clientId=consumer-billing-service-test-14, groupId=billing-service-test] Cluster ID: C79zkzX0RJircDXPvFyUTQ","logger":"org.apache.kafka.clients.Metadata","thread":"org.springframework.kafka.KafkaListenerEndpointContainer#1-2-C-1","level":"INFO","level_value":20000}
{"timestamp":"2026-02-13T00:10:45.0467922-03:00","@version":"1","message":"[Consumer clientId=consumer-billing-service-test-14, groupId=billing-service-test] Discovered group coordinator localhost:9092 (id: 2147483647 rack: null)","logger":"org.apache.kafka.clients.consumer.internals.ConsumerCoordinator","thread":"org.springframework.kafka.KafkaListenerEndpointContainer#1-2-C-1","level":"INFO","level_value":20000}
{"timestamp":"2026-02-13T00:10:45.0473023-03:00","@version":"1","message":"[Consumer clientId=consumer-billing-service-test-14, groupId=billing-service-test] (Re-)joining group","logger":"org.apache.kafka.clients.consumer.internals.ConsumerCoordinator","thread":"org.springframework.kafka.KafkaListenerEndpointContainer#1-2-C-1","level":"INFO","level_value":20000}
{"timestamp":"2026-02-13T00:10:45.0512085-03:00","@version":"1","message":"[GroupCoordinator 0]: Dynamic member with unknown member id joins group billing-service-test in PreparingRebalance state. Created a new member id consumer-billing-service-test-14-15a97c03-2059-4cd7-b5f4-c6de66af0348 and request the member to rejoin with this id.","logger":"kafka.coordinator.group.GroupCoordinator","thread":"data-plane-kafka-request-handler-3","level":"INFO","level_value":20000}
{"timestamp":"2026-02-13T00:10:45.0512085-03:00","@version":"1","message":"[Consumer clientId=consumer-billing-service-test-14, groupId=billing-service-test] Request joining group due to: need to re-join with the given member-id: consumer-billing-service-test-14-15a97c03-2059-4cd7-b5f4-c6de66af0348","logger":"org.apache.kafka.clients.consumer.internals.ConsumerCoordinator","thread":"org.springframework.kafka.KafkaListenerEndpointContainer#1-2-C-1","level":"INFO","level_value":20000}
{"timestamp":"2026-02-13T00:10:45.0512085-03:00","@version":"1","message":"[Consumer clientId=consumer-billing-service-test-14, groupId=billing-service-test] (Re-)joining group","logger":"org.apache.kafka.clients.consumer.internals.ConsumerCoordinator","thread":"org.springframework.kafka.KafkaListenerEndpointContainer#1-2-C-1","level":"INFO","level_value":20000}
{"timestamp":"2026-02-13T00:10:45.0597301-03:00","@version":"1","message":"Started OrcamentoRepositoryTest in 3.825 seconds (process running for 60.799)","logger":"br.com.grupo99.billingservice.infrastructure.repository.OrcamentoRepositoryTest","thread":"main","level":"INFO","level_value":20000}
{"timestamp":"2026-02-13T00:10:45.2338619-03:00","@version":"1","message":"Todos os OrcamentoEntities deletados","logger":"br.com.grupo99.billingservice.infrastructure.persistence.repository.DynamoDbOrcamentoRepository","thread":"main","level":"DEBUG","level_value":10000}
{"timestamp":"2026-02-13T00:10:45.2349122-03:00","@version":"1","message":"Salvando orcamento: 7b716833-678c-4300-868a-ec25f9e0e004","logger":"br.com.grupo99.billingservice.infrastructure.persistence.adapter.OrcamentoRepositoryAdapter","thread":"main","level":"DEBUG","level_value":10000}
{"timestamp":"2026-02-13T00:10:45.4045804-03:00","@version":"1","message":"OrcamentoEntity salvo: 7b716833-678c-4300-868a-ec25f9e0e004","logger":"br.com.grupo99.billingservice.infrastructure.persistence.repository.DynamoDbOrcamentoRepository","thread":"main","level":"DEBUG","level_value":10000}
{"timestamp":"2026-02-13T00:10:45.4053715-03:00","@version":"1","message":"Buscando orcamento por osId: ede82da8-6538-4c6b-9360-bef590a429f2","logger":"br.com.grupo99.billingservice.infrastructure.persistence.adapter.OrcamentoRepositoryAdapter","thread":"main","level":"DEBUG","level_value":10000}
]]></system-out>
  </testcase>
  <testcase name="deveBuscarOrcamentosPorStatus" classname="br.com.grupo99.billingservice.infrastructure.repository.OrcamentoRepositoryTest" time="0.179">
    <system-out><![CDATA[{"timestamp":"2026-02-13T00:10:45.6795539-03:00","@version":"1","message":"OrcamentoEntity deletado: 7b716833-678c-4300-868a-ec25f9e0e004","logger":"br.com.grupo99.billingservice.infrastructure.persistence.repository.DynamoDbOrcamentoRepository","thread":"main","level":"DEBUG","level_value":10000}
{"timestamp":"2026-02-13T00:10:45.6800607-03:00","@version":"1","message":"Todos os OrcamentoEntities deletados","logger":"br.com.grupo99.billingservice.infrastructure.persistence.repository.DynamoDbOrcamentoRepository","thread":"main","level":"DEBUG","level_value":10000}
{"timestamp":"2026-02-13T00:10:45.6800607-03:00","@version":"1","message":"Salvando orcamento: 8c071f2c-9397-405f-9546-ea67ecfc1696","logger":"br.com.grupo99.billingservice.infrastructure.persistence.adapter.OrcamentoRepositoryAdapter","thread":"main","level":"DEBUG","level_value":10000}
{"timestamp":"2026-02-13T00:10:45.6962004-03:00","@version":"1","message":"OrcamentoEntity salvo: 8c071f2c-9397-405f-9546-ea67ecfc1696","logger":"br.com.grupo99.billingservice.infrastructure.persistence.repository.DynamoDbOrcamentoRepository","thread":"main","level":"DEBUG","level_value":10000}
{"timestamp":"2026-02-13T00:10:45.6962004-03:00","@version":"1","message":"Salvando orcamento: 2a5a2eda-15e6-4ad1-9a99-a7acf20be9dc","logger":"br.com.grupo99.billingservice.infrastructure.persistence.adapter.OrcamentoRepositoryAdapter","thread":"main","level":"DEBUG","level_value":10000}
{"timestamp":"2026-02-13T00:10:45.7127502-03:00","@version":"1","message":"OrcamentoEntity salvo: 2a5a2eda-15e6-4ad1-9a99-a7acf20be9dc","logger":"br.com.grupo99.billingservice.infrastructure.persistence.repository.DynamoDbOrcamentoRepository","thread":"main","level":"DEBUG","level_value":10000}
{"timestamp":"2026-02-13T00:10:45.7127502-03:00","@version":"1","message":"Salvando orcamento: 13aa58e8-0865-43af-8cbe-0ca9f77e4687","logger":"br.com.grupo99.billingservice.infrastructure.persistence.adapter.OrcamentoRepositoryAdapter","thread":"main","level":"DEBUG","level_value":10000}
{"timestamp":"2026-02-13T00:10:45.7283372-03:00","@version":"1","message":"OrcamentoEntity salvo: 13aa58e8-0865-43af-8cbe-0ca9f77e4687","logger":"br.com.grupo99.billingservice.infrastructure.persistence.repository.DynamoDbOrcamentoRepository","thread":"main","level":"DEBUG","level_value":10000}
{"timestamp":"2026-02-13T00:10:45.7293377-03:00","@version":"1","message":"Buscando orcamentos por status: PENDENTE","logger":"br.com.grupo99.billingservice.infrastructure.persistence.adapter.OrcamentoRepositoryAdapter","thread":"main","level":"DEBUG","level_value":10000}
{"timestamp":"2026-02-13T00:10:45.7513179-03:00","@version":"1","message":"Buscando orcamentos por status: APROVADO","logger":"br.com.grupo99.billingservice.infrastructure.persistence.adapter.OrcamentoRepositoryAdapter","thread":"main","level":"DEBUG","level_value":10000}
]]></system-out>
  </testcase>
  <testcase name="deveSalvarOrcamentoComSucesso" classname="br.com.grupo99.billingservice.infrastructure.repository.OrcamentoRepositoryTest" time="0.083">
    <system-out><![CDATA[{"timestamp":"2026-02-13T00:10:45.8162152-03:00","@version":"1","message":"OrcamentoEntity deletado: 13aa58e8-0865-43af-8cbe-0ca9f77e4687","logger":"br.com.grupo99.billingservice.infrastructure.persistence.repository.DynamoDbOrcamentoRepository","thread":"main","level":"DEBUG","level_value":10000}
{"timestamp":"2026-02-13T00:10:45.8305735-03:00","@version":"1","message":"OrcamentoEntity deletado: 8c071f2c-9397-405f-9546-ea67ecfc1696","logger":"br.com.grupo99.billingservice.infrastructure.persistence.repository.DynamoDbOrcamentoRepository","thread":"main","level":"DEBUG","level_value":10000}
{"timestamp":"2026-02-13T00:10:45.8428695-03:00","@version":"1","message":"OrcamentoEntity deletado: 2a5a2eda-15e6-4ad1-9a99-a7acf20be9dc","logger":"br.com.grupo99.billingservice.infrastructure.persistence.repository.DynamoDbOrcamentoRepository","thread":"main","level":"DEBUG","level_value":10000}
{"timestamp":"2026-02-13T00:10:45.8428695-03:00","@version":"1","message":"Todos os OrcamentoEntities deletados","logger":"br.com.grupo99.billingservice.infrastructure.persistence.repository.DynamoDbOrcamentoRepository","thread":"main","level":"DEBUG","level_value":10000}
{"timestamp":"2026-02-13T00:10:45.8434066-03:00","@version":"1","message":"Salvando orcamento: b0784e87-3402-4fef-bbdf-cbeb81eb8ab0","logger":"br.com.grupo99.billingservice.infrastructure.persistence.adapter.OrcamentoRepositoryAdapter","thread":"main","level":"DEBUG","level_value":10000}
{"timestamp":"2026-02-13T00:10:45.8568939-03:00","@version":"1","message":"OrcamentoEntity salvo: b0784e87-3402-4fef-bbdf-cbeb81eb8ab0","logger":"br.com.grupo99.billingservice.infrastructure.persistence.repository.DynamoDbOrcamentoRepository","thread":"main","level":"DEBUG","level_value":10000}
]]></system-out>
  </testcase>
  <testcase name="deveAtualizarOrcamentoMantendoItensEHistorico" classname="br.com.grupo99.billingservice.infrastructure.repository.OrcamentoRepositoryTest" time="0.097">
    <system-out><![CDATA[{"timestamp":"2026-02-13T00:10:45.9095008-03:00","@version":"1","message":"OrcamentoEntity deletado: b0784e87-3402-4fef-bbdf-cbeb81eb8ab0","logger":"br.com.grupo99.billingservice.infrastructure.persistence.repository.DynamoDbOrcamentoRepository","thread":"main","level":"DEBUG","level_value":10000}
{"timestamp":"2026-02-13T00:10:45.9095008-03:00","@version":"1","message":"Todos os OrcamentoEntities deletados","logger":"br.com.grupo99.billingservice.infrastructure.persistence.repository.DynamoDbOrcamentoRepository","thread":"main","level":"DEBUG","level_value":10000}
{"timestamp":"2026-02-13T00:10:45.9105106-03:00","@version":"1","message":"Salvando orcamento: b26cdc8e-310d-4a3c-97dc-b3550b7cf05e","logger":"br.com.grupo99.billingservice.infrastructure.persistence.adapter.OrcamentoRepositoryAdapter","thread":"main","level":"DEBUG","level_value":10000}
{"timestamp":"2026-02-13T00:10:45.9354339-03:00","@version":"1","message":"OrcamentoEntity salvo: b26cdc8e-310d-4a3c-97dc-b3550b7cf05e","logger":"br.com.grupo99.billingservice.infrastructure.persistence.repository.DynamoDbOrcamentoRepository","thread":"main","level":"DEBUG","level_value":10000}
{"timestamp":"2026-02-13T00:10:45.9354339-03:00","@version":"1","message":"Salvando orcamento: b26cdc8e-310d-4a3c-97dc-b3550b7cf05e","logger":"br.com.grupo99.billingservice.infrastructure.persistence.adapter.OrcamentoRepositoryAdapter","thread":"main","level":"DEBUG","level_value":10000}
{"timestamp":"2026-02-13T00:10:45.9581597-03:00","@version":"1","message":"OrcamentoEntity salvo: b26cdc8e-310d-4a3c-97dc-b3550b7cf05e","logger":"br.com.grupo99.billingservice.infrastructure.persistence.repository.DynamoDbOrcamentoRepository","thread":"main","level":"DEBUG","level_value":10000}
]]></system-out>
  </testcase>
  <testcase name="deveVerificarExistenciaPorOsId" classname="br.com.grupo99.billingservice.infrastructure.repository.OrcamentoRepositoryTest" time="0.083">
    <system-out><![CDATA[{"timestamp":"2026-02-13T00:10:46.0019253-03:00","@version":"1","message":"OrcamentoEntity deletado: b26cdc8e-310d-4a3c-97dc-b3550b7cf05e","logger":"br.com.grupo99.billingservice.infrastructure.persistence.repository.DynamoDbOrcamentoRepository","thread":"main","level":"DEBUG","level_value":10000}
{"timestamp":"2026-02-13T00:10:46.0019253-03:00","@version":"1","message":"Todos os OrcamentoEntities deletados","logger":"br.com.grupo99.billingservice.infrastructure.persistence.repository.DynamoDbOrcamentoRepository","thread":"main","level":"DEBUG","level_value":10000}
{"timestamp":"2026-02-13T00:10:46.0029353-03:00","@version":"1","message":"Salvando orcamento: 74e43fc6-af7c-4eb3-a946-efa8cdc8c0d1","logger":"br.com.grupo99.billingservice.infrastructure.persistence.adapter.OrcamentoRepositoryAdapter","thread":"main","level":"DEBUG","level_value":10000}
{"timestamp":"2026-02-13T00:10:46.0163829-03:00","@version":"1","message":"OrcamentoEntity salvo: 74e43fc6-af7c-4eb3-a946-efa8cdc8c0d1","logger":"br.com.grupo99.billingservice.infrastructure.persistence.repository.DynamoDbOrcamentoRepository","thread":"main","level":"DEBUG","level_value":10000}
{"timestamp":"2026-02-13T00:10:46.0163829-03:00","@version":"1","message":"Verificando existência de orcamento para osId: 48d82f2e-8e3c-4d2f-b51f-8b16de8cbfd9","logger":"br.com.grupo99.billingservice.infrastructure.persistence.adapter.OrcamentoRepositoryAdapter","thread":"main","level":"DEBUG","level_value":10000}
{"timestamp":"2026-02-13T00:10:46.0295756-03:00","@version":"1","message":"Verificando existência de orcamento para osId: 70d099f1-7eae-4d4e-9cf1-07e833475a46","logger":"br.com.grupo99.billingservice.infrastructure.persistence.adapter.OrcamentoRepositoryAdapter","thread":"main","level":"DEBUG","level_value":10000}
]]></system-out>
  </testcase>
</testsuite>