<?xml version="1.0" encoding="UTF-8"?>
<testsuite xmlns:xsi="http://www.w3.org/2001/XMLSchema-instance" xsi:noNamespaceSchemaLocation="https://maven.apache.org/surefire/maven-surefire-plugin/xsd/surefire-test-report-3.0.xsd" version="3.0" name="br.com.grupo99.billingservice.bdd.CucumberTest" time="11.599" tests="11" errors="0" skipped="0" failures="0">
  <properties>
[...]
</properties>
  <testcase name="Saga Step 1 - Receber OS Criada e Criar Orçamento" classname="Saga Pattern - Orçamento e Pagamento" time="9.55">
    <system-out><![CDATA[{"timestamp":"2026-02-13T00:10:46.063813-03:00","@version":"1","message":"Starting test run","logger":"io.cucumber.junit.platform.engine.CucumberEngineExecutionContext","thread":"main","level":"DEBUG","level_value":10000}
{"timestamp":"2026-02-13T00:10:46.9731797-03:00","@version":"1","message":"Sending run test started event","logger":"io.cucumber.core.runtime.CucumberExecutionContext","thread":"main","level":"DEBUG","level_value":10000}
{"timestamp":"2026-02-13T00:10:46.9807293-03:00","@version":"1","message":"Running before all hooks","logger":"io.cucumber.junit.platform.engine.CucumberEngineExecutionContext","thread":"main","level":"DEBUG","level_value":10000}
{"timestamp":"2026-02-13T00:10:47.0215833-03:00","@version":"1","message":"Loading glue from [classpath:/br/com/grupo99/billingservice/bdd]","logger":"io.cucumber.core.runner.Runner","thread":"main","level":"DEBUG","level_value":10000}
{"timestamp":"2026-02-13T00:10:47.0225838-03:00","@version":"1","message":"Loading glue for backend io.cucumber.java.JavaBackend","logger":"io.cucumber.core.runner.Runner","thread":"main","level":"DEBUG","level_value":10000}
{"timestamp":"2026-02-13T00:10:47.0643396-03:00","@version":"1","message":"Loading glue for backend io.cucumber.spring.SpringBackend","logger":"io.cucumber.core.runner.Runner","thread":"main","level":"DEBUG","level_value":10000}
{"timestamp":"2026-02-13T00:10:47.0722561-03:00","@version":"1","message":"Sending test source read event for classpath:features/saga_orcamento.feature","logger":"io.cucumber.core.runtime.CucumberExecutionContext","thread":"main","level":"DEBUG","level_value":10000}
{"timestamp":"2026-02-13T00:10:47.1393748-03:00","@version":"1","message":"Executing test case Saga Step 1 - Receber OS Criada e Criar Orçamento","logger":"io.cucumber.junit.platform.engine.CucumberEngineExecutionContext","thread":"main","level":"DEBUG","level_value":10000}
{"timestamp":"2026-02-13T00:10:47.1799545-03:00","@version":"1","message":"Could not detect default configuration classes for test class [br.com.grupo99.billingservice.bdd.SagaOrcamentoSteps]: SagaOrcamentoSteps does not declare any static, non-private, non-final, nested classes annotated with @Configuration.","logger":"org.springframework.test.context.support.AnnotationConfigContextLoaderUtils","thread":"main","level":"INFO","level_value":20000}
{"timestamp":"2026-02-13T00:10:47.1997517-03:00","@version":"1","message":"Found @SpringBootConfiguration br.com.grupo99.billingservice.BillingServiceApplication for test class br.com.grupo99.billingservice.bdd.SagaOrcamentoSteps","logger":"org.springframework.boot.test.context.SpringBootTestContextBootstrapper","thread":"main","level":"INFO","level_value":20000}

  .   ____          _            __ _ _
 /\\ / ___'_ __ _ _(_)_ __  __ _ \ \ \ \
( ( )\___ | '_ | '_| | '_ \/ _` | \ \ \ \
 \\/  ___)| |_)| | | | | || (_| |  ) ) ) )
  '  |____| .__|_| |_|_| |_\__, | / / / /
 =========|_|==============|___/=/_/_/_/

 :: Spring Boot ::               (v3.3.13)

{"timestamp":"2026-02-13T00:10:47.2363205-03:00","@version":"1","message":"Starting SagaOrcamentoSteps using Java 21.0.9 with PID 17892 (started by Meu Computador in C:\\Users\\Meu Computador\\OneDrive\\Área de Trabalho\\FIAP\\projeto\\fase_quatro\\oficina-billing-service)","logger":"br.com.grupo99.billingservice.bdd.SagaOrcamentoSteps","thread":"main","level":"INFO","level_value":20000}
{"timestamp":"2026-02-13T00:10:47.2368275-03:00","@version":"1","message":"Running with Spring Boot v3.3.13, Spring v6.1.21","logger":"br.com.grupo99.billingservice.bdd.SagaOrcamentoSteps","thread":"main","level":"DEBUG","level_value":10000}
{"timestamp":"2026-02-13T00:10:47.2368275-03:00","@version":"1","message":"The following 1 profile is active: \"test\"","logger":"br.com.grupo99.billingservice.bdd.SagaOrcamentoSteps","thread":"main","level":"INFO","level_value":20000}
{"timestamp":"2026-02-13T00:10:49.3266184-03:00","@version":"1","message":"Tabela 'test-orcamentos' já existe","logger":"br.com.grupo99.billingservice.infrastructure.config.DynamoDbConfig","thread":"main","level":"INFO","level_value":20000}
{"timestamp":"2026-02-13T00:10:49.3441695-03:00","@version":"1","message":"Tabela 'test-pagamentos' já existe","logger":"br.com.grupo99.billingservice.infrastructure.config.DynamoDbConfig","thread":"main","level":"INFO","level_value":20000}
{"timestamp":"2026-02-13T00:10:49.3455565-03:00","@version":"1","message":"✅ Tabelas DynamoDB verificadas/criadas com sucesso","logger":"br.com.grupo99.billingservice.infrastructure.config.DynamoDbConfig","thread":"main","level":"INFO","level_value":20000}
{"timestamp":"2026-02-13T00:10:49.4091984-03:00","@version":"1","message":"[Consumer clientId=consumer-billing-service-test-4, groupId=billing-service-test] Request joining group due to: group is already rebalancing","logger":"org.apache.kafka.clients.consumer.internals.ConsumerCoordinator","thread":"org.springframework.kafka.KafkaListenerEndpointContainer#1-1-C-1","level":"INFO","level_value":20000}
{"timestamp":"2026-02-13T00:10:49.4112023-03:00","@version":"1","message":"[Consumer clientId=consumer-billing-service-test-4, groupId=billing-service-test] Revoke previously assigned partitions ","logger":"org.apache.kafka.clients.consumer.internals.ConsumerRebalanceListenerInvoker","thread":"org.springframework.kafka.KafkaListenerEndpointContainer#1-1-C-1","level":"INFO","level_value":20000}
{"timestamp":"2026-02-13T00:10:49.4112023-03:00","@version":"1","message":"[Consumer clientId=consumer-billing-service-test-2, groupId=billing-service-test] Request joining group due to: group is already rebalancing","logger":"org.apache.kafka.clients.consumer.internals.ConsumerCoordinator","thread":"org.springframework.kafka.KafkaListenerEndpointContainer#0-1-C-1","level":"INFO","level_value":20000}
{"timestamp":"2026-02-13T00:10:49.4112023-03:00","@version":"1","message":"[Consumer clientId=consumer-billing-service-test-2, groupId=billing-service-test] Revoke previously assigned partitions execution-events-0","logger":"org.apache.kafka.clients.consumer.internals.ConsumerRebalanceListenerInvoker","thread":"org.springframework.kafka.KafkaListenerEndpointContainer#0-1-C-1","level":"INFO","level_value":20000}
{"timestamp":"2026-02-13T00:10:49.4112023-03:00","@version":"1","message":"billing-service-test: partitions revoked: []","logger":"org.springframework.kafka.listener.KafkaMessageListenerContainer","thread":"org.springframework.kafka.KafkaListenerEndpointContainer#1-1-C-1","level":"INFO","level_value":20000}
{"timestamp":"2026-02-13T00:10:49.4127119-03:00","@version":"1","message":"billing-service-test: partitions revoked: [execution-events-0]","logger":"org.springframework.kafka.listener.KafkaMessageListenerContainer","thread":"org.springframework.kafka.KafkaListenerEndpointContainer#0-1-C-1","level":"INFO","level_value":20000}
{"timestamp":"2026-02-13T00:10:49.4127119-03:00","@version":"1","message":"[Consumer clientId=consumer-billing-service-test-2, groupId=billing-service-test] (Re-)joining group","logger":"org.apache.kafka.clients.consumer.internals.ConsumerCoordinator","thread":"org.springframework.kafka.KafkaListenerEndpointContainer#0-1-C-1","level":"INFO","level_value":20000}
{"timestamp":"2026-02-13T00:10:49.4127119-03:00","@version":"1","message":"[Consumer clientId=consumer-billing-service-test-4, groupId=billing-service-test] (Re-)joining group","logger":"org.apache.kafka.clients.consumer.internals.ConsumerCoordinator","thread":"org.springframework.kafka.KafkaListenerEndpointContainer#1-1-C-1","level":"INFO","level_value":20000}
{"timestamp":"2026-02-13T00:10:49.4157211-03:00","@version":"1","message":"[Consumer clientId=consumer-billing-service-test-3, groupId=billing-service-test] Request joining group due to: group is already rebalancing","logger":"org.apache.kafka.clients.consumer.internals.ConsumerCoordinator","thread":"org.springframework.kafka.KafkaListenerEndpointContainer#1-0-C-1","level":"INFO","level_value":20000}
{"timestamp":"2026-02-13T00:10:49.4157211-03:00","@version":"1","message":"[Consumer clientId=consumer-billing-service-test-3, groupId=billing-service-test] Revoke previously assigned partitions os-events-0","logger":"org.apache.kafka.clients.consumer.internals.ConsumerRebalanceListenerInvoker","thread":"org.springframework.kafka.KafkaListenerEndpointContainer#1-0-C-1","level":"INFO","level_value":20000}
{"timestamp":"2026-02-13T00:10:49.4167262-03:00","@version":"1","message":"billing-service-test: partitions revoked: [os-events-0]","logger":"org.springframework.kafka.listener.KafkaMessageListenerContainer","thread":"org.springframework.kafka.KafkaListenerEndpointContainer#1-0-C-1","level":"INFO","level_value":20000}
{"timestamp":"2026-02-13T00:10:49.4167262-03:00","@version":"1","message":"[Consumer clientId=consumer-billing-service-test-3, groupId=billing-service-test] (Re-)joining group","logger":"org.apache.kafka.clients.consumer.internals.ConsumerCoordinator","thread":"org.springframework.kafka.KafkaListenerEndpointContainer#1-0-C-1","level":"INFO","level_value":20000}
{"timestamp":"2026-02-13T00:10:49.4261287-03:00","@version":"1","message":"[Consumer clientId=consumer-billing-service-test-5, groupId=billing-service-test] Request joining group due to: group is already rebalancing","logger":"org.apache.kafka.clients.consumer.internals.ConsumerCoordinator","thread":"org.springframework.kafka.KafkaListenerEndpointContainer#1-2-C-1","level":"INFO","level_value":20000}
{"timestamp":"2026-02-13T00:10:49.4261287-03:00","@version":"1","message":"[Consumer clientId=consumer-billing-service-test-5, groupId=billing-service-test] Revoke previously assigned partitions ","logger":"org.apache.kafka.clients.consumer.internals.ConsumerRebalanceListenerInvoker","thread":"org.springframework.kafka.KafkaListenerEndpointContainer#1-2-C-1","level":"INFO","level_value":20000}
{"timestamp":"2026-02-13T00:10:49.4271253-03:00","@version":"1","message":"billing-service-test: partitions revoked: []","logger":"org.springframework.kafka.listener.KafkaMessageListenerContainer","thread":"org.springframework.kafka.KafkaListenerEndpointContainer#1-2-C-1","level":"INFO","level_value":20000}
{"timestamp":"2026-02-13T00:10:49.4271253-03:00","@version":"1","message":"[Consumer clientId=consumer-billing-service-test-5, groupId=billing-service-test] (Re-)joining group","logger":"org.apache.kafka.clients.consumer.internals.ConsumerCoordinator","thread":"org.springframework.kafka.KafkaListenerEndpointContainer#1-2-C-1","level":"INFO","level_value":20000}
{"timestamp":"2026-02-13T00:10:49.4301258-03:00","@version":"1","message":"[GroupCoordinator 0]: Stabilized group billing-service-test generation 2 (__consumer_offsets-3) with 10 members","logger":"kafka.coordinator.group.GroupCoordinator","thread":"data-plane-kafka-request-handler-1","level":"INFO","level_value":20000}
{"timestamp":"2026-02-13T00:10:49.4321249-03:00","@version":"1","message":"[Consumer clientId=consumer-billing-service-test-2, groupId=billing-service-test] Successfully joined group with generation Generation{generationId=2, memberId='consumer-billing-service-test-2-bd30adf6-1a9b-4eea-940f-f7f94761587a', protocol='range'}","logger":"org.apache.kafka.clients.consumer.internals.ConsumerCoordinator","thread":"org.springframework.kafka.KafkaListenerEndpointContainer#0-1-C-1","level":"INFO","level_value":20000}
{"timestamp":"2026-02-13T00:10:49.4321249-03:00","@version":"1","message":"[Consumer clientId=consumer-billing-service-test-11, groupId=billing-service-test] Successfully joined group with generation Generation{generationId=2, memberId='consumer-billing-service-test-11-eabe8a86-45f7-49f6-9a62-0f8527f2e751', protocol='range'}","logger":"org.apache.kafka.clients.consumer.internals.ConsumerCoordinator","thread":"org.springframework.kafka.KafkaListenerEndpointContainer#0-1-C-1","level":"INFO","level_value":20000}
{"timestamp":"2026-02-13T00:10:49.4331272-03:00","@version":"1","message":"[Consumer clientId=consumer-billing-service-test-13, groupId=billing-service-test] Successfully joined group with generation Generation{generationId=2, memberId='consumer-billing-service-test-13-56c9e643-2f2a-482b-8de3-e7881ededcad', protocol='range'}","logger":"org.apache.kafka.clients.consumer.internals.ConsumerCoordinator","thread":"org.springframework.kafka.KafkaListenerEndpointContainer#1-1-C-1","level":"INFO","level_value":20000}
{"timestamp":"2026-02-13T00:10:49.4346382-03:00","@version":"1","message":"[Consumer clientId=consumer-billing-service-test-3, groupId=billing-service-test] Successfully joined group with generation Generation{generationId=2, memberId='consumer-billing-service-test-3-d1e77953-c1d7-4d2e-9636-bb9d122e400a', protocol='range'}","logger":"org.apache.kafka.clients.consumer.internals.ConsumerCoordinator","thread":"org.springframework.kafka.KafkaListenerEndpointContainer#1-0-C-1","level":"INFO","level_value":20000}
{"timestamp":"2026-02-13T00:10:49.4356499-03:00","@version":"1","message":"[Consumer clientId=consumer-billing-service-test-10, groupId=billing-service-test] Successfully joined group with generation Generation{generationId=2, memberId='consumer-billing-service-test-10-75332985-f7b8-4f90-a196-4bfd660658ff', protocol='range'}","logger":"org.apache.kafka.clients.consumer.internals.ConsumerCoordinator","thread":"org.springframework.kafka.KafkaListenerEndpointContainer#0-0-C-1","level":"INFO","level_value":20000}
{"timestamp":"2026-02-13T00:10:49.4376465-03:00","@version":"1","message":"[Consumer clientId=consumer-billing-service-test-4, groupId=billing-service-test] Successfully joined group with generation Generation{generationId=2, memberId='consumer-billing-service-test-4-093b27d3-402d-4241-9511-e332ee53beca', protocol='range'}","logger":"org.apache.kafka.clients.consumer.internals.ConsumerCoordinator","thread":"org.springframework.kafka.KafkaListenerEndpointContainer#1-1-C-1","level":"INFO","level_value":20000}
{"timestamp":"2026-02-13T00:10:49.4366504-03:00","@version":"1","message":"[Consumer clientId=consumer-billing-service-test-1, groupId=billing-service-test] Successfully joined group with generation Generation{generationId=2, memberId='consumer-billing-service-test-1-ce3758ff-f5d6-4f87-92a4-5d202718c49b', protocol='range'}","logger":"org.apache.kafka.clients.consumer.internals.ConsumerCoordinator","thread":"org.springframework.kafka.KafkaListenerEndpointContainer#0-0-C-1","level":"INFO","level_value":20000}
{"timestamp":"2026-02-13T00:10:49.4396474-03:00","@version":"1","message":"[Consumer clientId=consumer-billing-service-test-12, groupId=billing-service-test] Successfully joined group with generation Generation{generationId=2, memberId='consumer-billing-service-test-12-1778d8a6-1c68-4c45-b122-b2e1f8ed93e0', protocol='range'}","logger":"org.apache.kafka.clients.consumer.internals.ConsumerCoordinator","thread":"org.springframework.kafka.KafkaListenerEndpointContainer#1-0-C-1","level":"INFO","level_value":20000}
{"timestamp":"2026-02-13T00:10:49.442629-03:00","@version":"1","message":"[Consumer clientId=consumer-billing-service-test-14, groupId=billing-service-test] Successfully joined group with generation Generation{generationId=2, memberId='consumer-billing-service-test-14-15a97c03-2059-4cd7-b5f4-c6de66af0348', protocol='range'}","logger":"org.apache.kafka.clients.consumer.internals.ConsumerCoordinator","thread":"org.springframework.kafka.KafkaListenerEndpointContainer#1-2-C-1","level":"INFO","level_value":20000}
{"timestamp":"2026-02-13T00:10:49.444627-03:00","@version":"1","message":"[Consumer clientId=consumer-billing-service-test-5, groupId=billing-service-test] Successfully joined group with generation Generation{generationId=2, memberId='consumer-billing-service-test-5-5664ce80-19a2-4646-910d-3191af4c7391', protocol='range'}","logger":"org.apache.kafka.clients.consumer.internals.ConsumerCoordinator","thread":"org.springframework.kafka.KafkaListenerEndpointContainer#1-2-C-1","level":"INFO","level_value":20000}
{"timestamp":"2026-02-13T00:10:49.4500473-03:00","@version":"1","message":"[Consumer clientId=consumer-billing-service-test-5, groupId=billing-service-test] Finished assignment for group at generation 2: {consumer-billing-service-test-2-bd30adf6-1a9b-4eea-940f-f7f94761587a=Assignment(partitions=[]), consumer-billing-service-test-11-eabe8a86-45f7-49f6-9a62-0f8527f2e751=Assignment(partitions=[]), consumer-billing-service-test-13-56c9e643-2f2a-482b-8de3-e7881ededcad=Assignment(partitions=[]), consumer-billing-service-test-3-d1e77953-c1d7-4d2e-9636-bb9d122e400a=Assignment(partitions=[]), consumer-billing-service-test-1-ce3758ff-f5d6-4f87-92a4-5d202718c49b=Assignment(partitions=[execution-events-0]), consumer-billing-service-test-10-75332985-f7b8-4f90-a196-4bfd660658ff=Assignment(partitions=[]), consumer-billing-service-test-4-093b27d3-402d-4241-9511-e332ee53beca=Assignment(partitions=[]), consumer-billing-service-test-12-1778d8a6-1c68-4c45-b122-b2e1f8ed93e0=Assignment(partitions=[os-events-0]), consumer-billing-service-test-14-15a97c03-2059-4cd7-b5f4-c6de66af0348=Assignment(partitions=[]), consumer-billing-service-test-5-5664ce80-19a2-4646-910d-3191af4c7391=Assignment(partitions=[])}","logger":"org.apache.kafka.clients.consumer.internals.ConsumerCoordinator","thread":"org.springframework.kafka.KafkaListenerEndpointContainer#1-2-C-1","level":"INFO","level_value":20000}
{"timestamp":"2026-02-13T00:10:49.4530449-03:00","@version":"1","message":"[GroupCoordinator 0]: Assignment received from leader consumer-billing-service-test-5-5664ce80-19a2-4646-910d-3191af4c7391 for group billing-service-test for generation 2. The group has 10 members, 0 of which are static.","logger":"kafka.coordinator.group.GroupCoordinator","thread":"data-plane-kafka-request-handler-3","level":"INFO","level_value":20000}
{"timestamp":"2026-02-13T00:10:49.4585676-03:00","@version":"1","message":"[Consumer clientId=consumer-billing-service-test-2, groupId=billing-service-test] Successfully synced group in generation Generation{generationId=2, memberId='consumer-billing-service-test-2-bd30adf6-1a9b-4eea-940f-f7f94761587a', protocol='range'}","logger":"org.apache.kafka.clients.consumer.internals.ConsumerCoordinator","thread":"org.springframework.kafka.KafkaListenerEndpointContainer#0-1-C-1","level":"INFO","level_value":20000}
{"timestamp":"2026-02-13T00:10:49.4585676-03:00","@version":"1","message":"[Consumer clientId=consumer-billing-service-test-2, groupId=billing-service-test] Notifying assignor about the new Assignment(partitions=[])","logger":"org.apache.kafka.clients.consumer.internals.ConsumerCoordinator","thread":"org.springframework.kafka.KafkaListenerEndpointContainer#0-1-C-1","level":"INFO","level_value":20000}
{"timestamp":"2026-02-13T00:10:49.4595677-03:00","@version":"1","message":"[Consumer clientId=consumer-billing-service-test-2, groupId=billing-service-test] Adding newly assigned partitions: ","logger":"org.apache.kafka.clients.consumer.internals.ConsumerRebalanceListenerInvoker","thread":"org.springframework.kafka.KafkaListenerEndpointContainer#0-1-C-1","level":"INFO","level_value":20000}
{"timestamp":"2026-02-13T00:10:49.4595677-03:00","@version":"1","message":"billing-service-test: partitions assigned: []","logger":"org.springframework.kafka.listener.KafkaMessageListenerContainer","thread":"org.springframework.kafka.KafkaListenerEndpointContainer#0-1-C-1","level":"INFO","level_value":20000}
{"timestamp":"2026-02-13T00:10:49.4615678-03:00","@version":"1","message":"[Consumer clientId=consumer-billing-service-test-11, groupId=billing-service-test] Successfully synced group in generation Generation{generationId=2, memberId='consumer-billing-service-test-11-eabe8a86-45f7-49f6-9a62-0f8527f2e751', protocol='range'}","logger":"org.apache.kafka.clients.consumer.internals.ConsumerCoordinator","thread":"org.springframework.kafka.KafkaListenerEndpointContainer#0-1-C-1","level":"INFO","level_value":20000}
{"timestamp":"2026-02-13T00:10:49.4625674-03:00","@version":"1","message":"[Consumer clientId=consumer-billing-service-test-11, groupId=billing-service-test] Notifying assignor about the new Assignment(partitions=[])","logger":"org.apache.kafka.clients.consumer.internals.ConsumerCoordinator","thread":"org.springframework.kafka.KafkaListenerEndpointContainer#0-1-C-1","level":"INFO","level_value":20000}
{"timestamp":"2026-02-13T00:10:49.4625674-03:00","@version":"1","message":"[Consumer clientId=consumer-billing-service-test-11, groupId=billing-service-test] Adding newly assigned partitions: ","logger":"org.apache.kafka.clients.consumer.internals.ConsumerRebalanceListenerInvoker","thread":"org.springframework.kafka.KafkaListenerEndpointContainer#0-1-C-1","level":"INFO","level_value":20000}
{"timestamp":"2026-02-13T00:10:49.463568-03:00","@version":"1","message":"billing-service-test: partitions assigned: []","logger":"org.springframework.kafka.listener.KafkaMessageListenerContainer","thread":"org.springframework.kafka.KafkaListenerEndpointContainer#0-1-C-1","level":"INFO","level_value":20000}
{"timestamp":"2026-02-13T00:10:49.4625674-03:00","@version":"1","message":"[Consumer clientId=consumer-billing-service-test-13, groupId=billing-service-test] Successfully synced group in generation Generation{generationId=2, memberId='consumer-billing-service-test-13-56c9e643-2f2a-482b-8de3-e7881ededcad', protocol='range'}","logger":"org.apache.kafka.clients.consumer.internals.ConsumerCoordinator","thread":"org.springframework.kafka.KafkaListenerEndpointContainer#1-1-C-1","level":"INFO","level_value":20000}
{"timestamp":"2026-02-13T00:10:49.4645673-03:00","@version":"1","message":"[Consumer clientId=consumer-billing-service-test-13, groupId=billing-service-test] Notifying assignor about the new Assignment(partitions=[])","logger":"org.apache.kafka.clients.consumer.internals.ConsumerCoordinator","thread":"org.springframework.kafka.KafkaListenerEndpointContainer#1-1-C-1","level":"INFO","level_value":20000}
{"timestamp":"2026-02-13T00:10:49.4645673-03:00","@version":"1","message":"[Consumer clientId=consumer-billing-service-test-13, groupId=billing-service-test] Adding newly assigned partitions: ","logger":"org.apache.kafka.clients.consumer.internals.ConsumerRebalanceListenerInvoker","thread":"org.springframework.kafka.KafkaListenerEndpointContainer#1-1-C-1","level":"INFO","level_value":20000}
{"timestamp":"2026-02-13T00:10:49.4655677-03:00","@version":"1","message":"billing-service-test: partitions assigned: []","logger":"org.springframework.kafka.listener.KafkaMessageListenerContainer","thread":"org.springframework.kafka.KafkaListenerEndpointContainer#1-1-C-1","level":"INFO","level_value":20000}
{"timestamp":"2026-02-13T00:10:49.4675721-03:00","@version":"1","message":"[Consumer clientId=consumer-billing-service-test-1, groupId=billing-service-test] Successfully synced group in generation Generation{generationId=2, memberId='consumer-billing-service-test-1-ce3758ff-f5d6-4f87-92a4-5d202718c49b', protocol='range'}","logger":"org.apache.kafka.clients.consumer.internals.ConsumerCoordinator","thread":"org.springframework.kafka.KafkaListenerEndpointContainer#0-0-C-1","level":"INFO","level_value":20000}
{"timestamp":"2026-02-13T00:10:49.46857-03:00","@version":"1","message":"[Consumer clientId=consumer-billing-service-test-1, groupId=billing-service-test] Notifying assignor about the new Assignment(partitions=[execution-events-0])","logger":"org.apache.kafka.clients.consumer.internals.ConsumerCoordinator","thread":"org.springframework.kafka.KafkaListenerEndpointContainer#0-0-C-1","level":"INFO","level_value":20000}
{"timestamp":"2026-02-13T00:10:49.46857-03:00","@version":"1","message":"[Consumer clientId=consumer-billing-service-test-1, groupId=billing-service-test] Adding newly assigned partitions: execution-events-0","logger":"org.apache.kafka.clients.consumer.internals.ConsumerRebalanceListenerInvoker","thread":"org.springframework.kafka.KafkaListenerEndpointContainer#0-0-C-1","level":"INFO","level_value":20000}
{"timestamp":"2026-02-13T00:10:49.4695695-03:00","@version":"1","message":"[Consumer clientId=consumer-billing-service-test-5, groupId=billing-service-test] Successfully synced group in generation Generation{generationId=2, memberId='consumer-billing-service-test-5-5664ce80-19a2-4646-910d-3191af4c7391', protocol='range'}","logger":"org.apache.kafka.clients.consumer.internals.ConsumerCoordinator","thread":"org.springframework.kafka.KafkaListenerEndpointContainer#1-2-C-1","level":"INFO","level_value":20000}
{"timestamp":"2026-02-13T00:10:49.4700766-03:00","@version":"1","message":"[Consumer clientId=consumer-billing-service-test-5, groupId=billing-service-test] Notifying assignor about the new Assignment(partitions=[])","logger":"org.apache.kafka.clients.consumer.internals.ConsumerCoordinator","thread":"org.springframework.kafka.KafkaListenerEndpointContainer#1-2-C-1","level":"INFO","level_value":20000}
{"timestamp":"2026-02-13T00:10:49.4700766-03:00","@version":"1","message":"[Consumer clientId=consumer-billing-service-test-5, groupId=billing-service-test] Adding newly assigned partitions: ","logger":"org.apache.kafka.clients.consumer.internals.ConsumerRebalanceListenerInvoker","thread":"org.springframework.kafka.KafkaListenerEndpointContainer#1-2-C-1","level":"INFO","level_value":20000}
{"timestamp":"2026-02-13T00:10:49.4695695-03:00","@version":"1","message":"[Consumer clientId=consumer-billing-service-test-14, groupId=billing-service-test] Successfully synced group in generation Generation{generationId=2, memberId='consumer-billing-service-test-14-15a97c03-2059-4cd7-b5f4-c6de66af0348', protocol='range'}","logger":"org.apache.kafka.clients.consumer.internals.ConsumerCoordinator","thread":"org.springframework.kafka.KafkaListenerEndpointContainer#1-2-C-1","level":"INFO","level_value":20000}
{"timestamp":"2026-02-13T00:10:49.4710846-03:00","@version":"1","message":"billing-service-test: partitions assigned: []","logger":"org.springframework.kafka.listener.KafkaMessageListenerContainer","thread":"org.springframework.kafka.KafkaListenerEndpointContainer#1-2-C-1","level":"INFO","level_value":20000}
{"timestamp":"2026-02-13T00:10:49.4700766-03:00","@version":"1","message":"[Consumer clientId=consumer-billing-service-test-12, groupId=billing-service-test] Successfully synced group in generation Generation{generationId=2, memberId='consumer-billing-service-test-12-1778d8a6-1c68-4c45-b122-b2e1f8ed93e0', protocol='range'}","logger":"org.apache.kafka.clients.consumer.internals.ConsumerCoordinator","thread":"org.springframework.kafka.KafkaListenerEndpointContainer#1-0-C-1","level":"INFO","level_value":20000}
{"timestamp":"2026-02-13T00:10:49.4720945-03:00","@version":"1","message":"[Consumer clientId=consumer-billing-service-test-14, groupId=billing-service-test] Notifying assignor about the new Assignment(partitions=[])","logger":"org.apache.kafka.clients.consumer.internals.ConsumerCoordinator","thread":"org.springframework.kafka.KafkaListenerEndpointContainer#1-2-C-1","level":"INFO","level_value":20000}
{"timestamp":"2026-02-13T00:10:49.4720945-03:00","@version":"1","message":"[Consumer clientId=consumer-billing-service-test-14, groupId=billing-service-test] Adding newly assigned partitions: ","logger":"org.apache.kafka.clients.consumer.internals.ConsumerRebalanceListenerInvoker","thread":"org.springframework.kafka.KafkaListenerEndpointContainer#1-2-C-1","level":"INFO","level_value":20000}
{"timestamp":"2026-02-13T00:10:49.4730948-03:00","@version":"1","message":"billing-service-test: partitions assigned: []","logger":"org.springframework.kafka.listener.KafkaMessageListenerContainer","thread":"org.springframework.kafka.KafkaListenerEndpointContainer#1-2-C-1","level":"INFO","level_value":20000}
{"timestamp":"2026-02-13T00:10:49.4730948-03:00","@version":"1","message":"[Consumer clientId=consumer-billing-service-test-12, groupId=billing-service-test] Notifying assignor about the new Assignment(partitions=[os-events-0])","logger":"org.apache.kafka.clients.consumer.internals.ConsumerCoordinator","thread":"org.springframework.kafka.KafkaListenerEndpointContainer#1-0-C-1","level":"INFO","level_value":20000}
{"timestamp":"2026-02-13T00:10:49.4730948-03:00","@version":"1","message":"[Consumer clientId=consumer-billing-service-test-12, groupId=billing-service-test] Adding newly assigned partitions: os-events-0","logger":"org.apache.kafka.clients.consumer.internals.ConsumerRebalanceListenerInvoker","thread":"org.springframework.kafka.KafkaListenerEndpointContainer#1-0-C-1","level":"INFO","level_value":20000}
{"timestamp":"2026-02-13T00:10:49.474094-03:00","@version":"1","message":"[Consumer clientId=consumer-billing-service-test-1, groupId=billing-service-test] Found no committed offset for partition execution-events-0","logger":"org.apache.kafka.clients.consumer.internals.ConsumerCoordinator","thread":"org.springframework.kafka.KafkaListenerEndpointContainer#0-0-C-1","level":"INFO","level_value":20000}
{"timestamp":"2026-02-13T00:10:49.4750951-03:00","@version":"1","message":"[Consumer clientId=consumer-billing-service-test-3, groupId=billing-service-test] Successfully synced group in generation Generation{generationId=2, memberId='consumer-billing-service-test-3-d1e77953-c1d7-4d2e-9636-bb9d122e400a', protocol='range'}","logger":"org.apache.kafka.clients.consumer.internals.ConsumerCoordinator","thread":"org.springframework.kafka.KafkaListenerEndpointContainer#1-0-C-1","level":"INFO","level_value":20000}
{"timestamp":"2026-02-13T00:10:49.4760951-03:00","@version":"1","message":"[Consumer clientId=consumer-billing-service-test-4, groupId=billing-service-test] Successfully synced group in generation Generation{generationId=2, memberId='consumer-billing-service-test-4-093b27d3-402d-4241-9511-e332ee53beca', protocol='range'}","logger":"org.apache.kafka.clients.consumer.internals.ConsumerCoordinator","thread":"org.springframework.kafka.KafkaListenerEndpointContainer#1-1-C-1","level":"INFO","level_value":20000}
{"timestamp":"2026-02-13T00:10:49.4760951-03:00","@version":"1","message":"[Consumer clientId=consumer-billing-service-test-3, groupId=billing-service-test] Notifying assignor about the new Assignment(partitions=[])","logger":"org.apache.kafka.clients.consumer.internals.ConsumerCoordinator","thread":"org.springframework.kafka.KafkaListenerEndpointContainer#1-0-C-1","level":"INFO","level_value":20000}
{"timestamp":"2026-02-13T00:10:49.4760951-03:00","@version":"1","message":"[Consumer clientId=consumer-billing-service-test-3, groupId=billing-service-test] Adding newly assigned partitions: ","logger":"org.apache.kafka.clients.consumer.internals.ConsumerRebalanceListenerInvoker","thread":"org.springframework.kafka.KafkaListenerEndpointContainer#1-0-C-1","level":"INFO","level_value":20000}
{"timestamp":"2026-02-13T00:10:49.4770953-03:00","@version":"1","message":"billing-service-test: partitions assigned: []","logger":"org.springframework.kafka.listener.KafkaMessageListenerContainer","thread":"org.springframework.kafka.KafkaListenerEndpointContainer#1-0-C-1","level":"INFO","level_value":20000}
{"timestamp":"2026-02-13T00:10:49.4770953-03:00","@version":"1","message":"[Consumer clientId=consumer-billing-service-test-12, groupId=billing-service-test] Found no committed offset for partition os-events-0","logger":"org.apache.kafka.clients.consumer.internals.ConsumerCoordinator","thread":"org.springframework.kafka.KafkaListenerEndpointContainer#1-0-C-1","level":"INFO","level_value":20000}
{"timestamp":"2026-02-13T00:10:49.4770953-03:00","@version":"1","message":"[Consumer clientId=consumer-billing-service-test-4, groupId=billing-service-test] Notifying assignor about the new Assignment(partitions=[])","logger":"org.apache.kafka.clients.consumer.internals.ConsumerCoordinator","thread":"org.springframework.kafka.KafkaListenerEndpointContainer#1-1-C-1","level":"INFO","level_value":20000}
{"timestamp":"2026-02-13T00:10:49.479212-03:00","@version":"1","message":"[Consumer clientId=consumer-billing-service-test-4, groupId=billing-service-test] Adding newly assigned partitions: ","logger":"org.apache.kafka.clients.consumer.internals.ConsumerRebalanceListenerInvoker","thread":"org.springframework.kafka.KafkaListenerEndpointContainer#1-1-C-1","level":"INFO","level_value":20000}
{"timestamp":"2026-02-13T00:10:49.4797191-03:00","@version":"1","message":"billing-service-test: partitions assigned: []","logger":"org.springframework.kafka.listener.KafkaMessageListenerContainer","thread":"org.springframework.kafka.KafkaListenerEndpointContainer#1-1-C-1","level":"INFO","level_value":20000}
{"timestamp":"2026-02-13T00:10:49.4797191-03:00","@version":"1","message":"[Consumer clientId=consumer-billing-service-test-1, groupId=billing-service-test] Resetting offset for partition execution-events-0 to position FetchPosition{offset=0, offsetEpoch=Optional.empty, currentLeader=LeaderAndEpoch{leader=Optional[localhost:9092 (id: 0 rack: null)], epoch=0}}.","logger":"org.apache.kafka.clients.consumer.internals.SubscriptionState","thread":"org.springframework.kafka.KafkaListenerEndpointContainer#0-0-C-1","level":"INFO","level_value":20000}
{"timestamp":"2026-02-13T00:10:49.4807268-03:00","@version":"1","message":"billing-service-test: partitions assigned: [execution-events-0]","logger":"org.springframework.kafka.listener.KafkaMessageListenerContainer","thread":"org.springframework.kafka.KafkaListenerEndpointContainer#0-0-C-1","level":"INFO","level_value":20000}
{"timestamp":"2026-02-13T00:10:49.4797191-03:00","@version":"1","message":"[Consumer clientId=consumer-billing-service-test-10, groupId=billing-service-test] Successfully synced group in generation Generation{generationId=2, memberId='consumer-billing-service-test-10-75332985-f7b8-4f90-a196-4bfd660658ff', protocol='range'}","logger":"org.apache.kafka.clients.consumer.internals.ConsumerCoordinator","thread":"org.springframework.kafka.KafkaListenerEndpointContainer#0-0-C-1","level":"INFO","level_value":20000}
{"timestamp":"2026-02-13T00:10:49.4817284-03:00","@version":"1","message":"[Consumer clientId=consumer-billing-service-test-10, groupId=billing-service-test] Notifying assignor about the new Assignment(partitions=[])","logger":"org.apache.kafka.clients.consumer.internals.ConsumerCoordinator","thread":"org.springframework.kafka.KafkaListenerEndpointContainer#0-0-C-1","level":"INFO","level_value":20000}
{"timestamp":"2026-02-13T00:10:49.4817284-03:00","@version":"1","message":"[Consumer clientId=consumer-billing-service-test-10, groupId=billing-service-test] Adding newly assigned partitions: ","logger":"org.apache.kafka.clients.consumer.internals.ConsumerRebalanceListenerInvoker","thread":"org.springframework.kafka.KafkaListenerEndpointContainer#0-0-C-1","level":"INFO","level_value":20000}
{"timestamp":"2026-02-13T00:10:49.4827288-03:00","@version":"1","message":"billing-service-test: partitions assigned: []","logger":"org.springframework.kafka.listener.KafkaMessageListenerContainer","thread":"org.springframework.kafka.KafkaListenerEndpointContainer#0-0-C-1","level":"INFO","level_value":20000}
{"timestamp":"2026-02-13T00:10:49.4967714-03:00","@version":"1","message":"[Consumer clientId=consumer-billing-service-test-12, groupId=billing-service-test] Resetting offset for partition os-events-0 to position FetchPosition{offset=0, offsetEpoch=Optional.empty, currentLeader=LeaderAndEpoch{leader=Optional[localhost:9092 (id: 0 rack: null)], epoch=0}}.","logger":"org.apache.kafka.clients.consumer.internals.SubscriptionState","thread":"org.springframework.kafka.KafkaListenerEndpointContainer#1-0-C-1","level":"INFO","level_value":20000}
{"timestamp":"2026-02-13T00:10:49.4977697-03:00","@version":"1","message":"billing-service-test: partitions assigned: [os-events-0]","logger":"org.springframework.kafka.listener.KafkaMessageListenerContainer","thread":"org.springframework.kafka.KafkaListenerEndpointContainer#1-0-C-1","level":"INFO","level_value":20000}
{"timestamp":"2026-02-13T00:10:50.8482148-03:00","@version":"1","message":"\uD83D\uDCCA Kafka Metrics configurado para monitoramento - Billing Service","logger":"br.com.grupo99.billingservice.infrastructure.config.KafkaMetricsConfig","thread":"main","level":"INFO","level_value":20000}
{"timestamp":"2026-02-13T00:10:53.7198272-03:00","@version":"1","message":"Exposing 0 endpoints beneath base path '/actuator'","logger":"org.springframework.boot.actuate.endpoint.web.EndpointLinksResolver","thread":"main","level":"INFO","level_value":20000}
{"timestamp":"2026-02-13T00:10:54.0241011-03:00","@version":"1","message":"You are asking Spring Security to ignore Deferred [Mvc [pattern='/api/v1/auth/**'], Ant [pattern='/api/v1/auth/**']]. This is not recommended -- please use permitAll via HttpSecurity#authorizeHttpRequests instead.","logger":"org.springframework.security.config.annotation.web.builders.WebSecurity","thread":"main","level":"WARN","level_value":30000}
{"timestamp":"2026-02-13T00:10:54.0251013-03:00","@version":"1","message":"You are asking Spring Security to ignore Deferred [Mvc [pattern='/actuator/health/**'], Ant [pattern='/actuator/health/**']]. This is not recommended -- please use permitAll via HttpSecurity#authorizeHttpRequests instead.","logger":"org.springframework.security.config.annotation.web.builders.WebSecurity","thread":"main","level":"WARN","level_value":30000}
{"timestamp":"2026-02-13T00:10:54.0260998-03:00","@version":"1","message":"You are asking Spring Security to ignore Deferred [Mvc [pattern='/actuator/health'], Ant [pattern='/actuator/health']]. This is not recommended -- please use permitAll via HttpSecurity#authorizeHttpRequests instead.","logger":"org.springframework.security.config.annotation.web.builders.WebSecurity","thread":"main","level":"WARN","level_value":30000}
{"timestamp":"2026-02-13T00:10:54.0270978-03:00","@version":"1","message":"You are asking Spring Security to ignore Deferred [Mvc [pattern='/swagger-ui.html'], Ant [pattern='/swagger-ui.html']]. This is not recommended -- please use permitAll via HttpSecurity#authorizeHttpRequests instead.","logger":"org.springframework.security.config.annotation.web.builders.WebSecurity","thread":"main","level":"WARN","level_value":30000}
{"timestamp":"2026-02-13T00:10:54.0270978-03:00","@version":"1","message":"You are asking Spring Security to ignore Deferred [Mvc [pattern='/swagger-ui/**'], Ant [pattern='/swagger-ui/**']]. This is not recommended -- please use permitAll via HttpSecurity#authorizeHttpRequests instead.","logger":"org.springframework.security.config.annotation.web.builders.WebSecurity","thread":"main","level":"WARN","level_value":30000}
{"timestamp":"2026-02-13T00:10:54.0270978-03:00","@version":"1","message":"You are asking Spring Security to ignore Deferred [Mvc [pattern='/api-docs/**'], Ant [pattern='/api-docs/**']]. This is not recommended -- please use permitAll via HttpSecurity#authorizeHttpRequests instead.","logger":"org.springframework.security.config.annotation.web.builders.WebSecurity","thread":"main","level":"WARN","level_value":30000}
{"timestamp":"2026-02-13T00:10:54.0280996-03:00","@version":"1","message":"You are asking Spring Security to ignore Deferred [Mvc [pattern='/v3/api-docs/**'], Ant [pattern='/v3/api-docs/**']]. This is not recommended -- please use permitAll via HttpSecurity#authorizeHttpRequests instead.","logger":"org.springframework.security.config.annotation.web.builders.WebSecurity","thread":"main","level":"WARN","level_value":30000}
{"timestamp":"2026-02-13T00:10:54.0280996-03:00","@version":"1","message":"You are asking Spring Security to ignore Deferred [Mvc [pattern='/swagger-resources'], Ant [pattern='/swagger-resources']]. This is not recommended -- please use permitAll via HttpSecurity#authorizeHttpRequests instead.","logger":"org.springframework.security.config.annotation.web.builders.WebSecurity","thread":"main","level":"WARN","level_value":30000}
{"timestamp":"2026-02-13T00:10:54.0280996-03:00","@version":"1","message":"You are asking Spring Security to ignore Deferred [Mvc [pattern='/swagger-resources/**'], Ant [pattern='/swagger-resources/**']]. This is not recommended -- please use permitAll via HttpSecurity#authorizeHttpRequests instead.","logger":"org.springframework.security.config.annotation.web.builders.WebSecurity","thread":"main","level":"WARN","level_value":30000}
{"timestamp":"2026-02-13T00:10:54.0280996-03:00","@version":"1","message":"You are asking Spring Security to ignore Deferred [Mvc [pattern='/configuration/ui'], Ant [pattern='/configuration/ui']]. This is not recommended -- please use permitAll via HttpSecurity#authorizeHttpRequests instead.","logger":"org.springframework.security.config.annotation.web.builders.WebSecurity","thread":"main","level":"WARN","level_value":30000}
{"timestamp":"2026-02-13T00:10:54.0291008-03:00","@version":"1","message":"You are asking Spring Security to ignore Deferred [Mvc [pattern='/configuration/security'], Ant [pattern='/configuration/security']]. This is not recommended -- please use permitAll via HttpSecurity#authorizeHttpRequests instead.","logger":"org.springframework.security.config.annotation.web.builders.WebSecurity","thread":"main","level":"WARN","level_value":30000}
{"timestamp":"2026-02-13T00:10:54.0291008-03:00","@version":"1","message":"You are asking Spring Security to ignore Deferred [Mvc [pattern='/webjars/**'], Ant [pattern='/webjars/**']]. This is not recommended -- please use permitAll via HttpSecurity#authorizeHttpRequests instead.","logger":"org.springframework.security.config.annotation.web.builders.WebSecurity","thread":"main","level":"WARN","level_value":30000}
{"timestamp":"2026-02-13T00:10:56.1132238-03:00","@version":"1","message":"AdminClientConfig values: \r\n\tauto.include.jmx.reporter = true\r\n\tbootstrap.controllers = []\r\n\tbootstrap.servers = [127.0.0.1:9092]\r\n\tclient.dns.lookup = use_all_dns_ips\r\n\tclient.id = billing-service-test-admin-2\r\n\tconnections.max.idle.ms = 300000\r\n\tdefault.api.timeout.ms = 60000\r\n\tenable.metrics.push = true\r\n\tmetadata.max.age.ms = 300000\r\n\tmetric.reporters = []\r\n\tmetrics.num.samples = 2\r\n\tmetrics.recording.level = INFO\r\n\tmetrics.sample.window.ms = 30000\r\n\treceive.buffer.bytes = 65536\r\n\treconnect.backoff.max.ms = 1000\r\n\treconnect.backoff.ms = 50\r\n\trequest.timeout.ms = 30000\r\n\tretries = 2147483647\r\n\tretry.backoff.max.ms = 1000\r\n\tretry.backoff.ms = 100\r\n\tsasl.client.callback.handler.class = null\r\n\tsasl.jaas.config = null\r\n\tsasl.kerberos.kinit.cmd = /usr/bin/kinit\r\n\tsasl.kerberos.min.time.before.relogin = 60000\r\n\tsasl.kerberos.service.name = null\r\n\tsasl.kerberos.ticket.renew.jitter = 0.05\r\n\tsasl.kerberos.ticket.renew.window.factor = 0.8\r\n\tsasl.login.callback.handler.class = null\r\n\tsasl.login.class = null\r\n\tsasl.login.connect.timeout.ms = null\r\n\tsasl.login.read.timeout.ms = null\r\n\tsasl.login.refresh.buffer.seconds = 300\r\n\tsasl.login.refresh.min.period.seconds = 60\r\n\tsasl.login.refresh.window.factor = 0.8\r\n\tsasl.login.refresh.window.jitter = 0.05\r\n\tsasl.login.retry.backoff.max.ms = 10000\r\n\tsasl.login.retry.backoff.ms = 100\r\n\tsasl.mechanism = GSSAPI\r\n\tsasl.oauthbearer.clock.skew.seconds = 30\r\n\tsasl.oauthbearer.expected.audience = null\r\n\tsasl.oauthbearer.expected.issuer = null\r\n\tsasl.oauthbearer.jwks.endpoint.refresh.ms = 3600000\r\n\tsasl.oauthbearer.jwks.endpoint.retry.backoff.max.ms = 10000\r\n\tsasl.oauthbearer.jwks.endpoint.retry.backoff.ms = 100\r\n\tsasl.oauthbearer.jwks.endpoint.url = null\r\n\tsasl.oauthbearer.scope.claim.name = scope\r\n\tsasl.oauthbearer.sub.claim.name = sub\r\n\tsasl.oauthbearer.token.endpoint.url = null\r\n\tsecurity.protocol = PLAINTEXT\r\n\tsecurity.providers = null\r\n\tsend.buffer.bytes = 131072\r\n\tsocket.connection.setup.timeout.max.ms = 30000\r\n\tsocket.connection.setup.timeout.ms = 10000\r\n\tssl.cipher.suites = null\r\n\tssl.enabled.protocols = [TLSv1.2, TLSv1.3]\r\n\tssl.endpoint.identification.algorithm = https\r\n\tssl.engine.factory.class = null\r\n\tssl.key.password = null\r\n\tssl.keymanager.algorithm = SunX509\r\n\tssl.keystore.certificate.chain = null\r\n\tssl.keystore.key = null\r\n\tssl.keystore.location = null\r\n\tssl.keystore.password = null\r\n\tssl.keystore.type = JKS\r\n\tssl.protocol = TLSv1.3\r\n\tssl.provider = null\r\n\tssl.secure.random.implementation = null\r\n\tssl.trustmanager.algorithm = PKIX\r\n\tssl.truststore.certificates = null\r\n\tssl.truststore.location = null\r\n\tssl.truststore.password = null\r\n\tssl.truststore.type = JKS\r\n","logger":"org.apache.kafka.clients.admin.AdminClientConfig","thread":"main","level":"INFO","level_value":20000}
{"timestamp":"2026-02-13T00:10:56.1267476-03:00","@version":"1","message":"Kafka version: 3.7.2","logger":"org.apache.kafka.common.utils.AppInfoParser","thread":"main","level":"INFO","level_value":20000}
{"timestamp":"2026-02-13T00:10:56.1267476-03:00","@version":"1","message":"Kafka commitId: 79a8f2b5f44f9d5a","logger":"org.apache.kafka.common.utils.AppInfoParser","thread":"main","level":"INFO","level_value":20000}
{"timestamp":"2026-02-13T00:10:56.1267476-03:00","@version":"1","message":"Kafka startTimeMs: 1770952256126","logger":"org.apache.kafka.common.utils.AppInfoParser","thread":"main","level":"INFO","level_value":20000}
{"timestamp":"2026-02-13T00:10:56.1503004-03:00","@version":"1","message":"App info kafka.admin.client for billing-service-test-admin-2 unregistered","logger":"org.apache.kafka.common.utils.AppInfoParser","thread":"kafka-admin-client-thread | billing-service-test-admin-2","level":"INFO","level_value":20000}
{"timestamp":"2026-02-13T00:10:56.1578267-03:00","@version":"1","message":"Metrics scheduler closed","logger":"org.apache.kafka.common.metrics.Metrics","thread":"kafka-admin-client-thread | billing-service-test-admin-2","level":"INFO","level_value":20000}
{"timestamp":"2026-02-13T00:10:56.1578267-03:00","@version":"1","message":"Closing reporter org.apache.kafka.common.metrics.JmxReporter","logger":"org.apache.kafka.common.metrics.Metrics","thread":"kafka-admin-client-thread | billing-service-test-admin-2","level":"INFO","level_value":20000}
{"timestamp":"2026-02-13T00:10:56.1578267-03:00","@version":"1","message":"Metrics reporters closed","logger":"org.apache.kafka.common.metrics.Metrics","thread":"kafka-admin-client-thread | billing-service-test-admin-2","level":"INFO","level_value":20000}
{"timestamp":"2026-02-13T00:10:56.1658533-03:00","@version":"1","message":"ConsumerConfig values: \r\n\tallow.auto.create.topics = true\r\n\tauto.commit.interval.ms = 5000\r\n\tauto.include.jmx.reporter = true\r\n\tauto.offset.reset = earliest\r\n\tbootstrap.servers = [127.0.0.1:9092]\r\n\tcheck.crcs = true\r\n\tclient.dns.lookup = use_all_dns_ips\r\n\tclient.id = consumer-billing-service-test-15\r\n\tclient.rack = \r\n\tconnections.max.idle.ms = 540000\r\n\tdefault.api.timeout.ms = 60000\r\n\tenable.auto.commit = false\r\n\tenable.metrics.push = true\r\n\texclude.internal.topics = true\r\n\tfetch.max.bytes = 52428800\r\n\tfetch.max.wait.ms = 500\r\n\tfetch.min.bytes = 1\r\n\tgroup.id = billing-service-test\r\n\tgroup.instance.id = null\r\n\tgroup.protocol = classic\r\n\tgroup.remote.assignor = null\r\n\theartbeat.interval.ms = 15000\r\n\tinterceptor.classes = []\r\n\tinternal.leave.group.on.close = true\r\n\tinternal.throw.on.fetch.stable.offset.unsupported = false\r\n\tisolation.level = read_uncommitted\r\n\tkey.deserializer = class org.apache.kafka.common.serialization.StringDeserializer\r\n\tmax.partition.fetch.bytes = 1048576\r\n\tmax.poll.interval.ms = 300000\r\n\tmax.poll.records = 100\r\n\tmetadata.max.age.ms = 300000\r\n\tmetric.reporters = []\r\n\tmetrics.num.samples = 2\r\n\tmetrics.recording.level = INFO\r\n\tmetrics.sample.window.ms = 30000\r\n\tpartition.assignment.strategy = [class org.apache.kafka.clients.consumer.RangeAssignor, class org.apache.kafka.clients.consumer.CooperativeStickyAssignor]\r\n\treceive.buffer.bytes = 65536\r\n\treconnect.backoff.max.ms = 1000\r\n\treconnect.backoff.ms = 50\r\n\trequest.timeout.ms = 30000\r\n\tretry.backoff.max.ms = 1000\r\n\tretry.backoff.ms = 100\r\n\tsasl.client.callback.handler.class = null\r\n\tsasl.jaas.config = null\r\n\tsasl.kerberos.kinit.cmd = /usr/bin/kinit\r\n\tsasl.kerberos.min.time.before.relogin = 60000\r\n\tsasl.kerberos.service.name = null\r\n\tsasl.kerberos.ticket.renew.jitter = 0.05\r\n\tsasl.kerberos.ticket.renew.window.factor = 0.8\r\n\tsasl.login.callback.handler.class = null\r\n\tsasl.login.class = null\r\n\tsasl.login.connect.timeout.ms = null\r\n\tsasl.login.read.timeout.ms = null\r\n\tsasl.login.refresh.buffer.seconds = 300\r\n\tsasl.login.refresh.min.period.seconds = 60\r\n\tsasl.login.refresh.window.factor = 0.8\r\n\tsasl.login.refresh.window.jitter = 0.05\r\n\tsasl.login.retry.backoff.max.ms = 10000\r\n\tsasl.login.retry.backoff.ms = 100\r\n\tsasl.mechanism = GSSAPI\r\n\tsasl.oauthbearer.clock.skew.seconds = 30\r\n\tsasl.oauthbearer.expected.audience = null\r\n\tsasl.oauthbearer.expected.issuer = null\r\n\tsasl.oauthbearer.jwks.endpoint.refresh.ms = 3600000\r\n\tsasl.oauthbearer.jwks.endpoint.retry.backoff.max.ms = 10000\r\n\tsasl.oauthbearer.jwks.endpoint.retry.backoff.ms = 100\r\n\tsasl.oauthbearer.jwks.endpoint.url = null\r\n\tsasl.oauthbearer.scope.claim.name = scope\r\n\tsasl.oauthbearer.sub.claim.name = sub\r\n\tsasl.oauthbearer.token.endpoint.url = null\r\n\tsecurity.protocol = PLAINTEXT\r\n\tsecurity.providers = null\r\n\tsend.buffer.bytes = 131072\r\n\tsession.timeout.ms = 45000\r\n\tsocket.connection.setup.timeout.max.ms = 30000\r\n\tsocket.connection.setup.timeout.ms = 10000\r\n\tssl.cipher.suites = null\r\n\tssl.enabled.protocols = [TLSv1.2, TLSv1.3]\r\n\tssl.endpoint.identification.algorithm = https\r\n\tssl.engine.factory.class = null\r\n\tssl.key.password = null\r\n\tssl.keymanager.algorithm = SunX509\r\n\tssl.keystore.certificate.chain = null\r\n\tssl.keystore.key = null\r\n\tssl.keystore.location = null\r\n\tssl.keystore.password = null\r\n\tssl.keystore.type = JKS\r\n\tssl.protocol = TLSv1.3\r\n\tssl.provider = null\r\n\tssl.secure.random.implementation = null\r\n\tssl.trustmanager.algorithm = PKIX\r\n\tssl.truststore.certificates = null\r\n\tssl.truststore.location = null\r\n\tssl.truststore.password = null\r\n\tssl.truststore.type = JKS\r\n\tvalue.deserializer = class org.springframework.kafka.support.serializer.JsonDeserializer\r\n","logger":"org.apache.kafka.clients.consumer.ConsumerConfig","thread":"main","level":"INFO","level_value":20000}
{"timestamp":"2026-02-13T00:10:56.1668627-03:00","@version":"1","message":"initializing Kafka metrics collector","logger":"org.apache.kafka.common.telemetry.internals.KafkaMetricsCollector","thread":"main","level":"INFO","level_value":20000}
{"timestamp":"2026-02-13T00:10:56.1975849-03:00","@version":"1","message":"Kafka version: 3.7.2","logger":"org.apache.kafka.common.utils.AppInfoParser","thread":"main","level":"INFO","level_value":20000}
{"timestamp":"2026-02-13T00:10:56.1986699-03:00","@version":"1","message":"Kafka commitId: 79a8f2b5f44f9d5a","logger":"org.apache.kafka.common.utils.AppInfoParser","thread":"main","level":"INFO","level_value":20000}
{"timestamp":"2026-02-13T00:10:56.1986699-03:00","@version":"1","message":"Kafka startTimeMs: 1770952256197","logger":"org.apache.kafka.common.utils.AppInfoParser","thread":"main","level":"INFO","level_value":20000}
{"timestamp":"2026-02-13T00:10:56.1995947-03:00","@version":"1","message":"[Consumer clientId=consumer-billing-service-test-15, groupId=billing-service-test] Subscribed to topic(s): execution-events","logger":"org.apache.kafka.clients.consumer.internals.LegacyKafkaConsumer","thread":"main","level":"INFO","level_value":20000}
{"timestamp":"2026-02-13T00:10:56.2025824-03:00","@version":"1","message":"ConsumerConfig values: \r\n\tallow.auto.create.topics = true\r\n\tauto.commit.interval.ms = 5000\r\n\tauto.include.jmx.reporter = true\r\n\tauto.offset.reset = earliest\r\n\tbootstrap.servers = [127.0.0.1:9092]\r\n\tcheck.crcs = true\r\n\tclient.dns.lookup = use_all_dns_ips\r\n\tclient.id = consumer-billing-service-test-16\r\n\tclient.rack = \r\n\tconnections.max.idle.ms = 540000\r\n\tdefault.api.timeout.ms = 60000\r\n\tenable.auto.commit = false\r\n\tenable.metrics.push = true\r\n\texclude.internal.topics = true\r\n\tfetch.max.bytes = 52428800\r\n\tfetch.max.wait.ms = 500\r\n\tfetch.min.bytes = 1\r\n\tgroup.id = billing-service-test\r\n\tgroup.instance.id = null\r\n\tgroup.protocol = classic\r\n\tgroup.remote.assignor = null\r\n\theartbeat.interval.ms = 15000\r\n\tinterceptor.classes = []\r\n\tinternal.leave.group.on.close = true\r\n\tinternal.throw.on.fetch.stable.offset.unsupported = false\r\n\tisolation.level = read_uncommitted\r\n\tkey.deserializer = class org.apache.kafka.common.serialization.StringDeserializer\r\n\tmax.partition.fetch.bytes = 1048576\r\n\tmax.poll.interval.ms = 300000\r\n\tmax.poll.records = 100\r\n\tmetadata.max.age.ms = 300000\r\n\tmetric.reporters = []\r\n\tmetrics.num.samples = 2\r\n\tmetrics.recording.level = INFO\r\n\tmetrics.sample.window.ms = 30000\r\n\tpartition.assignment.strategy = [class org.apache.kafka.clients.consumer.RangeAssignor, class org.apache.kafka.clients.consumer.CooperativeStickyAssignor]\r\n\treceive.buffer.bytes = 65536\r\n\treconnect.backoff.max.ms = 1000\r\n\treconnect.backoff.ms = 50\r\n\trequest.timeout.ms = 30000\r\n\tretry.backoff.max.ms = 1000\r\n\tretry.backoff.ms = 100\r\n\tsasl.client.callback.handler.class = null\r\n\tsasl.jaas.config = null\r\n\tsasl.kerberos.kinit.cmd = /usr/bin/kinit\r\n\tsasl.kerberos.min.time.before.relogin = 60000\r\n\tsasl.kerberos.service.name = null\r\n\tsasl.kerberos.ticket.renew.jitter = 0.05\r\n\tsasl.kerberos.ticket.renew.window.factor = 0.8\r\n\tsasl.login.callback.handler.class = null\r\n\tsasl.login.class = null\r\n\tsasl.login.connect.timeout.ms = null\r\n\tsasl.login.read.timeout.ms = null\r\n\tsasl.login.refresh.buffer.seconds = 300\r\n\tsasl.login.refresh.min.period.seconds = 60\r\n\tsasl.login.refresh.window.factor = 0.8\r\n\tsasl.login.refresh.window.jitter = 0.05\r\n\tsasl.login.retry.backoff.max.ms = 10000\r\n\tsasl.login.retry.backoff.ms = 100\r\n\tsasl.mechanism = GSSAPI\r\n\tsasl.oauthbearer.clock.skew.seconds = 30\r\n\tsasl.oauthbearer.expected.audience = null\r\n\tsasl.oauthbearer.expected.issuer = null\r\n\tsasl.oauthbearer.jwks.endpoint.refresh.ms = 3600000\r\n\tsasl.oauthbearer.jwks.endpoint.retry.backoff.max.ms = 10000\r\n\tsasl.oauthbearer.jwks.endpoint.retry.backoff.ms = 100\r\n\tsasl.oauthbearer.jwks.endpoint.url = null\r\n\tsasl.oauthbearer.scope.claim.name = scope\r\n\tsasl.oauthbearer.sub.claim.name = sub\r\n\tsasl.oauthbearer.token.endpoint.url = null\r\n\tsecurity.protocol = PLAINTEXT\r\n\tsecurity.providers = null\r\n\tsend.buffer.bytes = 131072\r\n\tsession.timeout.ms = 45000\r\n\tsocket.connection.setup.timeout.max.ms = 30000\r\n\tsocket.connection.setup.timeout.ms = 10000\r\n\tssl.cipher.suites = null\r\n\tssl.enabled.protocols = [TLSv1.2, TLSv1.3]\r\n\tssl.endpoint.identification.algorithm = https\r\n\tssl.engine.factory.class = null\r\n\tssl.key.password = null\r\n\tssl.keymanager.algorithm = SunX509\r\n\tssl.keystore.certificate.chain = null\r\n\tssl.keystore.key = null\r\n\tssl.keystore.location = null\r\n\tssl.keystore.password = null\r\n\tssl.keystore.type = JKS\r\n\tssl.protocol = TLSv1.3\r\n\tssl.provider = null\r\n\tssl.secure.random.implementation = null\r\n\tssl.trustmanager.algorithm = PKIX\r\n\tssl.truststore.certificates = null\r\n\tssl.truststore.location = null\r\n\tssl.truststore.password = null\r\n\tssl.truststore.type = JKS\r\n\tvalue.deserializer = class org.springframework.kafka.support.serializer.JsonDeserializer\r\n","logger":"org.apache.kafka.clients.consumer.ConsumerConfig","thread":"main","level":"INFO","level_value":20000}
{"timestamp":"2026-02-13T00:10:56.2060925-03:00","@version":"1","message":"initializing Kafka metrics collector","logger":"org.apache.kafka.common.telemetry.internals.KafkaMetricsCollector","thread":"main","level":"INFO","level_value":20000}
{"timestamp":"2026-02-13T00:10:56.213631-03:00","@version":"1","message":"[Consumer clientId=consumer-billing-service-test-15, groupId=billing-service-test] Cluster ID: C79zkzX0RJircDXPvFyUTQ","logger":"org.apache.kafka.clients.Metadata","thread":"org.springframework.kafka.KafkaListenerEndpointContainer#0-0-C-1","level":"INFO","level_value":20000}
{"timestamp":"2026-02-13T00:10:56.2141392-03:00","@version":"1","message":"[Consumer clientId=consumer-billing-service-test-15, groupId=billing-service-test] Discovered group coordinator localhost:9092 (id: 2147483647 rack: null)","logger":"org.apache.kafka.clients.consumer.internals.ConsumerCoordinator","thread":"org.springframework.kafka.KafkaListenerEndpointContainer#0-0-C-1","level":"INFO","level_value":20000}
{"timestamp":"2026-02-13T00:10:56.215149-03:00","@version":"1","message":"[Consumer clientId=consumer-billing-service-test-15, groupId=billing-service-test] (Re-)joining group","logger":"org.apache.kafka.clients.consumer.internals.ConsumerCoordinator","thread":"org.springframework.kafka.KafkaListenerEndpointContainer#0-0-C-1","level":"INFO","level_value":20000}
{"timestamp":"2026-02-13T00:10:56.2236712-03:00","@version":"1","message":"Kafka version: 3.7.2","logger":"org.apache.kafka.common.utils.AppInfoParser","thread":"main","level":"INFO","level_value":20000}
{"timestamp":"2026-02-13T00:10:56.2236712-03:00","@version":"1","message":"Kafka commitId: 79a8f2b5f44f9d5a","logger":"org.apache.kafka.common.utils.AppInfoParser","thread":"main","level":"INFO","level_value":20000}
{"timestamp":"2026-02-13T00:10:56.2236712-03:00","@version":"1","message":"Kafka startTimeMs: 1770952256223","logger":"org.apache.kafka.common.utils.AppInfoParser","thread":"main","level":"INFO","level_value":20000}
{"timestamp":"2026-02-13T00:10:56.2246691-03:00","@version":"1","message":"[Consumer clientId=consumer-billing-service-test-16, groupId=billing-service-test] Subscribed to topic(s): execution-events","logger":"org.apache.kafka.clients.consumer.internals.LegacyKafkaConsumer","thread":"main","level":"INFO","level_value":20000}
{"timestamp":"2026-02-13T00:10:56.2246691-03:00","@version":"1","message":"[GroupCoordinator 0]: Dynamic member with unknown member id joins group billing-service-test in Stable state. Created a new member id consumer-billing-service-test-15-94422652-0e65-4a2e-8191-31f6561ba9b7 and request the member to rejoin with this id.","logger":"kafka.coordinator.group.GroupCoordinator","thread":"data-plane-kafka-request-handler-3","level":"INFO","level_value":20000}
{"timestamp":"2026-02-13T00:10:56.2256706-03:00","@version":"1","message":"[Consumer clientId=consumer-billing-service-test-15, groupId=billing-service-test] Request joining group due to: need to re-join with the given member-id: consumer-billing-service-test-15-94422652-0e65-4a2e-8191-31f6561ba9b7","logger":"org.apache.kafka.clients.consumer.internals.ConsumerCoordinator","thread":"org.springframework.kafka.KafkaListenerEndpointContainer#0-0-C-1","level":"INFO","level_value":20000}
{"timestamp":"2026-02-13T00:10:56.2266685-03:00","@version":"1","message":"[Consumer clientId=consumer-billing-service-test-15, groupId=billing-service-test] (Re-)joining group","logger":"org.apache.kafka.clients.consumer.internals.ConsumerCoordinator","thread":"org.springframework.kafka.KafkaListenerEndpointContainer#0-0-C-1","level":"INFO","level_value":20000}
{"timestamp":"2026-02-13T00:10:56.2281785-03:00","@version":"1","message":"ConsumerConfig values: \r\n\tallow.auto.create.topics = true\r\n\tauto.commit.interval.ms = 5000\r\n\tauto.include.jmx.reporter = true\r\n\tauto.offset.reset = earliest\r\n\tbootstrap.servers = [127.0.0.1:9092]\r\n\tcheck.crcs = true\r\n\tclient.dns.lookup = use_all_dns_ips\r\n\tclient.id = consumer-billing-service-test-17\r\n\tclient.rack = \r\n\tconnections.max.idle.ms = 540000\r\n\tdefault.api.timeout.ms = 60000\r\n\tenable.auto.commit = false\r\n\tenable.metrics.push = true\r\n\texclude.internal.topics = true\r\n\tfetch.max.bytes = 52428800\r\n\tfetch.max.wait.ms = 500\r\n\tfetch.min.bytes = 1\r\n\tgroup.id = billing-service-test\r\n\tgroup.instance.id = null\r\n\tgroup.protocol = classic\r\n\tgroup.remote.assignor = null\r\n\theartbeat.interval.ms = 15000\r\n\tinterceptor.classes = []\r\n\tinternal.leave.group.on.close = true\r\n\tinternal.throw.on.fetch.stable.offset.unsupported = false\r\n\tisolation.level = read_uncommitted\r\n\tkey.deserializer = class org.apache.kafka.common.serialization.StringDeserializer\r\n\tmax.partition.fetch.bytes = 1048576\r\n\tmax.poll.interval.ms = 300000\r\n\tmax.poll.records = 100\r\n\tmetadata.max.age.ms = 300000\r\n\tmetric.reporters = []\r\n\tmetrics.num.samples = 2\r\n\tmetrics.recording.level = INFO\r\n\tmetrics.sample.window.ms = 30000\r\n\tpartition.assignment.strategy = [class org.apache.kafka.clients.consumer.RangeAssignor, class org.apache.kafka.clients.consumer.CooperativeStickyAssignor]\r\n\treceive.buffer.bytes = 65536\r\n\treconnect.backoff.max.ms = 1000\r\n\treconnect.backoff.ms = 50\r\n\trequest.timeout.ms = 30000\r\n\tretry.backoff.max.ms = 1000\r\n\tretry.backoff.ms = 100\r\n\tsasl.client.callback.handler.class = null\r\n\tsasl.jaas.config = null\r\n\tsasl.kerberos.kinit.cmd = /usr/bin/kinit\r\n\tsasl.kerberos.min.time.before.relogin = 60000\r\n\tsasl.kerberos.service.name = null\r\n\tsasl.kerberos.ticket.renew.jitter = 0.05\r\n\tsasl.kerberos.ticket.renew.window.factor = 0.8\r\n\tsasl.login.callback.handler.class = null\r\n\tsasl.login.class = null\r\n\tsasl.login.connect.timeout.ms = null\r\n\tsasl.login.read.timeout.ms = null\r\n\tsasl.login.refresh.buffer.seconds = 300\r\n\tsasl.login.refresh.min.period.seconds = 60\r\n\tsasl.login.refresh.window.factor = 0.8\r\n\tsasl.login.refresh.window.jitter = 0.05\r\n\tsasl.login.retry.backoff.max.ms = 10000\r\n\tsasl.login.retry.backoff.ms = 100\r\n\tsasl.mechanism = GSSAPI\r\n\tsasl.oauthbearer.clock.skew.seconds = 30\r\n\tsasl.oauthbearer.expected.audience = null\r\n\tsasl.oauthbearer.expected.issuer = null\r\n\tsasl.oauthbearer.jwks.endpoint.refresh.ms = 3600000\r\n\tsasl.oauthbearer.jwks.endpoint.retry.backoff.max.ms = 10000\r\n\tsasl.oauthbearer.jwks.endpoint.retry.backoff.ms = 100\r\n\tsasl.oauthbearer.jwks.endpoint.url = null\r\n\tsasl.oauthbearer.scope.claim.name = scope\r\n\tsasl.oauthbearer.sub.claim.name = sub\r\n\tsasl.oauthbearer.token.endpoint.url = null\r\n\tsecurity.protocol = PLAINTEXT\r\n\tsecurity.providers = null\r\n\tsend.buffer.bytes = 131072\r\n\tsession.timeout.ms = 45000\r\n\tsocket.connection.setup.timeout.max.ms = 30000\r\n\tsocket.connection.setup.timeout.ms = 10000\r\n\tssl.cipher.suites = null\r\n\tssl.enabled.protocols = [TLSv1.2, TLSv1.3]\r\n\tssl.endpoint.identification.algorithm = https\r\n\tssl.engine.factory.class = null\r\n\tssl.key.password = null\r\n\tssl.keymanager.algorithm = SunX509\r\n\tssl.keystore.certificate.chain = null\r\n\tssl.keystore.key = null\r\n\tssl.keystore.location = null\r\n\tssl.keystore.password = null\r\n\tssl.keystore.type = JKS\r\n\tssl.protocol = TLSv1.3\r\n\tssl.provider = null\r\n\tssl.secure.random.implementation = null\r\n\tssl.trustmanager.algorithm = PKIX\r\n\tssl.truststore.certificates = null\r\n\tssl.truststore.location = null\r\n\tssl.truststore.password = null\r\n\tssl.truststore.type = JKS\r\n\tvalue.deserializer = class org.springframework.kafka.support.serializer.JsonDeserializer\r\n","logger":"org.apache.kafka.clients.consumer.ConsumerConfig","thread":"main","level":"INFO","level_value":20000}
{"timestamp":"2026-02-13T00:10:56.229188-03:00","@version":"1","message":"[GroupCoordinator 0]: Preparing to rebalance group billing-service-test in state PreparingRebalance with old generation 2 (__consumer_offsets-3) (reason: Adding new member consumer-billing-service-test-15-94422652-0e65-4a2e-8191-31f6561ba9b7 with group instance id None; client reason: need to re-join with the given member-id: consumer-billing-service-test-15-94422652-0e65-4a2e-8191-31f6561ba9b7)","logger":"kafka.coordinator.group.GroupCoordinator","thread":"data-plane-kafka-request-handler-1","level":"INFO","level_value":20000}
{"timestamp":"2026-02-13T00:10:56.2298317-03:00","@version":"1","message":"initializing Kafka metrics collector","logger":"org.apache.kafka.common.telemetry.internals.KafkaMetricsCollector","thread":"main","level":"INFO","level_value":20000}
{"timestamp":"2026-02-13T00:10:56.2358427-03:00","@version":"1","message":"[Consumer clientId=consumer-billing-service-test-16, groupId=billing-service-test] Cluster ID: C79zkzX0RJircDXPvFyUTQ","logger":"org.apache.kafka.clients.Metadata","thread":"org.springframework.kafka.KafkaListenerEndpointContainer#0-1-C-1","level":"INFO","level_value":20000}
{"timestamp":"2026-02-13T00:10:56.2368413-03:00","@version":"1","message":"[Consumer clientId=consumer-billing-service-test-16, groupId=billing-service-test] Discovered group coordinator localhost:9092 (id: 2147483647 rack: null)","logger":"org.apache.kafka.clients.consumer.internals.ConsumerCoordinator","thread":"org.springframework.kafka.KafkaListenerEndpointContainer#0-1-C-1","level":"INFO","level_value":20000}
{"timestamp":"2026-02-13T00:10:56.2378428-03:00","@version":"1","message":"[Consumer clientId=consumer-billing-service-test-16, groupId=billing-service-test] (Re-)joining group","logger":"org.apache.kafka.clients.consumer.internals.ConsumerCoordinator","thread":"org.springframework.kafka.KafkaListenerEndpointContainer#0-1-C-1","level":"INFO","level_value":20000}
{"timestamp":"2026-02-13T00:10:56.244695-03:00","@version":"1","message":"[GroupCoordinator 0]: Dynamic member with unknown member id joins group billing-service-test in PreparingRebalance state. Created a new member id consumer-billing-service-test-16-bac7c711-92c2-4cbf-8e8c-22fd8f65d52a and request the member to rejoin with this id.","logger":"kafka.coordinator.group.GroupCoordinator","thread":"data-plane-kafka-request-handler-4","level":"INFO","level_value":20000}
{"timestamp":"2026-02-13T00:10:56.245696-03:00","@version":"1","message":"[Consumer clientId=consumer-billing-service-test-16, groupId=billing-service-test] Request joining group due to: need to re-join with the given member-id: consumer-billing-service-test-16-bac7c711-92c2-4cbf-8e8c-22fd8f65d52a","logger":"org.apache.kafka.clients.consumer.internals.ConsumerCoordinator","thread":"org.springframework.kafka.KafkaListenerEndpointContainer#0-1-C-1","level":"INFO","level_value":20000}
{"timestamp":"2026-02-13T00:10:56.245696-03:00","@version":"1","message":"[Consumer clientId=consumer-billing-service-test-16, groupId=billing-service-test] (Re-)joining group","logger":"org.apache.kafka.clients.consumer.internals.ConsumerCoordinator","thread":"org.springframework.kafka.KafkaListenerEndpointContainer#0-1-C-1","level":"INFO","level_value":20000}
{"timestamp":"2026-02-13T00:10:56.2503869-03:00","@version":"1","message":"Kafka version: 3.7.2","logger":"org.apache.kafka.common.utils.AppInfoParser","thread":"main","level":"INFO","level_value":20000}
{"timestamp":"2026-02-13T00:10:56.2513777-03:00","@version":"1","message":"Kafka commitId: 79a8f2b5f44f9d5a","logger":"org.apache.kafka.common.utils.AppInfoParser","thread":"main","level":"INFO","level_value":20000}
{"timestamp":"2026-02-13T00:10:56.2513777-03:00","@version":"1","message":"Kafka startTimeMs: 1770952256250","logger":"org.apache.kafka.common.utils.AppInfoParser","thread":"main","level":"INFO","level_value":20000}
{"timestamp":"2026-02-13T00:10:56.2523801-03:00","@version":"1","message":"[Consumer clientId=consumer-billing-service-test-17, groupId=billing-service-test] Subscribed to topic(s): os-events","logger":"org.apache.kafka.clients.consumer.internals.LegacyKafkaConsumer","thread":"main","level":"INFO","level_value":20000}
{"timestamp":"2026-02-13T00:10:56.2568994-03:00","@version":"1","message":"ConsumerConfig values: \r\n\tallow.auto.create.topics = true\r\n\tauto.commit.interval.ms = 5000\r\n\tauto.include.jmx.reporter = true\r\n\tauto.offset.reset = earliest\r\n\tbootstrap.servers = [127.0.0.1:9092]\r\n\tcheck.crcs = true\r\n\tclient.dns.lookup = use_all_dns_ips\r\n\tclient.id = consumer-billing-service-test-18\r\n\tclient.rack = \r\n\tconnections.max.idle.ms = 540000\r\n\tdefault.api.timeout.ms = 60000\r\n\tenable.auto.commit = false\r\n\tenable.metrics.push = true\r\n\texclude.internal.topics = true\r\n\tfetch.max.bytes = 52428800\r\n\tfetch.max.wait.ms = 500\r\n\tfetch.min.bytes = 1\r\n\tgroup.id = billing-service-test\r\n\tgroup.instance.id = null\r\n\tgroup.protocol = classic\r\n\tgroup.remote.assignor = null\r\n\theartbeat.interval.ms = 15000\r\n\tinterceptor.classes = []\r\n\tinternal.leave.group.on.close = true\r\n\tinternal.throw.on.fetch.stable.offset.unsupported = false\r\n\tisolation.level = read_uncommitted\r\n\tkey.deserializer = class org.apache.kafka.common.serialization.StringDeserializer\r\n\tmax.partition.fetch.bytes = 1048576\r\n\tmax.poll.interval.ms = 300000\r\n\tmax.poll.records = 100\r\n\tmetadata.max.age.ms = 300000\r\n\tmetric.reporters = []\r\n\tmetrics.num.samples = 2\r\n\tmetrics.recording.level = INFO\r\n\tmetrics.sample.window.ms = 30000\r\n\tpartition.assignment.strategy = [class org.apache.kafka.clients.consumer.RangeAssignor, class org.apache.kafka.clients.consumer.CooperativeStickyAssignor]\r\n\treceive.buffer.bytes = 65536\r\n\treconnect.backoff.max.ms = 1000\r\n\treconnect.backoff.ms = 50\r\n\trequest.timeout.ms = 30000\r\n\tretry.backoff.max.ms = 1000\r\n\tretry.backoff.ms = 100\r\n\tsasl.client.callback.handler.class = null\r\n\tsasl.jaas.config = null\r\n\tsasl.kerberos.kinit.cmd = /usr/bin/kinit\r\n\tsasl.kerberos.min.time.before.relogin = 60000\r\n\tsasl.kerberos.service.name = null\r\n\tsasl.kerberos.ticket.renew.jitter = 0.05\r\n\tsasl.kerberos.ticket.renew.window.factor = 0.8\r\n\tsasl.login.callback.handler.class = null\r\n\tsasl.login.class = null\r\n\tsasl.login.connect.timeout.ms = null\r\n\tsasl.login.read.timeout.ms = null\r\n\tsasl.login.refresh.buffer.seconds = 300\r\n\tsasl.login.refresh.min.period.seconds = 60\r\n\tsasl.login.refresh.window.factor = 0.8\r\n\tsasl.login.refresh.window.jitter = 0.05\r\n\tsasl.login.retry.backoff.max.ms = 10000\r\n\tsasl.login.retry.backoff.ms = 100\r\n\tsasl.mechanism = GSSAPI\r\n\tsasl.oauthbearer.clock.skew.seconds = 30\r\n\tsasl.oauthbearer.expected.audience = null\r\n\tsasl.oauthbearer.expected.issuer = null\r\n\tsasl.oauthbearer.jwks.endpoint.refresh.ms = 3600000\r\n\tsasl.oauthbearer.jwks.endpoint.retry.backoff.max.ms = 10000\r\n\tsasl.oauthbearer.jwks.endpoint.retry.backoff.ms = 100\r\n\tsasl.oauthbearer.jwks.endpoint.url = null\r\n\tsasl.oauthbearer.scope.claim.name = scope\r\n\tsasl.oauthbearer.sub.claim.name = sub\r\n\tsasl.oauthbearer.token.endpoint.url = null\r\n\tsecurity.protocol = PLAINTEXT\r\n\tsecurity.providers = null\r\n\tsend.buffer.bytes = 131072\r\n\tsession.timeout.ms = 45000\r\n\tsocket.connection.setup.timeout.max.ms = 30000\r\n\tsocket.connection.setup.timeout.ms = 10000\r\n\tssl.cipher.suites = null\r\n\tssl.enabled.protocols = [TLSv1.2, TLSv1.3]\r\n\tssl.endpoint.identification.algorithm = https\r\n\tssl.engine.factory.class = null\r\n\tssl.key.password = null\r\n\tssl.keymanager.algorithm = SunX509\r\n\tssl.keystore.certificate.chain = null\r\n\tssl.keystore.key = null\r\n\tssl.keystore.location = null\r\n\tssl.keystore.password = null\r\n\tssl.keystore.type = JKS\r\n\tssl.protocol = TLSv1.3\r\n\tssl.provider = null\r\n\tssl.secure.random.implementation = null\r\n\tssl.trustmanager.algorithm = PKIX\r\n\tssl.truststore.certificates = null\r\n\tssl.truststore.location = null\r\n\tssl.truststore.password = null\r\n\tssl.truststore.type = JKS\r\n\tvalue.deserializer = class org.springframework.kafka.support.serializer.JsonDeserializer\r\n","logger":"org.apache.kafka.clients.consumer.ConsumerConfig","thread":"main","level":"INFO","level_value":20000}
{"timestamp":"2026-02-13T00:10:56.2581542-03:00","@version":"1","message":"initializing Kafka metrics collector","logger":"org.apache.kafka.common.telemetry.internals.KafkaMetricsCollector","thread":"main","level":"INFO","level_value":20000}
{"timestamp":"2026-02-13T00:10:56.263349-03:00","@version":"1","message":"[Consumer clientId=consumer-billing-service-test-17, groupId=billing-service-test] Cluster ID: C79zkzX0RJircDXPvFyUTQ","logger":"org.apache.kafka.clients.Metadata","thread":"org.springframework.kafka.KafkaListenerEndpointContainer#1-0-C-1","level":"INFO","level_value":20000}
{"timestamp":"2026-02-13T00:10:56.2643473-03:00","@version":"1","message":"[Consumer clientId=consumer-billing-service-test-17, groupId=billing-service-test] Discovered group coordinator localhost:9092 (id: 2147483647 rack: null)","logger":"org.apache.kafka.clients.consumer.internals.ConsumerCoordinator","thread":"org.springframework.kafka.KafkaListenerEndpointContainer#1-0-C-1","level":"INFO","level_value":20000}
{"timestamp":"2026-02-13T00:10:56.2653495-03:00","@version":"1","message":"[Consumer clientId=consumer-billing-service-test-17, groupId=billing-service-test] (Re-)joining group","logger":"org.apache.kafka.clients.consumer.internals.ConsumerCoordinator","thread":"org.springframework.kafka.KafkaListenerEndpointContainer#1-0-C-1","level":"INFO","level_value":20000}
{"timestamp":"2026-02-13T00:10:56.274868-03:00","@version":"1","message":"[GroupCoordinator 0]: Dynamic member with unknown member id joins group billing-service-test in PreparingRebalance state. Created a new member id consumer-billing-service-test-17-53a14771-e522-48db-b3a6-15e734817513 and request the member to rejoin with this id.","logger":"kafka.coordinator.group.GroupCoordinator","thread":"data-plane-kafka-request-handler-6","level":"INFO","level_value":20000}
{"timestamp":"2026-02-13T00:10:56.2763772-03:00","@version":"1","message":"[Consumer clientId=consumer-billing-service-test-17, groupId=billing-service-test] Request joining group due to: need to re-join with the given member-id: consumer-billing-service-test-17-53a14771-e522-48db-b3a6-15e734817513","logger":"org.apache.kafka.clients.consumer.internals.ConsumerCoordinator","thread":"org.springframework.kafka.KafkaListenerEndpointContainer#1-0-C-1","level":"INFO","level_value":20000}
{"timestamp":"2026-02-13T00:10:56.2763772-03:00","@version":"1","message":"Kafka version: 3.7.2","logger":"org.apache.kafka.common.utils.AppInfoParser","thread":"main","level":"INFO","level_value":20000}
{"timestamp":"2026-02-13T00:10:56.277387-03:00","@version":"1","message":"Kafka commitId: 79a8f2b5f44f9d5a","logger":"org.apache.kafka.common.utils.AppInfoParser","thread":"main","level":"INFO","level_value":20000}
{"timestamp":"2026-02-13T00:10:56.277387-03:00","@version":"1","message":"[Consumer clientId=consumer-billing-service-test-17, groupId=billing-service-test] (Re-)joining group","logger":"org.apache.kafka.clients.consumer.internals.ConsumerCoordinator","thread":"org.springframework.kafka.KafkaListenerEndpointContainer#1-0-C-1","level":"INFO","level_value":20000}
{"timestamp":"2026-02-13T00:10:56.277387-03:00","@version":"1","message":"Kafka startTimeMs: 1770952256276","logger":"org.apache.kafka.common.utils.AppInfoParser","thread":"main","level":"INFO","level_value":20000}
{"timestamp":"2026-02-13T00:10:56.277387-03:00","@version":"1","message":"[Consumer clientId=consumer-billing-service-test-18, groupId=billing-service-test] Subscribed to topic(s): os-events","logger":"org.apache.kafka.clients.consumer.internals.LegacyKafkaConsumer","thread":"main","level":"INFO","level_value":20000}
{"timestamp":"2026-02-13T00:10:56.2809048-03:00","@version":"1","message":"ConsumerConfig values: \r\n\tallow.auto.create.topics = true\r\n\tauto.commit.interval.ms = 5000\r\n\tauto.include.jmx.reporter = true\r\n\tauto.offset.reset = earliest\r\n\tbootstrap.servers = [127.0.0.1:9092]\r\n\tcheck.crcs = true\r\n\tclient.dns.lookup = use_all_dns_ips\r\n\tclient.id = consumer-billing-service-test-19\r\n\tclient.rack = \r\n\tconnections.max.idle.ms = 540000\r\n\tdefault.api.timeout.ms = 60000\r\n\tenable.auto.commit = false\r\n\tenable.metrics.push = true\r\n\texclude.internal.topics = true\r\n\tfetch.max.bytes = 52428800\r\n\tfetch.max.wait.ms = 500\r\n\tfetch.min.bytes = 1\r\n\tgroup.id = billing-service-test\r\n\tgroup.instance.id = null\r\n\tgroup.protocol = classic\r\n\tgroup.remote.assignor = null\r\n\theartbeat.interval.ms = 15000\r\n\tinterceptor.classes = []\r\n\tinternal.leave.group.on.close = true\r\n\tinternal.throw.on.fetch.stable.offset.unsupported = false\r\n\tisolation.level = read_uncommitted\r\n\tkey.deserializer = class org.apache.kafka.common.serialization.StringDeserializer\r\n\tmax.partition.fetch.bytes = 1048576\r\n\tmax.poll.interval.ms = 300000\r\n\tmax.poll.records = 100\r\n\tmetadata.max.age.ms = 300000\r\n\tmetric.reporters = []\r\n\tmetrics.num.samples = 2\r\n\tmetrics.recording.level = INFO\r\n\tmetrics.sample.window.ms = 30000\r\n\tpartition.assignment.strategy = [class org.apache.kafka.clients.consumer.RangeAssignor, class org.apache.kafka.clients.consumer.CooperativeStickyAssignor]\r\n\treceive.buffer.bytes = 65536\r\n\treconnect.backoff.max.ms = 1000\r\n\treconnect.backoff.ms = 50\r\n\trequest.timeout.ms = 30000\r\n\tretry.backoff.max.ms = 1000\r\n\tretry.backoff.ms = 100\r\n\tsasl.client.callback.handler.class = null\r\n\tsasl.jaas.config = null\r\n\tsasl.kerberos.kinit.cmd = /usr/bin/kinit\r\n\tsasl.kerberos.min.time.before.relogin = 60000\r\n\tsasl.kerberos.service.name = null\r\n\tsasl.kerberos.ticket.renew.jitter = 0.05\r\n\tsasl.kerberos.ticket.renew.window.factor = 0.8\r\n\tsasl.login.callback.handler.class = null\r\n\tsasl.login.class = null\r\n\tsasl.login.connect.timeout.ms = null\r\n\tsasl.login.read.timeout.ms = null\r\n\tsasl.login.refresh.buffer.seconds = 300\r\n\tsasl.login.refresh.min.period.seconds = 60\r\n\tsasl.login.refresh.window.factor = 0.8\r\n\tsasl.login.refresh.window.jitter = 0.05\r\n\tsasl.login.retry.backoff.max.ms = 10000\r\n\tsasl.login.retry.backoff.ms = 100\r\n\tsasl.mechanism = GSSAPI\r\n\tsasl.oauthbearer.clock.skew.seconds = 30\r\n\tsasl.oauthbearer.expected.audience = null\r\n\tsasl.oauthbearer.expected.issuer = null\r\n\tsasl.oauthbearer.jwks.endpoint.refresh.ms = 3600000\r\n\tsasl.oauthbearer.jwks.endpoint.retry.backoff.max.ms = 10000\r\n\tsasl.oauthbearer.jwks.endpoint.retry.backoff.ms = 100\r\n\tsasl.oauthbearer.jwks.endpoint.url = null\r\n\tsasl.oauthbearer.scope.claim.name = scope\r\n\tsasl.oauthbearer.sub.claim.name = sub\r\n\tsasl.oauthbearer.token.endpoint.url = null\r\n\tsecurity.protocol = PLAINTEXT\r\n\tsecurity.providers = null\r\n\tsend.buffer.bytes = 131072\r\n\tsession.timeout.ms = 45000\r\n\tsocket.connection.setup.timeout.max.ms = 30000\r\n\tsocket.connection.setup.timeout.ms = 10000\r\n\tssl.cipher.suites = null\r\n\tssl.enabled.protocols = [TLSv1.2, TLSv1.3]\r\n\tssl.endpoint.identification.algorithm = https\r\n\tssl.engine.factory.class = null\r\n\tssl.key.password = null\r\n\tssl.keymanager.algorithm = SunX509\r\n\tssl.keystore.certificate.chain = null\r\n\tssl.keystore.key = null\r\n\tssl.keystore.location = null\r\n\tssl.keystore.password = null\r\n\tssl.keystore.type = JKS\r\n\tssl.protocol = TLSv1.3\r\n\tssl.provider = null\r\
[...]
  &amp#27;[32mQuando &amp#27;[0m&amp#27;[32mo evento &amp#27;[0m&amp#27;[32m&amp#27;[1m"OS_CRIADA"&amp#27;[0m&amp#27;[32m é recebido novamente para a mesma OS&amp#27;[0m                 &amp#27;[90m# br.com.grupo99.billingservice.bdd.SagaOrcamentoSteps.eventoERecebidoNovamenteParaMesmaOS(java.lang.String)&amp#27;[0m
  &amp#27;[32mEntão &amp#27;[0m&amp#27;[32mo evento deve ser ignorado&amp#27;[0m                                                 &amp#27;[90m# br.com.grupo99.billingservice.bdd.SagaOrcamentoSteps.eventoDeveSerIgnorado()&amp#27;[0m
{"timestamp":"2026-02-13T00:10:57.3127655-03:00","@version":"1","message":"Buscando orcamento por osId: 550e8400-e29b-41d4-a716-446655440000","logger":"br.com.grupo99.billingservice.infrastructure.persistence.adapter.OrcamentoRepositoryAdapter","thread":"main","level":"DEBUG","level_value":10000}
  &amp#27;[32mE &amp#27;[0m&amp#27;[32mnenhum novo orçamento deve ser criado&amp#27;[0m                                          &amp#27;[90m# br.com.grupo99.billingservice.bdd.SagaOrcamentoSteps.nenhumNovoOrcamentoDeveSerCriado()&amp#27;[0m
  &amp#27;[32mE &amp#27;[0m&amp#27;[32mum log de duplicata deve ser registrado&amp#27;[0m                                        &amp#27;[90m# br.com.grupo99.billingservice.bdd.SagaOrcamentoSteps.umLogDeDuplicataDeveSerRegistrado()&amp#27;[0m
{"timestamp":"2026-02-13T00:10:57.3330653-03:00","@version":"1","message":"Finished test case Idempotência - Evento Duplicado de OS_CRIADA","logger":"io.cucumber.junit.platform.engine.CucumberEngineExecutionContext","thread":"main","level":"DEBUG","level_value":10000}
]]></system-out>
  </testcase>
  <testcase name="Validação - Orçamento Rejeitado pelo Cliente" classname="Saga Pattern - Orçamento e Pagamento" time="0.071">
    <system-out><![CDATA[{"timestamp":"2026-02-13T00:10:57.3340663-03:00","@version":"1","message":"Executing test case Validação - Orçamento Rejeitado pelo Cliente","logger":"io.cucumber.junit.platform.engine.CucumberEngineExecutionContext","thread":"main","level":"DEBUG","level_value":10000}
{"timestamp":"2026-02-13T00:10:57.3362154-03:00","@version":"1","message":"Could not detect default configuration classes for test class [br.com.grupo99.billingservice.bdd.SagaOrcamentoSteps]: SagaOrcamentoSteps does not declare any static, non-private, non-final, nested classes annotated with @Configuration.","logger":"org.springframework.test.context.support.AnnotationConfigContextLoaderUtils","thread":"main","level":"INFO","level_value":20000}
{"timestamp":"2026-02-13T00:10:57.3382247-03:00","@version":"1","message":"Found @SpringBootConfiguration br.com.grupo99.billingservice.BillingServiceApplication for test class br.com.grupo99.billingservice.bdd.SagaOrcamentoSteps","logger":"org.springframework.boot.test.context.SpringBootTestContextBootstrapper","thread":"main","level":"INFO","level_value":20000}

Cenário: Validação - Orçamento Rejeitado pelo Cliente &amp#27;[90m# features/saga_orcamento.feature:72&amp#27;[0m
  &amp#27;[32mDado &amp#27;[0m&amp#27;[32mque o Billing Service está disponível&amp#27;[0m          &amp#27;[90m# br.com.grupo99.billingservice.bdd.SagaOrcamentoSteps.queBillingServiceEstaDisponivel()&amp#27;[0m
  &amp#27;[32mE &amp#27;[0m&amp#27;[32ma fila &amp#27;[0m&amp#27;[32m&amp#27;[1m"billing-events-queue"&amp#27;[0m&amp#27;[32m está configurada&amp#27;[0m    &amp#27;[90m# br.com.grupo99.billingservice.bdd.SagaOrcamentoSteps.aFilaEstaConfigurada(java.lang.String)&amp#27;[0m
{"timestamp":"2026-02-13T00:10:57.3581068-03:00","@version":"1","message":"Salvando orcamento: c75fbe5a-88a2-4a40-9934-9bc6622c8476","logger":"br.com.grupo99.billingservice.infrastructure.persistence.adapter.OrcamentoRepositoryAdapter","thread":"main","level":"DEBUG","level_value":10000}
{"timestamp":"2026-02-13T00:10:57.3729568-03:00","@version":"1","message":"OrcamentoEntity salvo: c75fbe5a-88a2-4a40-9934-9bc6622c8476","logger":"br.com.grupo99.billingservice.infrastructure.persistence.repository.DynamoDbOrcamentoRepository","thread":"main","level":"DEBUG","level_value":10000}
  &amp#27;[32mDado &amp#27;[0m&amp#27;[32mque existe um orçamento com status &amp#27;[0m&amp#27;[32m&amp#27;[1m"PENDENTE"&amp#27;[0m  &amp#27;[90m# br.com.grupo99.billingservice.bdd.SagaOrcamentoSteps.queExisteUmOrcamentoComStatus(java.lang.String)&amp#27;[0m
{"timestamp":"2026-02-13T00:10:57.3738981-03:00","@version":"1","message":"Buscando orcamento por id: c75fbe5a-88a2-4a40-9934-9bc6622c8476","logger":"br.com.grupo99.billingservice.infrastructure.persistence.adapter.OrcamentoRepositoryAdapter","thread":"main","level":"DEBUG","level_value":10000}
{"timestamp":"2026-02-13T00:10:57.3854509-03:00","@version":"1","message":"Salvando orcamento: c75fbe5a-88a2-4a40-9934-9bc6622c8476","logger":"br.com.grupo99.billingservice.infrastructure.persistence.adapter.OrcamentoRepositoryAdapter","thread":"main","level":"DEBUG","level_value":10000}
{"timestamp":"2026-02-13T00:10:57.3984887-03:00","@version":"1","message":"OrcamentoEntity salvo: c75fbe5a-88a2-4a40-9934-9bc6622c8476","logger":"br.com.grupo99.billingservice.infrastructure.persistence.repository.DynamoDbOrcamentoRepository","thread":"main","level":"DEBUG","level_value":10000}
  &amp#27;[32mQuando &amp#27;[0m&amp#27;[32mo cliente rejeita o orçamento&amp#27;[0m                &amp#27;[90m# br.com.grupo99.billingservice.bdd.SagaOrcamentoSteps.clienteRejeitaOrcamento()&amp#27;[0m
  &amp#27;[32mEntão &amp#27;[0m&amp#27;[32mo status deve mudar para &amp#27;[0m&amp#27;[32m&amp#27;[1m"REJEITADO"&amp#27;[0m          &amp#27;[90m# br.com.grupo99.billingservice.bdd.SagaOrcamentoSteps.statusDeveMudarPara(java.lang.String)&amp#27;[0m
  &amp#27;[32mE &amp#27;[0m&amp#27;[32mo evento &amp#27;[0m&amp#27;[32m&amp#27;[1m"ORCAMENTO_REJEITADO"&amp#27;[0m&amp#27;[32m deve ser publicado&amp#27;[0m &amp#27;[90m# br.com.grupo99.billingservice.bdd.SagaOrcamentoSteps.eventoDeveSerPublicado(java.lang.String)&amp#27;[0m
  &amp#27;[32mE &amp#27;[0m&amp#27;[32mo motivo da rejeição deve estar registrado&amp#27;[0m        &amp#27;[90m# br.com.grupo99.billingservice.bdd.SagaOrcamentoSteps.motivoDaRejeicaoDeveEstarRegistrado()&amp#27;[0m
{"timestamp":"2026-02-13T00:10:57.4059589-03:00","@version":"1","message":"Finished test case Validação - Orçamento Rejeitado pelo Cliente","logger":"io.cucumber.junit.platform.engine.CucumberEngineExecutionContext","thread":"main","level":"DEBUG","level_value":10000}
]]></system-out>
  </testcase>
  <testcase name="Validação - Falha no Pagamento" classname="Saga Pattern - Orçamento e Pagamento" time="0.043">
    <system-out><![CDATA[{"timestamp":"2026-02-13T00:10:57.4068346-03:00","@version":"1","message":"Executing test case Validação - Falha no Pagamento","logger":"io.cucumber.junit.platform.engine.CucumberEngineExecutionContext","thread":"main","level":"DEBUG","level_value":10000}
{"timestamp":"2026-02-13T00:10:57.4086567-03:00","@version":"1","message":"Could not detect default configuration classes for test class [br.com.grupo99.billingservice.bdd.SagaOrcamentoSteps]: SagaOrcamentoSteps does not declare any static, non-private, non-final, nested classes annotated with @Configuration.","logger":"org.springframework.test.context.support.AnnotationConfigContextLoaderUtils","thread":"main","level":"INFO","level_value":20000}
{"timestamp":"2026-02-13T00:10:57.4106648-03:00","@version":"1","message":"Found @SpringBootConfiguration br.com.grupo99.billingservice.BillingServiceApplication for test class br.com.grupo99.billingservice.bdd.SagaOrcamentoSteps","logger":"org.springframework.boot.test.context.SpringBootTestContextBootstrapper","thread":"main","level":"INFO","level_value":20000}

Cenário: Validação - Falha no Pagamento                &amp#27;[90m# features/saga_orcamento.feature:79&amp#27;[0m
  &amp#27;[32mDado &amp#27;[0m&amp#27;[32mque o Billing Service está disponível&amp#27;[0m           &amp#27;[90m# br.com.grupo99.billingservice.bdd.SagaOrcamentoSteps.queBillingServiceEstaDisponivel()&amp#27;[0m
  &amp#27;[32mE &amp#27;[0m&amp#27;[32ma fila &amp#27;[0m&amp#27;[32m&amp#27;[1m"billing-events-queue"&amp#27;[0m&amp#27;[32m está configurada&amp#27;[0m     &amp#27;[90m# br.com.grupo99.billingservice.bdd.SagaOrcamentoSteps.aFilaEstaConfigurada(java.lang.String)&amp#27;[0m
{"timestamp":"2026-02-13T00:10:57.4260246-03:00","@version":"1","message":"Salvando orcamento: d5abb310-5eb7-400e-92c4-38d06dbcaf27","logger":"br.com.grupo99.billingservice.infrastructure.persistence.adapter.OrcamentoRepositoryAdapter","thread":"main","level":"DEBUG","level_value":10000}
{"timestamp":"2026-02-13T00:10:57.4404243-03:00","@version":"1","message":"OrcamentoEntity salvo: d5abb310-5eb7-400e-92c4-38d06dbcaf27","logger":"br.com.grupo99.billingservice.infrastructure.persistence.repository.DynamoDbOrcamentoRepository","thread":"main","level":"DEBUG","level_value":10000}
  &amp#27;[32mDado &amp#27;[0m&amp#27;[32mque existe um orçamento aprovado&amp#27;[0m                &amp#27;[90m# br.com.grupo99.billingservice.bdd.SagaOrcamentoSteps.queExisteUmOrcamentoAprovado()&amp#27;[0m
  &amp#27;[32mE &amp#27;[0m&amp#27;[32ma execução foi concluída&amp#27;[0m                           &amp#27;[90m# br.com.grupo99.billingservice.bdd.SagaOrcamentoSteps.aExecucaoFoiConcluida()&amp#27;[0m
  &amp#27;[32mQuando &amp#27;[0m&amp#27;[32mo processamento de pagamento falha&amp#27;[0m            &amp#27;[90m# br.com.grupo99.billingservice.bdd.SagaOrcamentoSteps.oProcessamentoDePagamentoFalha()&amp#27;[0m
  &amp#27;[32mEntão &amp#27;[0m&amp#27;[32mo evento &amp#27;[0m&amp#27;[32m&amp#27;[1m"PAGAMENTO_FALHOU"&amp#27;[0m&amp#27;[32m deve ser publicado&amp#27;[0m &amp#27;[90m# br.com.grupo99.billingservice.bdd.SagaOrcamentoSteps.eventoDeveSerPublicado(java.lang.String)&amp#27;[0m
  &amp#27;[32mE &amp#27;[0m&amp#27;[32mo orçamento deve manter o status &amp#27;[0m&amp#27;[32m&amp#27;[1m"APROVADO"&amp#27;[0m        &amp#27;[90m# br.com.grupo99.billingservice.bdd.SagaOrcamentoSteps.orcamentoDeveManterOStatus(java.lang.String)&amp#27;[0m
  &amp#27;[32mE &amp#27;[0m&amp#27;[32mo motivo da falha deve estar registrado&amp#27;[0m            &amp#27;[90m# br.com.grupo99.billingservice.bdd.SagaOrcamentoSteps.motivoDaFalhaDeveEstarRegistrado()&amp#27;[0m
  &amp#27;[32mE &amp#27;[0m&amp#27;[32mum alerta deve ser enviado para o gerente&amp#27;[0m          &amp#27;[90m# br.com.grupo99.billingservice.bdd.SagaOrcamentoSteps.umAlertaDeveSerEnviadoParaOGerente()&amp#27;[0m
{"timestamp":"2026-02-13T00:10:57.4486264-03:00","@version":"1","message":"Finished test case Validação - Falha no Pagamento","logger":"io.cucumber.junit.platform.engine.CucumberEngineExecutionContext","thread":"main","level":"DEBUG","level_value":10000}
]]></system-out>
  </testcase>
  <testcase name="Histórico - Rastreamento de Mudanças de Status" classname="Saga Pattern - Orçamento e Pagamento" time="0.039">
    <system-out><![CDATA[{"timestamp":"2026-02-13T00:10:57.4499771-03:00","@version":"1","message":"Executing test case Histórico - Rastreamento de Mudanças de Status","logger":"io.cucumber.junit.platform.engine.CucumberEngineExecutionContext","thread":"main","level":"DEBUG","level_value":10000}
{"timestamp":"2026-02-13T00:10:57.4516895-03:00","@version":"1","message":"Could not detect default configuration classes for test class [br.com.grupo99.billingservice.bdd.SagaOrcamentoSteps]: SagaOrcamentoSteps does not declare any static, non-private, non-final, nested classes annotated with @Configuration.","logger":"org.springframework.test.context.support.AnnotationConfigContextLoaderUtils","thread":"main","level":"INFO","level_value":20000}
{"timestamp":"2026-02-13T00:10:57.4535364-03:00","@version":"1","message":"Found @SpringBootConfiguration br.com.grupo99.billingservice.BillingServiceApplication for test class br.com.grupo99.billingservice.bdd.SagaOrcamentoSteps","logger":"org.springframework.boot.test.context.SpringBootTestContextBootstrapper","thread":"main","level":"INFO","level_value":20000}

Cenário: Histórico - Rastreamento de Mudanças de Status &amp#27;[90m# features/saga_orcamento.feature:88&amp#27;[0m
  &amp#27;[32mDado &amp#27;[0m&amp#27;[32mque o Billing Service está disponível&amp#27;[0m            &amp#27;[90m# br.com.grupo99.billingservice.bdd.SagaOrcamentoSteps.queBillingServiceEstaDisponivel()&amp#27;[0m
  &amp#27;[32mE &amp#27;[0m&amp#27;[32ma fila &amp#27;[0m&amp#27;[32m&amp#27;[1m"billing-events-queue"&amp#27;[0m&amp#27;[32m está configurada&amp#27;[0m      &amp#27;[90m# br.com.grupo99.billingservice.bdd.SagaOrcamentoSteps.aFilaEstaConfigurada(java.lang.String)&amp#27;[0m
{"timestamp":"2026-02-13T00:10:57.4700574-03:00","@version":"1","message":"Salvando orcamento: 875b2568-e675-41f6-b546-b3930d0b6549","logger":"br.com.grupo99.billingservice.infrastructure.persistence.adapter.OrcamentoRepositoryAdapter","thread":"main","level":"DEBUG","level_value":10000}
{"timestamp":"2026-02-13T00:10:57.4813919-03:00","@version":"1","message":"OrcamentoEntity salvo: 875b2568-e675-41f6-b546-b3930d0b6549","logger":"br.com.grupo99.billingservice.infrastructure.persistence.repository.DynamoDbOrcamentoRepository","thread":"main","level":"DEBUG","level_value":10000}
  &amp#27;[32mDado &amp#27;[0m&amp#27;[32mque um orçamento passou por todo o ciclo&amp#27;[0m         &amp#27;[90m# br.com.grupo99.billingservice.bdd.SagaOrcamentoSteps.queUmOrcamentoPassouPorTodoCiclo()&amp#27;[0m
  &amp#27;[32mQuando &amp#27;[0m&amp#27;[32meu consulto o histórico do orçamento&amp#27;[0m           &amp#27;[90m# br.com.grupo99.billingservice.bdd.SagaOrcamentoSteps.euConsultoOHistoricoDoOrcamento()&amp#27;[0m
  &amp#27;[32mEntão &amp#27;[0m&amp#27;[32mdeve haver registros de:&amp#27;[0m                        &amp#27;[90m# br.com.grupo99.billingservice.bdd.SagaOrcamentoSteps.deveHaverRegistrosDe(io.cucumber.datatable.DataTable)&amp#27;[0m
    | statusAnterior | statusNovo | motivo               |
    | null           | PENDENTE   | Orçamento criado     |
    | PENDENTE       | PENDENTE   | Diagnóstico recebido |
    | PENDENTE       | APROVADO   | Cliente aprovou      |
    | APROVADO       | CONFIRMADO | Pagamento processado |
  &amp#27;[32mE &amp#27;[0m&amp#27;[32mcada registro deve ter timestamp&amp#27;[0m                    &amp#27;[90m# br.com.grupo99.billingservice.bdd.SagaOrcamentoSteps.cadaRegistroDeveTerTimestamp()&amp#27;[0m
{"timestamp":"2026-02-13T00:10:57.4888985-03:00","@version":"1","message":"Finished test case Histórico - Rastreamento de Mudanças de Status","logger":"io.cucumber.junit.platform.engine.CucumberEngineExecutionContext","thread":"main","level":"DEBUG","level_value":10000}
]]></system-out>
  </testcase>
  <testcase name="Saga Completo - Happy Path do Billing" classname="Saga Pattern - Orçamento e Pagamento" time="0.077">
    <system-out><![CDATA[{"timestamp":"2026-02-13T00:10:57.4899097-03:00","@version":"1","message":"Executing test case Saga Completo - Happy Path do Billing","logger":"io.cucumber.junit.platform.engine.CucumberEngineExecutionContext","thread":"main","level":"DEBUG","level_value":10000}
{"timestamp":"2026-02-13T00:10:57.4944324-03:00","@version":"1","message":"Could not detect default configuration classes for test class [br.com.grupo99.billingservice.bdd.SagaOrcamentoSteps]: SagaOrcamentoSteps does not declare any static, non-private, non-final, nested classes annotated with @Configuration.","logger":"org.springframework.test.context.support.AnnotationConfigContextLoaderUtils","thread":"main","level":"INFO","level_value":20000}
{"timestamp":"2026-02-13T00:10:57.4959414-03:00","@version":"1","message":"Found @SpringBootConfiguration br.com.grupo99.billingservice.BillingServiceApplication for test class br.com.grupo99.billingservice.bdd.SagaOrcamentoSteps","logger":"org.springframework.boot.test.context.SpringBootTestContextBootstrapper","thread":"main","level":"INFO","level_value":20000}

Cenário: Saga Completo - Happy Path do Billing               &amp#27;[90m# features/saga_orcamento.feature:99&amp#27;[0m
  &amp#27;[32mDado &amp#27;[0m&amp#27;[32mque o Billing Service está disponível&amp#27;[0m                 &amp#27;[90m# br.com.grupo99.billingservice.bdd.SagaOrcamentoSteps.queBillingServiceEstaDisponivel()&amp#27;[0m
  &amp#27;[32mE &amp#27;[0m&amp#27;[32ma fila &amp#27;[0m&amp#27;[32m&amp#27;[1m"billing-events-queue"&amp#27;[0m&amp#27;[32m está configurada&amp#27;[0m           &amp#27;[90m# br.com.grupo99.billingservice.bdd.SagaOrcamentoSteps.aFilaEstaConfigurada(java.lang.String)&amp#27;[0m
{"timestamp":"2026-02-13T00:10:57.5196998-03:00","@version":"1","message":"Salvando orcamento: 87c11e08-f415-4182-ba26-8b9058a7c459","logger":"br.com.grupo99.billingservice.infrastructure.persistence.adapter.OrcamentoRepositoryAdapter","thread":"main","level":"DEBUG","level_value":10000}
{"timestamp":"2026-02-13T00:10:57.5317218-03:00","@version":"1","message":"OrcamentoEntity salvo: 87c11e08-f415-4182-ba26-8b9058a7c459","logger":"br.com.grupo99.billingservice.infrastructure.persistence.repository.DynamoDbOrcamentoRepository","thread":"main","level":"DEBUG","level_value":10000}
  &amp#27;[32mDado &amp#27;[0m&amp#27;[32mque o evento &amp#27;[0m&amp#27;[32m&amp#27;[1m"OS_CRIADA"&amp#27;[0m&amp#27;[32m foi recebido&amp#27;[0m                 &amp#27;[90m# br.com.grupo99.billingservice.bdd.SagaOrcamentoSteps.queOEventoFoiRecebido(java.lang.String)&amp#27;[0m
{"timestamp":"2026-02-13T00:10:57.5337314-03:00","@version":"1","message":"Buscando orcamento por id: 87c11e08-f415-4182-ba26-8b9058a7c459","logger":"br.com.grupo99.billingservice.infrastructure.persistence.adapter.OrcamentoRepositoryAdapter","thread":"main","level":"DEBUG","level_value":10000}
{"timestamp":"2026-02-13T00:10:57.544873-03:00","@version":"1","message":"Salvando orcamento: 87c11e08-f415-4182-ba26-8b9058a7c459","logger":"br.com.grupo99.billingservice.infrastructure.persistence.adapter.OrcamentoRepositoryAdapter","thread":"main","level":"DEBUG","level_value":10000}
{"timestamp":"2026-02-13T00:10:57.5596038-03:00","@version":"1","message":"OrcamentoEntity salvo: 87c11e08-f415-4182-ba26-8b9058a7c459","logger":"br.com.grupo99.billingservice.infrastructure.persistence.repository.DynamoDbOrcamentoRepository","thread":"main","level":"DEBUG","level_value":10000}
  &amp#27;[32mQuando &amp#27;[0m&amp#27;[32mtodos os passos do Saga são executados com sucesso:&amp#27;[0m &amp#27;[90m# br.com.grupo99.billingservice.bdd.SagaOrcamentoSteps.todosOsPassosDoSagaSaoExecutadosComSucesso(io.cucumber.datatable.DataTable)&amp#27;[0m
    | passo | evento                | status_resultado |
    | 1     | OS_CRIADA             | PENDENTE         |
    | 2     | DIAGNOSTICO_CONCLUIDO | PENDENTE         |
    | 3     | Cliente aprova        | APROVADO         |
    | 4     | EXECUCAO_FINALIZADA   | APROVADO         |
    | 5     | Processar pagamento   | CONFIRMADO       |
  &amp#27;[32mEntão &amp#27;[0m&amp#27;[32mo orçamento deve estar com status &amp#27;[0m&amp#27;[32m&amp#27;[1m"CONFIRMADO"&amp#27;[0m       &amp#27;[90m# br.com.grupo99.billingservice.bdd.SagaOrcamentoSteps.orcamentoDeveEstarComStatus(java.lang.String)&amp#27;[0m
  &amp#27;[32mE &amp#27;[0m&amp#27;[32mtodos os eventos devem ter sido publicados&amp#27;[0m               &amp#27;[90m# br.com.grupo99.billingservice.bdd.SagaOrcamentoSteps.todosOsEventosDevemTerSidoPublicados()&amp#27;[0m
  &amp#27;[32mE &amp#27;[0m&amp#27;[32mnenhuma compensação deve ter sido acionada&amp#27;[0m               &amp#27;[90m# br.com.grupo99.billingservice.bdd.SagaOrcamentoSteps.nenhumaCompensacaoDeveTerSidoAcionada()&amp#27;[0m
{"timestamp":"2026-02-13T00:10:57.5664234-03:00","@version":"1","message":"Finished test case Saga Completo - Happy Path do Billing","logger":"io.cucumber.junit.platform.engine.CucumberEngineExecutionContext","thread":"main","level":"DEBUG","level_value":10000}
]]></system-out>
  </testcase>
</testsuite>